2024-01-25 02:47:18,477 - node - INFO - Sender init complete. addr : 127.0.0.1
2024-01-25 02:47:23,562 - node - INFO - Sender init complete. addr : 127.0.0.1
2024-01-25 02:47:23,578 - node - INFO - init complete
2024-01-25 02:47:23,582 - node - INFO - broadcastb'\x00\x00\x00\x00\x01\x05\x00\x04\x7f\x00\x00\x01\x01\x00\x00\x00\x00\x00\x05\x03'
2024-01-25 02:47:25,586 - node - INFO - broadcastb'\x00\x00\x00\x01\x01\x05\x00\x04\x7f\x00\x00\x01\x01\x00\x00\x00\x00\x00\x05\x03'
2024-01-25 02:47:27,590 - node - INFO - broadcastb'\x00\x00\x00\x02\x01\x05\x00\x04\x7f\x00\x00\x01\x01\x00\x00\x00\x00\x00\x05\x03'
2024-01-25 02:47:29,593 - node - INFO - broadcastb'\x00\x00\x00\x03\x01\x05\x00\x04\x7f\x00\x00\x01\x01\x00\x00\x00\x00\x00\x05\x03'
2024-01-25 02:47:29,643 - node - WARNING - packet with out Raw
2024-01-25 02:47:29,644 - node - WARNING - packet with out Raw
2024-01-25 02:47:29,644 - node - WARNING - packet with out Raw
2024-01-25 02:47:29,645 - node - WARNING - packet with out Raw
2024-01-25 02:47:29,646 - node - WARNING - packet with out Raw
2024-01-25 02:47:29,647 - node - WARNING - packet with out Raw
2024-01-25 02:47:29,650 - node - WARNING - packet with out Raw
2024-01-25 02:47:29,651 - node - WARNING - packet with out Raw
2024-01-25 02:47:29,656 - node - WARNING - packet with out Raw
2024-01-25 02:47:29,671 - node - WARNING - packet with out Raw
2024-01-25 02:47:29,672 - node - WARNING - packet with out Raw
2024-01-25 02:47:29,672 - node - WARNING - packet with out Raw
2024-01-25 02:47:29,673 - node - WARNING - packet with out Raw
2024-01-25 02:47:29,673 - node - WARNING - packet with out Raw
2024-01-25 02:47:29,674 - node - WARNING - packet with out Raw
2024-01-25 02:47:29,687 - node - WARNING - packet with out Raw
2024-01-25 02:47:30,018 - node - WARNING - packet with out Raw
2024-01-25 02:47:30,018 - node - WARNING - packet with out Raw
2024-01-25 02:47:30,019 - node - WARNING - packet with out Raw
2024-01-25 02:47:30,020 - node - WARNING - packet with out Raw
2024-01-25 02:47:30,021 - node - WARNING - packet with out Raw
2024-01-25 02:47:30,021 - node - WARNING - packet with out Raw
2024-01-25 02:47:30,028 - node - WARNING - packet with out Raw
2024-01-25 02:47:30,029 - node - WARNING - packet with out Raw
2024-01-25 02:47:30,032 - node - WARNING - packet with out Raw
2024-01-25 02:47:30,033 - node - WARNING - packet with out Raw
2024-01-25 02:47:30,106 - node - WARNING - packet with out Raw
2024-01-25 02:47:30,107 - node - WARNING - packet with out Raw
2024-01-25 02:47:30,108 - node - WARNING - packet with out Raw
2024-01-25 02:47:30,109 - node - WARNING - packet with out Raw
2024-01-25 02:47:30,110 - node - WARNING - packet with out Raw
2024-01-25 02:47:30,111 - node - WARNING - packet with out Raw
2024-01-25 02:47:31,596 - node - INFO - broadcastb'\x00\x00\x00\x04\x01\x05\x00\x04\x7f\x00\x00\x01\x01\x00\x00\x00\x00\x00\x05\x03'
2024-01-25 02:47:33,600 - node - INFO - broadcastb'\x00\x00\x00\x05\x01\x05\x00\x04\x7f\x00\x00\x01\x01\x00\x00\x00\x00\x00\x05\x03'
2024-01-25 02:47:35,603 - node - INFO - broadcastb'\x00\x00\x00\x06\x01\x05\x00\x04\x7f\x00\x00\x01\x01\x00\x00\x00\x00\x00\x05\x03'
2024-01-25 02:47:37,607 - node - INFO - broadcastb'\x00\x00\x00\x07\x01\x05\x00\x04\x7f\x00\x00\x01\x01\x00\x00\x00\x00\x00\x05\x03'
2024-01-25 02:47:39,609 - node - INFO - broadcastb'\x00\x00\x00\x08\x01\x05\x00\x04\x7f\x00\x00\x01\x01\x00\x00\x00\x00\x00\x05\x03'
2024-01-25 02:47:41,119 - node - WARNING - packet with out Raw
2024-01-25 02:47:41,120 - node - WARNING - packet with out Raw
2024-01-25 02:47:41,122 - node - WARNING - packet with out Raw
2024-01-25 02:47:41,123 - node - WARNING - packet with out Raw
2024-01-25 02:47:41,129 - node - WARNING - packet with out Raw
2024-01-25 02:47:41,130 - node - WARNING - packet with out Raw
2024-01-25 02:47:41,139 - node - WARNING - packet with out Raw
2024-01-25 02:47:41,140 - node - WARNING - packet with out Raw
2024-01-25 02:47:41,611 - node - INFO - broadcastb'\x00\x00\x00\t\x01\x05\x00\x04\x7f\x00\x00\x01\x01\x00\x00\x00\x00\x00\x05\x03'
2024-01-25 02:47:43,615 - node - INFO - broadcastb'\x00\x00\x00\n\x01\x05\x00\x04\x7f\x00\x00\x01\x01\x00\x00\x00\x00\x00\x05\x03'
2024-01-25 02:47:45,619 - node - INFO - broadcastb'\x00\x00\x00\x0b\x01\x05\x00\x04\x7f\x00\x00\x01\x01\x00\x00\x00\x00\x00\x05\x03'
2024-01-25 02:47:47,623 - node - INFO - broadcastb'\x00\x00\x00\x0c\x01\x05\x00\x04\x7f\x00\x00\x01\x01\x00\x00\x00\x00\x00\x05\x03'
2024-01-25 02:47:49,626 - node - INFO - broadcastb'\x00\x00\x00\r\x01\x05\x00\x04\x7f\x00\x00\x01\x01\x00\x00\x00\x00\x00\x05\x03'
2024-01-25 02:47:51,633 - node - INFO - broadcastb'\x00\x00\x00\x0e\x01\x05\x00\x04\x7f\x00\x00\x01\x01\x00\x00\x00\x00\x00\x05\x03'
2024-01-25 02:47:53,636 - node - INFO - broadcastb'\x00\x00\x00\x0f\x01\x05\x00\x04\x7f\x00\x00\x01\x01\x00\x00\x00\x00\x00\x05\x03'
2024-01-25 02:47:55,640 - node - INFO - broadcastb'\x00\x00\x00\x10\x01\x05\x00\x04\x7f\x00\x00\x01\x01\x00\x00\x00\x00\x00\x05\x03'
2024-01-25 02:47:57,645 - node - INFO - broadcastb'\x00\x00\x00\x11\x01\x05\x00\x04\x7f\x00\x00\x01\x01\x00\x00\x00\x00\x00\x05\x03'
2024-01-25 02:47:59,652 - node - INFO - broadcastb'\x00\x00\x00\x12\x01\x05\x00\x04\x7f\x00\x00\x01\x01\x00\x00\x00\x00\x00\x05\x03'
2024-01-25 02:48:01,658 - node - INFO - broadcastb'\x00\x00\x00\x13\x01\x05\x00\x04\x7f\x00\x00\x01\x01\x00\x00\x00\x00\x00\x05\x03'
2024-01-25 02:48:03,661 - node - INFO - broadcastb'\x00\x00\x00\x14\x01\x05\x00\x04\x7f\x00\x00\x01\x01\x00\x00\x00\x00\x00\x05\x03'
2024-01-25 02:48:05,666 - node - INFO - broadcastb'\x00\x00\x00\x15\x01\x05\x00\x04\x7f\x00\x00\x01\x01\x00\x00\x00\x00\x00\x05\x03'
2024-01-25 02:48:07,669 - node - INFO - broadcastb'\x00\x00\x00\x16\x01\x05\x00\x04\x7f\x00\x00\x01\x01\x00\x00\x00\x00\x00\x05\x03'
2024-01-25 02:48:09,674 - node - INFO - broadcastb'\x00\x00\x00\x17\x01\x05\x00\x04\x7f\x00\x00\x01\x01\x00\x00\x00\x00\x00\x05\x03'
2024-01-25 02:48:11,678 - node - INFO - broadcastb'\x00\x00\x00\x18\x01\x05\x00\x04\x7f\x00\x00\x01\x01\x00\x00\x00\x00\x00\x05\x03'
2024-01-25 02:48:13,681 - node - INFO - broadcastb'\x00\x00\x00\x19\x01\x05\x00\x04\x7f\x00\x00\x01\x01\x00\x00\x00\x00\x00\x05\x03'
2024-01-25 02:48:15,684 - node - INFO - broadcastb'\x00\x00\x00\x1a\x01\x05\x00\x04\x7f\x00\x00\x01\x01\x00\x00\x00\x00\x00\x05\x03'
2024-01-25 02:48:16,814 - node - INFO - keyboard interrupt
