2024-01-25 23:28:18,763 - node - INFO - Sender init complete. addr : 127.0.0.1
2024-01-25 23:28:20,820 - node - INFO - Sender init complete. addr : 127.0.0.1
2024-01-25 23:28:20,839 - node - INFO - init complete
2024-01-25 23:28:20,846 - node - INFO - broadcastb'\x00\x00\x00\x01\x01\x05\x00\x04\x7f\x00\x00\x01\x01\x00\x00\x00\x00\x00\x05\x03'
2024-01-25 23:28:22,634 - node - INFO - packet enqueued {packet[Raw].load}
2024-01-25 23:28:22,636 - node - INFO - packet enqueued {packet[Raw].load}
2024-01-25 23:28:22,638 - node - INFO - packet enqueued {packet[Raw].load}
2024-01-25 23:28:22,639 - node - WARNING - packet with out TCP or UDP
2024-01-25 23:28:22,640 - node - INFO - packet enqueued {packet[Raw].load}
2024-01-25 23:28:22,640 - node - WARNING - packet with out TCP or UDP
2024-01-25 23:28:22,849 - node - INFO - broadcastb'\x00\x00\x00\x03\x01\x05\x00\x04\x7f\x00\x00\x01\x01\x00\x00\x00\x00\x00\x05\x03'
2024-01-25 23:28:22,936 - node - INFO - packet enqueued {packet[Raw].load}
2024-01-25 23:28:22,937 - node - INFO - packet enqueued {packet[Raw].load}
2024-01-25 23:28:22,939 - node - INFO - packet enqueued {packet[Raw].load}
2024-01-25 23:28:22,940 - node - WARNING - packet with out TCP or UDP
2024-01-25 23:28:22,941 - node - INFO - packet enqueued {packet[Raw].load}
2024-01-25 23:28:22,941 - node - WARNING - packet with out TCP or UDP
2024-01-25 23:28:22,980 - node - WARNING - packet with out Raw
2024-01-25 23:28:22,982 - node - WARNING - packet with out Raw
2024-01-25 23:28:22,983 - node - WARNING - packet with out Raw
2024-01-25 23:28:22,986 - node - WARNING - packet with out Raw
2024-01-25 23:28:23,024 - node - WARNING - packet with out Raw
2024-01-25 23:28:23,026 - node - WARNING - packet with out Raw
2024-01-25 23:28:23,031 - node - WARNING - packet with out Raw
2024-01-25 23:28:23,034 - node - WARNING - packet with out Raw
2024-01-25 23:28:23,236 - node - INFO - packet enqueued {packet[Raw].load}
2024-01-25 23:28:23,237 - node - INFO - packet enqueued {packet[Raw].load}
2024-01-25 23:28:23,239 - node - INFO - packet enqueued {packet[Raw].load}
2024-01-25 23:28:23,239 - node - WARNING - packet with out TCP or UDP
2024-01-25 23:28:23,240 - node - INFO - packet enqueued {packet[Raw].load}
2024-01-25 23:28:23,241 - node - WARNING - packet with out TCP or UDP
2024-01-25 23:28:23,537 - node - INFO - packet enqueued {packet[Raw].load}
2024-01-25 23:28:23,538 - node - INFO - packet enqueued {packet[Raw].load}
2024-01-25 23:28:23,540 - node - INFO - packet enqueued {packet[Raw].load}
2024-01-25 23:28:23,541 - node - WARNING - packet with out TCP or UDP
2024-01-25 23:28:23,543 - node - INFO - packet enqueued {packet[Raw].load}
2024-01-25 23:28:23,543 - node - WARNING - packet with out TCP or UDP
2024-01-25 23:28:23,589 - node - WARNING - packet with out Raw
2024-01-25 23:28:23,590 - node - WARNING - packet with out Raw
2024-01-25 23:28:23,591 - node - WARNING - packet with out Raw
2024-01-25 23:28:23,592 - node - WARNING - packet with out Raw
2024-01-25 23:28:23,634 - node - WARNING - packet with out Raw
2024-01-25 23:28:23,635 - node - WARNING - packet with out Raw
2024-01-25 23:28:23,637 - node - WARNING - packet with out Raw
2024-01-25 23:28:23,638 - node - WARNING - packet with out Raw
2024-01-25 23:28:23,837 - node - INFO - packet enqueued {packet[Raw].load}
2024-01-25 23:28:23,838 - node - INFO - packet enqueued {packet[Raw].load}
2024-01-25 23:28:23,841 - node - INFO - packet enqueued {packet[Raw].load}
2024-01-25 23:28:23,841 - node - WARNING - packet with out TCP or UDP
2024-01-25 23:28:23,843 - node - INFO - packet enqueued {packet[Raw].load}
2024-01-25 23:28:23,843 - node - WARNING - packet with out TCP or UDP
2024-01-25 23:28:24,138 - node - INFO - packet enqueued {packet[Raw].load}
2024-01-25 23:28:24,139 - node - INFO - packet enqueued {packet[Raw].load}
2024-01-25 23:28:24,140 - node - INFO - packet enqueued {packet[Raw].load}
2024-01-25 23:28:24,140 - node - WARNING - packet with out TCP or UDP
2024-01-25 23:28:24,142 - node - INFO - packet enqueued {packet[Raw].load}
2024-01-25 23:28:24,142 - node - WARNING - packet with out TCP or UDP
2024-01-25 23:28:24,438 - node - INFO - packet enqueued {packet[Raw].load}
2024-01-25 23:28:24,442 - node - INFO - packet enqueued {packet[Raw].load}
2024-01-25 23:28:24,444 - node - INFO - packet enqueued {packet[Raw].load}
2024-01-25 23:28:24,444 - node - WARNING - packet with out TCP or UDP
2024-01-25 23:28:24,446 - node - INFO - packet enqueued {packet[Raw].load}
2024-01-25 23:28:24,446 - node - WARNING - packet with out TCP or UDP
2024-01-25 23:28:24,739 - node - INFO - packet enqueued {packet[Raw].load}
2024-01-25 23:28:24,740 - node - INFO - packet enqueued {packet[Raw].load}
2024-01-25 23:28:24,741 - node - INFO - packet enqueued {packet[Raw].load}
2024-01-25 23:28:24,742 - node - WARNING - packet with out TCP or UDP
2024-01-25 23:28:24,743 - node - INFO - packet enqueued {packet[Raw].load}
2024-01-25 23:28:24,743 - node - WARNING - packet with out TCP or UDP
2024-01-25 23:28:24,852 - node - INFO - broadcastb'\x00\x00\x00\x05\x01\x05\x00\x04\x7f\x00\x00\x01\x01\x00\x00\x00\x00\x00\x05\x03'
2024-01-25 23:28:25,039 - node - INFO - packet enqueued {packet[Raw].load}
2024-01-25 23:28:25,040 - node - INFO - packet enqueued {packet[Raw].load}
2024-01-25 23:28:25,042 - node - INFO - packet enqueued {packet[Raw].load}
2024-01-25 23:28:25,043 - node - WARNING - packet with out TCP or UDP
2024-01-25 23:28:25,045 - node - INFO - packet enqueued {packet[Raw].load}
2024-01-25 23:28:25,045 - node - WARNING - packet with out TCP or UDP
2024-01-25 23:28:25,339 - node - INFO - packet enqueued {packet[Raw].load}
2024-01-25 23:28:25,340 - node - INFO - packet enqueued {packet[Raw].load}
2024-01-25 23:28:25,342 - node - INFO - packet enqueued {packet[Raw].load}
2024-01-25 23:28:25,343 - node - WARNING - packet with out TCP or UDP
2024-01-25 23:28:25,344 - node - INFO - packet enqueued {packet[Raw].load}
2024-01-25 23:28:25,344 - node - WARNING - packet with out TCP or UDP
2024-01-25 23:28:25,640 - node - INFO - packet enqueued {packet[Raw].load}
2024-01-25 23:28:25,641 - node - INFO - packet enqueued {packet[Raw].load}
2024-01-25 23:28:25,643 - node - INFO - packet enqueued {packet[Raw].load}
2024-01-25 23:28:25,643 - node - WARNING - packet with out TCP or UDP
2024-01-25 23:28:25,645 - node - INFO - packet enqueued {packet[Raw].load}
2024-01-25 23:28:25,645 - node - WARNING - packet with out TCP or UDP
2024-01-25 23:28:25,940 - node - INFO - packet enqueued {packet[Raw].load}
2024-01-25 23:28:25,941 - node - INFO - packet enqueued {packet[Raw].load}
2024-01-25 23:28:25,943 - node - INFO - packet enqueued {packet[Raw].load}
2024-01-25 23:28:25,944 - node - WARNING - packet with out TCP or UDP
2024-01-25 23:28:25,945 - node - INFO - packet enqueued {packet[Raw].load}
2024-01-25 23:28:25,946 - node - WARNING - packet with out TCP or UDP
2024-01-25 23:28:26,241 - node - INFO - packet enqueued {packet[Raw].load}
2024-01-25 23:28:26,242 - node - INFO - packet enqueued {packet[Raw].load}
2024-01-25 23:28:26,243 - node - INFO - packet enqueued {packet[Raw].load}
2024-01-25 23:28:26,243 - node - WARNING - packet with out TCP or UDP
2024-01-25 23:28:26,244 - node - INFO - packet enqueued {packet[Raw].load}
2024-01-25 23:28:26,244 - node - WARNING - packet with out TCP or UDP
2024-01-25 23:28:26,542 - node - INFO - packet enqueued {packet[Raw].load}
2024-01-25 23:28:26,543 - node - INFO - packet enqueued {packet[Raw].load}
2024-01-25 23:28:26,545 - node - INFO - packet enqueued {packet[Raw].load}
2024-01-25 23:28:26,545 - node - WARNING - packet with out TCP or UDP
2024-01-25 23:28:26,547 - node - INFO - packet enqueued {packet[Raw].load}
2024-01-25 23:28:26,547 - node - WARNING - packet with out TCP or UDP
2024-01-25 23:28:26,842 - node - INFO - packet enqueued {packet[Raw].load}
2024-01-25 23:28:26,843 - node - INFO - packet enqueued {packet[Raw].load}
2024-01-25 23:28:26,845 - node - INFO - packet enqueued {packet[Raw].load}
2024-01-25 23:28:26,845 - node - WARNING - packet with out TCP or UDP
2024-01-25 23:28:26,847 - node - INFO - packet enqueued {packet[Raw].load}
2024-01-25 23:28:26,847 - node - WARNING - packet with out TCP or UDP
2024-01-25 23:28:26,848 - node - WARNING - packet with out Raw
2024-01-25 23:28:26,849 - node - WARNING - packet with out Raw
2024-01-25 23:28:26,850 - node - WARNING - packet with out Raw
2024-01-25 23:28:26,851 - node - WARNING - packet with out Raw
2024-01-25 23:28:26,866 - node - INFO - broadcastb'\x00\x00\x00\x07\x01\x05\x00\x04\x7f\x00\x00\x01\x01\x00\x00\x00\x00\x00\x05\x03'
2024-01-25 23:28:26,892 - node - WARNING - packet with out Raw
2024-01-25 23:28:26,893 - node - WARNING - packet with out Raw
2024-01-25 23:28:26,896 - node - WARNING - packet with out Raw
2024-01-25 23:28:26,898 - node - WARNING - packet with out Raw
2024-01-25 23:28:27,142 - node - INFO - packet enqueued {packet[Raw].load}
2024-01-25 23:28:27,143 - node - INFO - packet enqueued {packet[Raw].load}
2024-01-25 23:28:27,145 - node - INFO - packet enqueued {packet[Raw].load}
2024-01-25 23:28:27,146 - node - WARNING - packet with out TCP or UDP
2024-01-25 23:28:27,147 - node - INFO - packet enqueued {packet[Raw].load}
2024-01-25 23:28:27,147 - node - WARNING - packet with out TCP or UDP
2024-01-25 23:28:27,443 - node - INFO - packet enqueued {packet[Raw].load}
2024-01-25 23:28:27,444 - node - INFO - packet enqueued {packet[Raw].load}
2024-01-25 23:28:27,446 - node - INFO - packet enqueued {packet[Raw].load}
2024-01-25 23:28:27,447 - node - WARNING - packet with out TCP or UDP
2024-01-25 23:28:27,448 - node - INFO - packet enqueued {packet[Raw].load}
2024-01-25 23:28:27,449 - node - WARNING - packet with out TCP or UDP
2024-01-25 23:28:27,743 - node - INFO - packet enqueued {packet[Raw].load}
2024-01-25 23:28:27,744 - node - INFO - packet enqueued {packet[Raw].load}
2024-01-25 23:28:27,746 - node - INFO - packet enqueued {packet[Raw].load}
2024-01-25 23:28:27,747 - node - WARNING - packet with out TCP or UDP
2024-01-25 23:28:27,748 - node - INFO - packet enqueued {packet[Raw].load}
2024-01-25 23:28:27,749 - node - WARNING - packet with out TCP or UDP
2024-01-25 23:28:28,044 - node - INFO - packet enqueued {packet[Raw].load}
2024-01-25 23:28:28,045 - node - INFO - packet enqueued {packet[Raw].load}
2024-01-25 23:28:28,048 - node - INFO - packet enqueued {packet[Raw].load}
2024-01-25 23:28:28,048 - node - WARNING - packet with out TCP or UDP
2024-01-25 23:28:28,051 - node - INFO - packet enqueued {packet[Raw].load}
2024-01-25 23:28:28,052 - node - WARNING - packet with out TCP or UDP
2024-01-25 23:28:28,345 - node - INFO - packet enqueued {packet[Raw].load}
2024-01-25 23:28:28,346 - node - INFO - packet enqueued {packet[Raw].load}
2024-01-25 23:28:28,347 - node - INFO - packet enqueued {packet[Raw].load}
2024-01-25 23:28:28,347 - node - WARNING - packet with out TCP or UDP
2024-01-25 23:28:28,349 - node - INFO - packet enqueued {packet[Raw].load}
2024-01-25 23:28:28,349 - node - WARNING - packet with out TCP or UDP
2024-01-25 23:28:28,645 - node - INFO - packet enqueued {packet[Raw].load}
2024-01-25 23:28:28,646 - node - INFO - packet enqueued {packet[Raw].load}
2024-01-25 23:28:28,648 - node - INFO - packet enqueued {packet[Raw].load}
2024-01-25 23:28:28,648 - node - WARNING - packet with out TCP or UDP
2024-01-25 23:28:28,650 - node - INFO - packet enqueued {packet[Raw].load}
2024-01-25 23:28:28,650 - node - WARNING - packet with out TCP or UDP
2024-01-25 23:28:28,868 - node - INFO - broadcastb'\x00\x00\x00\t\x01\x05\x00\x04\x7f\x00\x00\x01\x01\x00\x00\x00\x00\x00\x05\x03'
2024-01-25 23:28:28,945 - node - INFO - packet enqueued {packet[Raw].load}
2024-01-25 23:28:28,946 - node - INFO - packet enqueued {packet[Raw].load}
2024-01-25 23:28:28,948 - node - INFO - packet enqueued {packet[Raw].load}
2024-01-25 23:28:28,948 - node - WARNING - packet with out TCP or UDP
2024-01-25 23:28:28,950 - node - INFO - packet enqueued {packet[Raw].load}
2024-01-25 23:28:28,950 - node - WARNING - packet with out TCP or UDP
2024-01-25 23:28:29,246 - node - INFO - packet enqueued {packet[Raw].load}
2024-01-25 23:28:29,247 - node - INFO - packet enqueued {packet[Raw].load}
2024-01-25 23:28:29,249 - node - INFO - packet enqueued {packet[Raw].load}
2024-01-25 23:28:29,249 - node - WARNING - packet with out TCP or UDP
2024-01-25 23:28:29,251 - node - INFO - packet enqueued {packet[Raw].load}
2024-01-25 23:28:29,251 - node - WARNING - packet with out TCP or UDP
2024-01-25 23:28:29,546 - node - INFO - packet enqueued {packet[Raw].load}
2024-01-25 23:28:29,547 - node - INFO - packet enqueued {packet[Raw].load}
2024-01-25 23:28:29,549 - node - INFO - packet enqueued {packet[Raw].load}
2024-01-25 23:28:29,549 - node - WARNING - packet with out TCP or UDP
2024-01-25 23:28:29,551 - node - INFO - packet enqueued {packet[Raw].load}
2024-01-25 23:28:29,551 - node - WARNING - packet with out TCP or UDP
2024-01-25 23:28:29,847 - node - INFO - packet enqueued {packet[Raw].load}
2024-01-25 23:28:29,848 - node - INFO - packet enqueued {packet[Raw].load}
2024-01-25 23:28:29,852 - node - INFO - packet enqueued {packet[Raw].load}
2024-01-25 23:28:29,853 - node - WARNING - packet with out TCP or UDP
2024-01-25 23:28:29,859 - node - INFO - packet enqueued {packet[Raw].load}
2024-01-25 23:28:29,859 - node - WARNING - packet with out TCP or UDP
2024-01-25 23:28:30,147 - node - INFO - packet enqueued {packet[Raw].load}
2024-01-25 23:28:30,148 - node - INFO - packet enqueued {packet[Raw].load}
2024-01-25 23:28:30,150 - node - INFO - packet enqueued {packet[Raw].load}
2024-01-25 23:28:30,150 - node - WARNING - packet with out TCP or UDP
2024-01-25 23:28:30,152 - node - INFO - packet enqueued {packet[Raw].load}
2024-01-25 23:28:30,152 - node - WARNING - packet with out TCP or UDP
2024-01-25 23:28:30,448 - node - INFO - packet enqueued {packet[Raw].load}
2024-01-25 23:28:30,449 - node - INFO - packet enqueued {packet[Raw].load}
2024-01-25 23:28:30,450 - node - INFO - packet enqueued {packet[Raw].load}
2024-01-25 23:28:30,451 - node - WARNING - packet with out TCP or UDP
2024-01-25 23:28:30,452 - node - INFO - packet enqueued {packet[Raw].load}
2024-01-25 23:28:30,453 - node - WARNING - packet with out TCP or UDP
2024-01-25 23:28:30,748 - node - INFO - packet enqueued {packet[Raw].load}
2024-01-25 23:28:30,749 - node - INFO - packet enqueued {packet[Raw].load}
2024-01-25 23:28:30,751 - node - INFO - packet enqueued {packet[Raw].load}
2024-01-25 23:28:30,751 - node - WARNING - packet with out TCP or UDP
2024-01-25 23:28:30,753 - node - INFO - packet enqueued {packet[Raw].load}
2024-01-25 23:28:30,753 - node - WARNING - packet with out TCP or UDP
2024-01-25 23:28:30,871 - node - INFO - broadcastb'\x00\x00\x00\x0b\x01\x05\x00\x04\x7f\x00\x00\x01\x01\x00\x00\x00\x00\x00\x05\x03'
2024-01-25 23:28:31,049 - node - INFO - packet enqueued {packet[Raw].load}
2024-01-25 23:28:31,050 - node - INFO - packet enqueued {packet[Raw].load}
2024-01-25 23:28:31,052 - node - INFO - packet enqueued {packet[Raw].load}
2024-01-25 23:28:31,052 - node - WARNING - packet with out TCP or UDP
2024-01-25 23:28:31,055 - node - INFO - packet enqueued {packet[Raw].load}
2024-01-25 23:28:31,055 - node - WARNING - packet with out TCP or UDP
2024-01-25 23:28:31,349 - node - INFO - packet enqueued {packet[Raw].load}
2024-01-25 23:28:31,350 - node - INFO - packet enqueued {packet[Raw].load}
2024-01-25 23:28:31,352 - node - INFO - packet enqueued {packet[Raw].load}
2024-01-25 23:28:31,353 - node - WARNING - packet with out TCP or UDP
2024-01-25 23:28:31,354 - node - INFO - packet enqueued {packet[Raw].load}
2024-01-25 23:28:31,354 - node - WARNING - packet with out TCP or UDP
2024-01-25 23:28:31,650 - node - INFO - packet enqueued {packet[Raw].load}
2024-01-25 23:28:31,651 - node - INFO - packet enqueued {packet[Raw].load}
2024-01-25 23:28:31,653 - node - INFO - packet enqueued {packet[Raw].load}
2024-01-25 23:28:31,653 - node - WARNING - packet with out TCP or UDP
2024-01-25 23:28:31,655 - node - INFO - packet enqueued {packet[Raw].load}
2024-01-25 23:28:31,655 - node - WARNING - packet with out TCP or UDP
2024-01-25 23:28:31,950 - node - INFO - packet enqueued {packet[Raw].load}
2024-01-25 23:28:31,951 - node - INFO - packet enqueued {packet[Raw].load}
2024-01-25 23:28:31,953 - node - INFO - packet enqueued {packet[Raw].load}
2024-01-25 23:28:31,954 - node - WARNING - packet with out TCP or UDP
2024-01-25 23:28:31,956 - node - INFO - packet enqueued {packet[Raw].load}
2024-01-25 23:28:31,956 - node - WARNING - packet with out TCP or UDP
2024-01-25 23:28:32,250 - node - INFO - packet enqueued {packet[Raw].load}
2024-01-25 23:28:32,251 - node - INFO - packet enqueued {packet[Raw].load}
2024-01-25 23:28:32,253 - node - INFO - packet enqueued {packet[Raw].load}
2024-01-25 23:28:32,254 - node - WARNING - packet with out TCP or UDP
2024-01-25 23:28:32,256 - node - INFO - packet enqueued {packet[Raw].load}
2024-01-25 23:28:32,256 - node - WARNING - packet with out TCP or UDP
2024-01-25 23:28:32,551 - node - INFO - packet enqueued {packet[Raw].load}
2024-01-25 23:28:32,552 - node - INFO - packet enqueued {packet[Raw].load}
2024-01-25 23:28:32,554 - node - INFO - packet enqueued {packet[Raw].load}
2024-01-25 23:28:32,554 - node - WARNING - packet with out TCP or UDP
2024-01-25 23:28:32,555 - node - INFO - packet enqueued {packet[Raw].load}
2024-01-25 23:28:32,556 - node - WARNING - packet with out TCP or UDP
2024-01-25 23:28:32,851 - node - INFO - packet enqueued {packet[Raw].load}
2024-01-25 23:28:32,853 - node - INFO - packet enqueued {packet[Raw].load}
2024-01-25 23:28:32,855 - node - INFO - packet enqueued {packet[Raw].load}
2024-01-25 23:28:32,856 - node - WARNING - packet with out TCP or UDP
2024-01-25 23:28:32,857 - node - INFO - packet enqueued {packet[Raw].load}
2024-01-25 23:28:32,857 - node - WARNING - packet with out TCP or UDP
2024-01-25 23:28:32,877 - node - INFO - broadcastb'\x00\x00\x00\r\x01\x05\x00\x04\x7f\x00\x00\x01\x01\x00\x00\x00\x00\x00\x05\x03'
2024-01-25 23:28:33,152 - node - INFO - packet enqueued {packet[Raw].load}
2024-01-25 23:28:33,153 - node - INFO - packet enqueued {packet[Raw].load}
2024-01-25 23:28:33,156 - node - INFO - packet enqueued {packet[Raw].load}
2024-01-25 23:28:33,156 - node - WARNING - packet with out TCP or UDP
2024-01-25 23:28:33,158 - node - INFO - packet enqueued {packet[Raw].load}
2024-01-25 23:28:33,158 - node - WARNING - packet with out TCP or UDP
2024-01-25 23:28:33,452 - node - INFO - packet enqueued {packet[Raw].load}
2024-01-25 23:28:33,454 - node - INFO - packet enqueued {packet[Raw].load}
2024-01-25 23:28:33,456 - node - INFO - packet enqueued {packet[Raw].load}
2024-01-25 23:28:33,457 - node - WARNING - packet with out TCP or UDP
2024-01-25 23:28:33,459 - node - INFO - packet enqueued {packet[Raw].load}
2024-01-25 23:28:33,459 - node - WARNING - packet with out TCP or UDP
2024-01-25 23:28:33,753 - node - INFO - packet enqueued {packet[Raw].load}
2024-01-25 23:28:33,755 - node - INFO - packet enqueued {packet[Raw].load}
2024-01-25 23:28:33,756 - node - INFO - packet enqueued {packet[Raw].load}
2024-01-25 23:28:33,757 - node - WARNING - packet with out TCP or UDP
2024-01-25 23:28:33,773 - node - INFO - packet enqueued {packet[Raw].load}
2024-01-25 23:28:33,773 - node - WARNING - packet with out TCP or UDP
2024-01-25 23:28:34,053 - node - INFO - packet enqueued {packet[Raw].load}
2024-01-25 23:28:34,054 - node - INFO - packet enqueued {packet[Raw].load}
2024-01-25 23:28:34,057 - node - INFO - packet enqueued {packet[Raw].load}
2024-01-25 23:28:34,058 - node - WARNING - packet with out TCP or UDP
2024-01-25 23:28:34,059 - node - INFO - packet enqueued {packet[Raw].load}
2024-01-25 23:28:34,060 - node - WARNING - packet with out TCP or UDP
2024-01-25 23:28:34,354 - node - INFO - packet enqueued {packet[Raw].load}
2024-01-25 23:28:34,355 - node - INFO - packet enqueued {packet[Raw].load}
2024-01-25 23:28:34,357 - node - INFO - packet enqueued {packet[Raw].load}
2024-01-25 23:28:34,358 - node - WARNING - packet with out TCP or UDP
2024-01-25 23:28:34,359 - node - INFO - packet enqueued {packet[Raw].load}
2024-01-25 23:28:34,360 - node - WARNING - packet with out TCP or UDP
2024-01-25 23:28:34,654 - node - INFO - packet enqueued {packet[Raw].load}
2024-01-25 23:28:34,656 - node - INFO - packet enqueued {packet[Raw].load}
2024-01-25 23:28:34,658 - node - INFO - packet enqueued {packet[Raw].load}
2024-01-25 23:28:34,658 - node - WARNING - packet with out TCP or UDP
2024-01-25 23:28:34,660 - node - INFO - packet enqueued {packet[Raw].load}
2024-01-25 23:28:34,661 - node - WARNING - packet with out TCP or UDP
2024-01-25 23:28:34,881 - node - INFO - broadcastb'\x00\x00\x00\x0f\x01\x05\x00\x04\x7f\x00\x00\x01\x01\x00\x00\x00\x00\x00\x05\x03'
2024-01-25 23:28:34,957 - node - INFO - packet enqueued {packet[Raw].load}
2024-01-25 23:28:34,960 - node - INFO - packet enqueued {packet[Raw].load}
2024-01-25 23:28:34,962 - node - INFO - packet enqueued {packet[Raw].load}
2024-01-25 23:28:34,963 - node - WARNING - packet with out TCP or UDP
2024-01-25 23:28:34,970 - node - INFO - packet enqueued {packet[Raw].load}
2024-01-25 23:28:34,970 - node - WARNING - packet with out TCP or UDP
2024-01-25 23:28:35,255 - node - INFO - packet enqueued {packet[Raw].load}
2024-01-25 23:28:35,256 - node - INFO - packet enqueued {packet[Raw].load}
2024-01-25 23:28:35,259 - node - INFO - packet enqueued {packet[Raw].load}
2024-01-25 23:28:35,260 - node - WARNING - packet with out TCP or UDP
2024-01-25 23:28:35,262 - node - INFO - packet enqueued {packet[Raw].load}
2024-01-25 23:28:35,262 - node - WARNING - packet with out TCP or UDP
2024-01-25 23:28:35,558 - node - INFO - packet enqueued {packet[Raw].load}
2024-01-25 23:28:35,559 - node - INFO - packet enqueued {packet[Raw].load}
2024-01-25 23:28:35,562 - node - INFO - packet enqueued {packet[Raw].load}
2024-01-25 23:28:35,564 - node - WARNING - packet with out TCP or UDP
2024-01-25 23:28:35,566 - node - INFO - packet enqueued {packet[Raw].load}
2024-01-25 23:28:35,567 - node - WARNING - packet with out TCP or UDP
2024-01-25 23:28:35,856 - node - INFO - packet enqueued {packet[Raw].load}
2024-01-25 23:28:35,857 - node - INFO - packet enqueued {packet[Raw].load}
2024-01-25 23:28:35,859 - node - INFO - packet enqueued {packet[Raw].load}
2024-01-25 23:28:35,859 - node - WARNING - packet with out TCP or UDP
2024-01-25 23:28:35,860 - node - INFO - packet enqueued {packet[Raw].load}
2024-01-25 23:28:35,860 - node - WARNING - packet with out TCP or UDP
2024-01-25 23:28:36,157 - node - INFO - packet enqueued {packet[Raw].load}
2024-01-25 23:28:36,158 - node - INFO - packet enqueued {packet[Raw].load}
2024-01-25 23:28:36,159 - node - INFO - packet enqueued {packet[Raw].load}
2024-01-25 23:28:36,159 - node - WARNING - packet with out TCP or UDP
2024-01-25 23:28:36,161 - node - INFO - packet enqueued {packet[Raw].load}
2024-01-25 23:28:36,162 - node - WARNING - packet with out TCP or UDP
2024-01-25 23:28:36,457 - node - INFO - packet enqueued {packet[Raw].load}
2024-01-25 23:28:36,458 - node - INFO - packet enqueued {packet[Raw].load}
2024-01-25 23:28:36,460 - node - INFO - packet enqueued {packet[Raw].load}
2024-01-25 23:28:36,460 - node - WARNING - packet with out TCP or UDP
2024-01-25 23:28:36,461 - node - INFO - packet enqueued {packet[Raw].load}
2024-01-25 23:28:36,462 - node - WARNING - packet with out TCP or UDP
2024-01-25 23:28:36,758 - node - INFO - packet enqueued {packet[Raw].load}
2024-01-25 23:28:36,759 - node - INFO - packet enqueued {packet[Raw].load}
2024-01-25 23:28:36,760 - node - INFO - packet enqueued {packet[Raw].load}
2024-01-25 23:28:36,760 - node - WARNING - packet with out TCP or UDP
2024-01-25 23:28:36,762 - node - INFO - packet enqueued {packet[Raw].load}
2024-01-25 23:28:36,762 - node - WARNING - packet with out TCP or UDP
2024-01-25 23:28:36,859 - node - WARNING - packet with out Raw
2024-01-25 23:28:36,860 - node - WARNING - packet with out Raw
2024-01-25 23:28:36,860 - node - WARNING - packet with out Raw
2024-01-25 23:28:36,861 - node - WARNING - packet with out Raw
2024-01-25 23:28:36,884 - node - INFO - broadcastb'\x00\x00\x00\x11\x01\x05\x00\x04\x7f\x00\x00\x01\x01\x00\x00\x00\x00\x00\x05\x03'
2024-01-25 23:28:36,899 - node - WARNING - packet with out Raw
2024-01-25 23:28:36,903 - node - WARNING - packet with out Raw
2024-01-25 23:28:36,905 - node - WARNING - packet with out Raw
2024-01-25 23:28:36,907 - node - WARNING - packet with out Raw
2024-01-25 23:28:37,066 - node - INFO - packet enqueued {packet[Raw].load}
2024-01-25 23:28:37,067 - node - INFO - packet enqueued {packet[Raw].load}
2024-01-25 23:28:37,069 - node - INFO - packet enqueued {packet[Raw].load}
2024-01-25 23:28:37,070 - node - WARNING - packet with out TCP or UDP
2024-01-25 23:28:37,071 - node - INFO - packet enqueued {packet[Raw].load}
2024-01-25 23:28:37,072 - node - WARNING - packet with out TCP or UDP
2024-01-25 23:28:37,359 - node - INFO - packet enqueued {packet[Raw].load}
2024-01-25 23:28:37,360 - node - INFO - packet enqueued {packet[Raw].load}
2024-01-25 23:28:37,362 - node - INFO - packet enqueued {packet[Raw].load}
2024-01-25 23:28:37,362 - node - WARNING - packet with out TCP or UDP
2024-01-25 23:28:37,363 - node - INFO - packet enqueued {packet[Raw].load}
2024-01-25 23:28:37,364 - node - WARNING - packet with out TCP or UDP
2024-01-25 23:28:37,660 - node - INFO - packet enqueued {packet[Raw].load}
2024-01-25 23:28:37,661 - node - INFO - packet enqueued {packet[Raw].load}
2024-01-25 23:28:37,663 - node - INFO - packet enqueued {packet[Raw].load}
2024-01-25 23:28:37,664 - node - WARNING - packet with out TCP or UDP
2024-01-25 23:28:37,665 - node - INFO - packet enqueued {packet[Raw].load}
2024-01-25 23:28:37,666 - node - WARNING - packet with out TCP or UDP
2024-01-25 23:28:37,960 - node - INFO - packet enqueued {packet[Raw].load}
2024-01-25 23:28:37,961 - node - INFO - packet enqueued {packet[Raw].load}
2024-01-25 23:28:37,962 - node - INFO - packet enqueued {packet[Raw].load}
2024-01-25 23:28:37,963 - node - WARNING - packet with out TCP or UDP
2024-01-25 23:28:37,964 - node - INFO - packet enqueued {packet[Raw].load}
2024-01-25 23:28:37,964 - node - WARNING - packet with out TCP or UDP
2024-01-25 23:28:38,260 - node - INFO - packet enqueued {packet[Raw].load}
2024-01-25 23:28:38,261 - node - INFO - packet enqueued {packet[Raw].load}
2024-01-25 23:28:38,264 - node - INFO - packet enqueued {packet[Raw].load}
2024-01-25 23:28:38,264 - node - WARNING - packet with out TCP or UDP
2024-01-25 23:28:38,266 - node - INFO - packet enqueued {packet[Raw].load}
2024-01-25 23:28:38,266 - node - WARNING - packet with out TCP or UDP
2024-01-25 23:28:38,561 - node - INFO - packet enqueued {packet[Raw].load}
2024-01-25 23:28:38,562 - node - INFO - packet enqueued {packet[Raw].load}
2024-01-25 23:28:38,564 - node - INFO - packet enqueued {packet[Raw].load}
2024-01-25 23:28:38,565 - node - WARNING - packet with out TCP or UDP
2024-01-25 23:28:38,566 - node - INFO - packet enqueued {packet[Raw].load}
2024-01-25 23:28:38,567 - node - WARNING - packet with out TCP or UDP
2024-01-25 23:28:38,861 - node - INFO - packet enqueued {packet[Raw].load}
2024-01-25 23:28:38,862 - node - INFO - packet enqueued {packet[Raw].load}
2024-01-25 23:28:38,864 - node - INFO - packet enqueued {packet[Raw].load}
2024-01-25 23:28:38,865 - node - WARNING - packet with out TCP or UDP
2024-01-25 23:28:38,867 - node - INFO - packet enqueued {packet[Raw].load}
2024-01-25 23:28:38,867 - node - WARNING - packet with out TCP or UDP
2024-01-25 23:28:38,889 - node - INFO - broadcastb'\x00\x00\x00\x13\x01\x05\x00\x04\x7f\x00\x00\x01\x01\x00\x00\x00\x00\x00\x05\x03'
2024-01-25 23:28:39,162 - node - INFO - packet enqueued {packet[Raw].load}
2024-01-25 23:28:39,163 - node - INFO - packet enqueued {packet[Raw].load}
2024-01-25 23:28:39,164 - node - INFO - packet enqueued {packet[Raw].load}
2024-01-25 23:28:39,165 - node - WARNING - packet with out TCP or UDP
2024-01-25 23:28:39,166 - node - INFO - packet enqueued {packet[Raw].load}
2024-01-25 23:28:39,167 - node - WARNING - packet with out TCP or UDP
2024-01-25 23:28:39,462 - node - INFO - packet enqueued {packet[Raw].load}
2024-01-25 23:28:39,463 - node - INFO - packet enqueued {packet[Raw].load}
2024-01-25 23:28:39,473 - node - INFO - packet enqueued {packet[Raw].load}
2024-01-25 23:28:39,473 - node - WARNING - packet with out TCP or UDP
2024-01-25 23:28:39,476 - node - INFO - packet enqueued {packet[Raw].load}
2024-01-25 23:28:39,476 - node - WARNING - packet with out TCP or UDP
2024-01-25 23:28:39,762 - node - INFO - packet enqueued {packet[Raw].load}
2024-01-25 23:28:39,763 - node - INFO - packet enqueued {packet[Raw].load}
2024-01-25 23:28:39,765 - node - INFO - packet enqueued {packet[Raw].load}
2024-01-25 23:28:39,766 - node - WARNING - packet with out TCP or UDP
2024-01-25 23:28:39,767 - node - INFO - packet enqueued {packet[Raw].load}
2024-01-25 23:28:39,767 - node - WARNING - packet with out TCP or UDP
2024-01-25 23:28:40,063 - node - INFO - packet enqueued {packet[Raw].load}
2024-01-25 23:28:40,064 - node - INFO - packet enqueued {packet[Raw].load}
2024-01-25 23:28:40,066 - node - INFO - packet enqueued {packet[Raw].load}
2024-01-25 23:28:40,067 - node - WARNING - packet with out TCP or UDP
2024-01-25 23:28:40,069 - node - INFO - packet enqueued {packet[Raw].load}
2024-01-25 23:28:40,069 - node - WARNING - packet with out TCP or UDP
2024-01-25 23:28:40,892 - node - INFO - broadcastb'\x00\x00\x00\x15\x01\x05\x00\x04\x7f\x00\x00\x01\x01\x00\x00\x00\x00\x00\x05\x03'
2024-01-25 23:28:41,055 - node - INFO - keyboard interrupt
