2024-01-24 19:13:26,898 - node - INFO - Sender init complete. addr : 127.0.0.1
2024-01-24 19:13:26,901 - node - INFO - Sender init complete. addr : 127.0.0.1
2024-01-24 19:13:26,913 - node - INFO - init complete
2024-01-24 19:13:26,915 - node - ERROR - broadcast failed : 101
2024-01-24 19:13:28,560 - node - WARNING - packet with out Raw
2024-01-24 19:13:28,562 - node - WARNING - packet with out Raw
2024-01-24 19:13:28,563 - node - WARNING - packet with out Raw
2024-01-24 19:13:28,564 - node - WARNING - packet with out Raw
2024-01-24 19:13:28,565 - node - WARNING - packet with out Raw
2024-01-24 19:13:28,566 - node - WARNING - packet with out Raw
2024-01-24 19:13:28,567 - node - WARNING - packet with out Raw
2024-01-24 19:13:28,568 - node - WARNING - packet with out Raw
2024-01-24 19:13:28,568 - node - WARNING - packet with out Raw
2024-01-24 19:13:28,569 - node - WARNING - packet with out Raw
2024-01-24 19:13:28,571 - node - WARNING - packet with out Raw
2024-01-24 19:13:28,572 - node - WARNING - packet with out Raw
2024-01-24 19:13:28,572 - node - WARNING - packet with out Raw
2024-01-24 19:13:28,573 - node - WARNING - packet with out Raw
2024-01-24 19:13:28,574 - node - WARNING - packet with out Raw
2024-01-24 19:13:28,576 - node - WARNING - packet with out Raw
2024-01-24 19:13:28,578 - node - WARNING - packet with out Raw
2024-01-24 19:13:28,579 - node - WARNING - packet with out Raw
2024-01-24 19:13:28,580 - node - WARNING - packet with out Raw
2024-01-24 19:13:28,581 - node - WARNING - packet with out Raw
2024-01-24 19:13:28,582 - node - WARNING - packet with out Raw
2024-01-24 19:13:28,583 - node - WARNING - packet with out Raw
2024-01-24 19:13:28,584 - node - WARNING - packet with out Raw
2024-01-24 19:13:28,585 - node - WARNING - packet with out Raw
2024-01-24 19:13:28,586 - node - WARNING - packet with out Raw
2024-01-24 19:13:28,587 - node - WARNING - packet with out Raw
2024-01-24 19:13:28,589 - node - WARNING - packet with out Raw
2024-01-24 19:13:28,590 - node - WARNING - packet with out Raw
2024-01-24 19:13:28,591 - node - WARNING - packet with out Raw
2024-01-24 19:13:28,592 - node - WARNING - packet with out Raw
2024-01-24 19:13:28,593 - node - WARNING - packet with out Raw
2024-01-24 19:13:28,594 - node - WARNING - packet with out Raw
2024-01-24 19:13:28,595 - node - WARNING - packet with out Raw
2024-01-24 19:13:28,595 - node - WARNING - packet with out Raw
2024-01-24 19:13:28,596 - node - WARNING - packet with out Raw
2024-01-24 19:13:28,597 - node - WARNING - packet with out Raw
2024-01-24 19:13:28,598 - node - WARNING - packet with out Raw
2024-01-24 19:13:28,599 - node - WARNING - packet with out Raw
2024-01-24 19:13:28,599 - node - WARNING - packet with out Raw
2024-01-24 19:13:28,600 - node - WARNING - packet with out Raw
2024-01-24 19:13:28,601 - node - WARNING - packet with out Raw
2024-01-24 19:13:28,602 - node - WARNING - packet with out Raw
2024-01-24 19:13:28,603 - node - WARNING - packet with out Raw
2024-01-24 19:13:28,604 - node - WARNING - packet with out Raw
2024-01-24 19:13:28,604 - node - WARNING - packet with out Raw
2024-01-24 19:13:28,605 - node - WARNING - packet with out Raw
2024-01-24 19:13:28,606 - node - WARNING - packet with out Raw
2024-01-24 19:13:28,607 - node - WARNING - packet with out Raw
2024-01-24 19:13:28,608 - node - WARNING - packet with out Raw
2024-01-24 19:13:28,609 - node - WARNING - packet with out Raw
2024-01-24 19:13:28,610 - node - WARNING - packet with out Raw
2024-01-24 19:13:28,611 - node - WARNING - packet with out Raw
2024-01-24 19:13:28,612 - node - WARNING - packet with out Raw
2024-01-24 19:13:28,613 - node - WARNING - packet with out Raw
2024-01-24 19:13:28,614 - node - WARNING - packet with out Raw
2024-01-24 19:13:28,615 - node - WARNING - packet with out Raw
2024-01-24 19:13:28,616 - node - WARNING - packet with out Raw
2024-01-24 19:13:28,617 - node - WARNING - packet with out Raw
2024-01-24 19:13:28,618 - node - WARNING - packet with out Raw
2024-01-24 19:13:28,619 - node - WARNING - packet with out Raw
2024-01-24 19:13:28,620 - node - WARNING - packet with out Raw
2024-01-24 19:13:28,621 - node - WARNING - packet with out Raw
2024-01-24 19:13:28,622 - node - WARNING - packet with out Raw
2024-01-24 19:13:28,623 - node - WARNING - packet with out Raw
2024-01-24 19:13:28,624 - node - WARNING - packet with out Raw
2024-01-24 19:13:28,624 - node - WARNING - packet with out Raw
2024-01-24 19:13:28,625 - node - WARNING - packet with out Raw
2024-01-24 19:13:28,626 - node - WARNING - packet with out Raw
2024-01-24 19:13:28,627 - node - WARNING - packet with out Raw
2024-01-24 19:13:28,628 - node - WARNING - packet with out Raw
2024-01-24 19:13:28,628 - node - WARNING - packet with out Raw
2024-01-24 19:13:28,629 - node - WARNING - packet with out Raw
2024-01-24 19:13:28,630 - node - WARNING - packet with out Raw
2024-01-24 19:13:28,631 - node - WARNING - packet with out Raw
2024-01-24 19:13:28,632 - node - WARNING - packet with out Raw
2024-01-24 19:13:28,633 - node - WARNING - packet with out Raw
2024-01-24 19:13:28,633 - node - WARNING - packet with out Raw
2024-01-24 19:13:28,634 - node - WARNING - packet with out Raw
2024-01-24 19:13:28,635 - node - WARNING - packet with out Raw
2024-01-24 19:13:28,636 - node - WARNING - packet with out Raw
2024-01-24 19:13:28,637 - node - WARNING - packet with out Raw
2024-01-24 19:13:28,638 - node - WARNING - packet with out Raw
2024-01-24 19:13:28,639 - node - WARNING - packet with out Raw
2024-01-24 19:13:28,640 - node - WARNING - packet with out Raw
2024-01-24 19:13:28,641 - node - WARNING - packet with out Raw
2024-01-24 19:13:28,642 - node - WARNING - packet with out Raw
2024-01-24 19:13:28,643 - node - WARNING - packet with out Raw
2024-01-24 19:13:28,644 - node - WARNING - packet with out Raw
2024-01-24 19:13:28,645 - node - WARNING - packet with out Raw
2024-01-24 19:13:28,646 - node - WARNING - packet with out Raw
2024-01-24 19:13:28,647 - node - WARNING - packet with out Raw
2024-01-24 19:13:28,648 - node - WARNING - packet with out Raw
2024-01-24 19:13:28,649 - node - WARNING - packet with out Raw
2024-01-24 19:13:28,650 - node - WARNING - packet with out Raw
2024-01-24 19:13:28,651 - node - WARNING - packet with out Raw
2024-01-24 19:13:28,652 - node - WARNING - packet with out Raw
2024-01-24 19:13:28,666 - node - WARNING - packet with out Raw
2024-01-24 19:13:28,670 - node - WARNING - packet with out Raw
2024-01-24 19:13:28,671 - node - WARNING - packet with out Raw
2024-01-24 19:13:28,672 - node - WARNING - packet with out Raw
2024-01-24 19:13:28,672 - node - WARNING - packet with out Raw
2024-01-24 19:13:28,673 - node - WARNING - packet with out Raw
2024-01-24 19:13:28,679 - node - WARNING - packet with out Raw
2024-01-24 19:13:28,680 - node - WARNING - packet with out Raw
2024-01-24 19:13:28,692 - node - WARNING - packet with out Raw
2024-01-24 19:13:28,695 - node - WARNING - packet with out Raw
2024-01-24 19:13:28,696 - node - WARNING - packet with out Raw
2024-01-24 19:13:28,699 - node - WARNING - packet with out Raw
2024-01-24 19:13:28,699 - node - WARNING - packet with out Raw
2024-01-24 19:13:28,700 - node - WARNING - packet with out Raw
2024-01-24 19:13:28,701 - node - WARNING - packet with out Raw
2024-01-24 19:13:28,701 - node - WARNING - packet with out Raw
2024-01-24 19:13:28,919 - node - ERROR - broadcast failed : 101
2024-01-24 19:13:28,929 - node - WARNING - packet with out Raw
2024-01-24 19:13:28,934 - node - WARNING - packet with out Raw
2024-01-24 19:13:28,935 - node - WARNING - packet with out Raw
2024-01-24 19:13:28,936 - node - WARNING - packet with out Raw
2024-01-24 19:13:28,936 - node - WARNING - packet with out Raw
2024-01-24 19:13:28,937 - node - WARNING - packet with out Raw
2024-01-24 19:13:28,943 - node - WARNING - packet with out Raw
2024-01-24 19:13:28,944 - node - WARNING - packet with out Raw
2024-01-24 19:13:28,953 - node - WARNING - packet with out Raw
2024-01-24 19:13:28,956 - node - WARNING - packet with out Raw
2024-01-24 19:13:28,969 - node - WARNING - packet with out Raw
2024-01-24 19:13:28,970 - node - WARNING - packet with out Raw
2024-01-24 19:13:28,970 - node - WARNING - packet with out Raw
2024-01-24 19:13:28,973 - node - WARNING - packet with out Raw
2024-01-24 19:13:28,975 - node - WARNING - packet with out Raw
2024-01-24 19:13:28,976 - node - WARNING - packet with out Raw
2024-01-24 19:13:29,764 - node - WARNING - packet with out Raw
2024-01-24 19:13:29,765 - node - WARNING - packet with out Raw
2024-01-24 19:13:29,768 - node - WARNING - packet with out Raw
2024-01-24 19:13:29,769 - node - WARNING - packet with out Raw
2024-01-24 19:13:29,770 - node - WARNING - packet with out Raw
2024-01-24 19:13:29,771 - node - WARNING - packet with out Raw
2024-01-24 19:13:29,771 - node - WARNING - packet with out Raw
2024-01-24 19:13:29,772 - node - WARNING - packet with out Raw
2024-01-24 19:13:29,772 - node - WARNING - packet with out Raw
2024-01-24 19:13:29,773 - node - WARNING - packet with out Raw
2024-01-24 19:13:29,773 - node - WARNING - packet with out Raw
2024-01-24 19:13:29,774 - node - WARNING - packet with out Raw
2024-01-24 19:13:29,775 - node - WARNING - packet with out Raw
2024-01-24 19:13:29,775 - node - WARNING - packet with out Raw
2024-01-24 19:13:29,776 - node - WARNING - packet with out Raw
2024-01-24 19:13:29,776 - node - WARNING - packet with out Raw
2024-01-24 19:13:29,777 - node - WARNING - packet with out Raw
2024-01-24 19:13:29,778 - node - WARNING - packet with out Raw
2024-01-24 19:13:29,778 - node - WARNING - packet with out Raw
2024-01-24 19:13:29,779 - node - WARNING - packet with out Raw
2024-01-24 19:13:29,780 - node - WARNING - packet with out Raw
2024-01-24 19:13:29,780 - node - WARNING - packet with out Raw
2024-01-24 19:13:29,781 - node - WARNING - packet with out Raw
2024-01-24 19:13:29,782 - node - WARNING - packet with out Raw
2024-01-24 19:13:29,782 - node - WARNING - packet with out Raw
2024-01-24 19:13:29,783 - node - WARNING - packet with out Raw
2024-01-24 19:13:29,784 - node - WARNING - packet with out Raw
2024-01-24 19:13:29,784 - node - WARNING - packet with out Raw
2024-01-24 19:13:29,785 - node - WARNING - packet with out Raw
2024-01-24 19:13:29,786 - node - WARNING - packet with out Raw
2024-01-24 19:13:29,786 - node - WARNING - packet with out Raw
2024-01-24 19:13:29,787 - node - WARNING - packet with out Raw
2024-01-24 19:13:29,788 - node - WARNING - packet with out Raw
2024-01-24 19:13:29,788 - node - WARNING - packet with out Raw
2024-01-24 19:13:29,789 - node - WARNING - packet with out Raw
2024-01-24 19:13:29,789 - node - WARNING - packet with out Raw
2024-01-24 19:13:29,790 - node - WARNING - packet with out Raw
2024-01-24 19:13:29,790 - node - WARNING - packet with out Raw
2024-01-24 19:13:29,791 - node - WARNING - packet with out Raw
2024-01-24 19:13:29,792 - node - WARNING - packet with out Raw
2024-01-24 19:13:29,792 - node - WARNING - packet with out Raw
2024-01-24 19:13:29,793 - node - WARNING - packet with out Raw
2024-01-24 19:13:29,793 - node - WARNING - packet with out Raw
2024-01-24 19:13:29,794 - node - WARNING - packet with out Raw
2024-01-24 19:13:29,794 - node - WARNING - packet with out Raw
2024-01-24 19:13:29,795 - node - WARNING - packet with out Raw
2024-01-24 19:13:29,795 - node - WARNING - packet with out Raw
2024-01-24 19:13:29,796 - node - WARNING - packet with out Raw
2024-01-24 19:13:29,797 - node - WARNING - packet with out Raw
2024-01-24 19:13:29,797 - node - WARNING - packet with out Raw
2024-01-24 19:13:29,798 - node - WARNING - packet with out Raw
2024-01-24 19:13:29,798 - node - WARNING - packet with out Raw
2024-01-24 19:13:29,799 - node - WARNING - packet with out Raw
2024-01-24 19:13:29,800 - node - WARNING - packet with out Raw
2024-01-24 19:13:29,800 - node - WARNING - packet with out Raw
2024-01-24 19:13:29,801 - node - WARNING - packet with out Raw
2024-01-24 19:13:29,801 - node - WARNING - packet with out Raw
2024-01-24 19:13:29,802 - node - WARNING - packet with out Raw
2024-01-24 19:13:29,803 - node - WARNING - packet with out Raw
2024-01-24 19:13:29,804 - node - WARNING - packet with out Raw
2024-01-24 19:13:29,804 - node - WARNING - packet with out Raw
2024-01-24 19:13:29,805 - node - WARNING - packet with out Raw
2024-01-24 19:13:29,806 - node - WARNING - packet with out Raw
2024-01-24 19:13:29,806 - node - WARNING - packet with out Raw
2024-01-24 19:13:29,807 - node - WARNING - packet with out Raw
2024-01-24 19:13:29,808 - node - WARNING - packet with out Raw
2024-01-24 19:13:29,809 - node - WARNING - packet with out Raw
2024-01-24 19:13:29,809 - node - WARNING - packet with out Raw
2024-01-24 19:13:29,810 - node - WARNING - packet with out Raw
2024-01-24 19:13:29,811 - node - WARNING - packet with out Raw
2024-01-24 19:13:29,811 - node - WARNING - packet with out Raw
2024-01-24 19:13:29,812 - node - WARNING - packet with out Raw
2024-01-24 19:13:29,812 - node - WARNING - packet with out Raw
2024-01-24 19:13:29,813 - node - WARNING - packet with out Raw
2024-01-24 19:13:29,813 - node - WARNING - packet with out Raw
2024-01-24 19:13:29,814 - node - WARNING - packet with out Raw
2024-01-24 19:13:29,815 - node - WARNING - packet with out Raw
2024-01-24 19:13:29,815 - node - WARNING - packet with out Raw
2024-01-24 19:13:29,816 - node - WARNING - packet with out Raw
2024-01-24 19:13:29,816 - node - WARNING - packet with out Raw
2024-01-24 19:13:29,817 - node - WARNING - packet with out Raw
2024-01-24 19:13:29,817 - node - WARNING - packet with out Raw
2024-01-24 19:13:29,818 - node - WARNING - packet with out Raw
2024-01-24 19:13:29,819 - node - WARNING - packet with out Raw
2024-01-24 19:13:29,819 - node - WARNING - packet with out Raw
2024-01-24 19:13:29,820 - node - WARNING - packet with out Raw
2024-01-24 19:13:29,821 - node - WARNING - packet with out Raw
2024-01-24 19:13:29,821 - node - WARNING - packet with out Raw
2024-01-24 19:13:29,822 - node - WARNING - packet with out Raw
2024-01-24 19:13:29,823 - node - WARNING - packet with out Raw
2024-01-24 19:13:29,824 - node - WARNING - packet with out Raw
2024-01-24 19:13:29,824 - node - WARNING - packet with out Raw
2024-01-24 19:13:29,825 - node - WARNING - packet with out Raw
2024-01-24 19:13:29,825 - node - WARNING - packet with out Raw
2024-01-24 19:13:29,826 - node - WARNING - packet with out Raw
2024-01-24 19:13:29,827 - node - WARNING - packet with out Raw
2024-01-24 19:13:29,827 - node - WARNING - packet with out Raw
2024-01-24 19:13:29,828 - node - WARNING - packet with out Raw
2024-01-24 19:13:29,829 - node - WARNING - packet with out Raw
2024-01-24 19:13:29,829 - node - WARNING - packet with out Raw
2024-01-24 19:13:29,830 - node - WARNING - packet with out Raw
2024-01-24 19:13:29,830 - node - WARNING - packet with out Raw
2024-01-24 19:13:29,831 - node - WARNING - packet with out Raw
2024-01-24 19:13:29,832 - node - WARNING - packet with out Raw
2024-01-24 19:13:29,832 - node - WARNING - packet with out Raw
2024-01-24 19:13:29,833 - node - WARNING - packet with out Raw
2024-01-24 19:13:29,833 - node - WARNING - packet with out Raw
2024-01-24 19:13:29,834 - node - WARNING - packet with out Raw
2024-01-24 19:13:29,835 - node - WARNING - packet with out Raw
2024-01-24 19:13:29,835 - node - WARNING - packet with out Raw
2024-01-24 19:13:29,836 - node - WARNING - packet with out Raw
2024-01-24 19:13:29,836 - node - WARNING - packet with out Raw
2024-01-24 19:13:29,837 - node - WARNING - packet with out Raw
2024-01-24 19:13:29,838 - node - WARNING - packet with out Raw
2024-01-24 19:13:29,838 - node - WARNING - packet with out Raw
2024-01-24 19:13:29,839 - node - WARNING - packet with out Raw
2024-01-24 19:13:29,840 - node - WARNING - packet with out Raw
2024-01-24 19:13:29,841 - node - WARNING - packet with out Raw
2024-01-24 19:13:29,842 - node - WARNING - packet with out Raw
2024-01-24 19:13:29,843 - node - WARNING - packet with out Raw
2024-01-24 19:13:29,844 - node - WARNING - packet with out Raw
2024-01-24 19:13:29,844 - node - WARNING - packet with out Raw
2024-01-24 19:13:29,845 - node - WARNING - packet with out Raw
2024-01-24 19:13:29,846 - node - WARNING - packet with out Raw
2024-01-24 19:13:29,846 - node - WARNING - packet with out Raw
2024-01-24 19:13:29,847 - node - WARNING - packet with out Raw
2024-01-24 19:13:29,848 - node - WARNING - packet with out Raw
2024-01-24 19:13:29,848 - node - WARNING - packet with out Raw
2024-01-24 19:13:30,551 - node - WARNING - packet with out Raw
2024-01-24 19:13:30,553 - node - WARNING - packet with out Raw
2024-01-24 19:13:30,555 - node - WARNING - packet with out Raw
2024-01-24 19:13:30,556 - node - WARNING - packet with out Raw
2024-01-24 19:13:30,558 - node - WARNING - packet with out Raw
2024-01-24 19:13:30,558 - node - WARNING - packet with out Raw
2024-01-24 19:13:30,559 - node - WARNING - packet with out Raw
2024-01-24 19:13:30,560 - node - WARNING - packet with out Raw
2024-01-24 19:13:30,561 - node - WARNING - packet with out Raw
2024-01-24 19:13:30,562 - node - WARNING - packet with out Raw
2024-01-24 19:13:30,563 - node - WARNING - packet with out Raw
2024-01-24 19:13:30,564 - node - WARNING - packet with out Raw
2024-01-24 19:13:30,564 - node - WARNING - packet with out Raw
2024-01-24 19:13:30,565 - node - WARNING - packet with out Raw
2024-01-24 19:13:30,566 - node - WARNING - packet with out Raw
2024-01-24 19:13:30,567 - node - WARNING - packet with out Raw
2024-01-24 19:13:30,568 - node - WARNING - packet with out Raw
2024-01-24 19:13:30,569 - node - WARNING - packet with out Raw
2024-01-24 19:13:30,570 - node - WARNING - packet with out Raw
2024-01-24 19:13:30,571 - node - WARNING - packet with out Raw
2024-01-24 19:13:30,572 - node - WARNING - packet with out Raw
2024-01-24 19:13:30,573 - node - WARNING - packet with out Raw
2024-01-24 19:13:30,574 - node - WARNING - packet with out Raw
2024-01-24 19:13:30,575 - node - WARNING - packet with out Raw
2024-01-24 19:13:30,576 - node - WARNING - packet with out Raw
2024-01-24 19:13:30,577 - node - WARNING - packet with out Raw
2024-01-24 19:13:30,578 - node - WARNING - packet with out Raw
2024-01-24 19:13:30,579 - node - WARNING - packet with out Raw
2024-01-24 19:13:30,580 - node - WARNING - packet with out Raw
2024-01-24 19:13:30,581 - node - WARNING - packet with out Raw
2024-01-24 19:13:30,582 - node - WARNING - packet with out Raw
2024-01-24 19:13:30,583 - node - WARNING - packet with out Raw
2024-01-24 19:13:30,584 - node - WARNING - packet with out Raw
2024-01-24 19:13:30,585 - node - WARNING - packet with out Raw
2024-01-24 19:13:30,585 - node - WARNING - packet with out Raw
2024-01-24 19:13:30,586 - node - WARNING - packet with out Raw
2024-01-24 19:13:30,587 - node - WARNING - packet with out Raw
2024-01-24 19:13:30,588 - node - WARNING - packet with out Raw
2024-01-24 19:13:30,589 - node - WARNING - packet with out Raw
2024-01-24 19:13:30,589 - node - WARNING - packet with out Raw
2024-01-24 19:13:30,590 - node - WARNING - packet with out Raw
2024-01-24 19:13:30,591 - node - WARNING - packet with out Raw
2024-01-24 19:13:30,592 - node - WARNING - packet with out Raw
2024-01-24 19:13:30,593 - node - WARNING - packet with out Raw
2024-01-24 19:13:30,593 - node - WARNING - packet with out Raw
2024-01-24 19:13:30,594 - node - WARNING - packet with out Raw
2024-01-24 19:13:30,595 - node - WARNING - packet with out Raw
2024-01-24 19:13:30,596 - node - WARNING - packet with out Raw
2024-01-24 19:13:30,597 - node - WARNING - packet with out Raw
2024-01-24 19:13:30,598 - node - WARNING - packet with out Raw
2024-01-24 19:13:30,599 - node - WARNING - packet with out Raw
2024-01-24 19:13:30,600 - node - WARNING - packet with out Raw
2024-01-24 19:13:30,601 - node - WARNING - packet with out Raw
2024-01-24 19:13:30,602 - node - WARNING - packet with out Raw
2024-01-24 19:13:30,603 - node - WARNING - packet with out Raw
2024-01-24 19:13:30,604 - node - WARNING - packet with out Raw
2024-01-24 19:13:30,605 - node - WARNING - packet with out Raw
2024-01-24 19:13:30,606 - node - WARNING - packet with out Raw
2024-01-24 19:13:30,607 - node - WARNING - packet with out Raw
2024-01-24 19:13:30,608 - node - WARNING - packet with out Raw
2024-01-24 19:13:30,609 - node - WARNING - packet with out Raw
2024-01-24 19:13:30,610 - node - WARNING - packet with out Raw
2024-01-24 19:13:30,611 - node - WARNING - packet with out Raw
2024-01-24 19:13:30,612 - node - WARNING - packet with out Raw
2024-01-24 19:13:30,612 - node - WARNING - packet with out Raw
2024-01-24 19:13:30,613 - node - WARNING - packet with out Raw
2024-01-24 19:13:30,614 - node - WARNING - packet with out Raw
2024-01-24 19:13:30,615 - node - WARNING - packet with out Raw
2024-01-24 19:13:30,616 - node - WARNING - packet with out Raw
2024-01-24 19:13:30,617 - node - WARNING - packet with out Raw
2024-01-24 19:13:30,618 - node - WARNING - packet with out Raw
2024-01-24 19:13:30,619 - node - WARNING - packet with out Raw
2024-01-24 19:13:30,620 - node - WARNING - packet with out Raw
2024-01-24 19:13:30,621 - node - WARNING - packet with out Raw
2024-01-24 19:13:30,622 - node - WARNING - packet with out Raw
2024-01-24 19:13:30,622 - node - WARNING - packet with out Raw
2024-01-24 19:13:30,623 - node - WARNING - packet with out Raw
2024-01-24 19:13:30,624 - node - WARNING - packet with out Raw
2024-01-24 19:13:30,625 - node - WARNING - packet with out Raw
2024-01-24 19:13:30,626 - node - WARNING - packet with out Raw
2024-01-24 19:13:30,628 - node - WARNING - packet with out Raw
2024-01-24 19:13:30,630 - node - WARNING - packet with out Raw
2024-01-24 19:13:30,632 - node - WARNING - packet with out Raw
2024-01-24 19:13:30,633 - node - WARNING - packet with out Raw
2024-01-24 19:13:30,634 - node - WARNING - packet with out Raw
2024-01-24 19:13:30,634 - node - WARNING - packet with out Raw
2024-01-24 19:13:30,635 - node - WARNING - packet with out Raw
2024-01-24 19:13:30,636 - node - WARNING - packet with out Raw
2024-01-24 19:13:30,637 - node - WARNING - packet with out Raw
2024-01-24 19:13:30,637 - node - WARNING - packet with out Raw
2024-01-24 19:13:30,638 - node - WARNING - packet with out Raw
2024-01-24 19:13:30,639 - node - WARNING - packet with out Raw
2024-01-24 19:13:30,639 - node - WARNING - packet with out Raw
2024-01-24 19:13:30,640 - node - WARNING - packet with out Raw
2024-01-24 19:13:30,641 - node - WARNING - packet with out Raw
2024-01-24 19:13:30,641 - node - WARNING - packet with out Raw
2024-01-24 19:13:30,642 - node - WARNING - packet with out Raw
2024-01-24 19:13:30,642 - node - WARNING - packet with out Raw
2024-01-24 19:13:30,643 - node - WARNING - packet with out Raw
2024-01-24 19:13:30,644 - node - WARNING - packet with out Raw
2024-01-24 19:13:30,644 - node - WARNING - packet with out Raw
2024-01-24 19:13:30,645 - node - WARNING - packet with out Raw
2024-01-24 19:13:30,645 - node - WARNING - packet with out Raw
2024-01-24 19:13:30,646 - node - WARNING - packet with out Raw
2024-01-24 19:13:30,646 - node - WARNING - packet with out Raw
2024-01-24 19:13:30,647 - node - WARNING - packet with out Raw
2024-01-24 19:13:30,647 - node - WARNING - packet with out Raw
2024-01-24 19:13:30,648 - node - WARNING - packet with out Raw
2024-01-24 19:13:30,648 - node - WARNING - packet with out Raw
2024-01-24 19:13:30,649 - node - WARNING - packet with out Raw
2024-01-24 19:13:30,650 - node - WARNING - packet with out Raw
2024-01-24 19:13:30,650 - node - WARNING - packet with out Raw
2024-01-24 19:13:30,651 - node - WARNING - packet with out Raw
2024-01-24 19:13:30,652 - node - WARNING - packet with out Raw
2024-01-24 19:13:30,652 - node - WARNING - packet with out Raw
2024-01-24 19:13:30,653 - node - WARNING - packet with out Raw
2024-01-24 19:13:30,654 - node - WARNING - packet with out Raw
2024-01-24 19:13:30,654 - node - WARNING - packet with out Raw
2024-01-24 19:13:30,655 - node - WARNING - packet with out Raw
2024-01-24 19:13:30,656 - node - WARNING - packet with out Raw
2024-01-24 19:13:30,657 - node - WARNING - packet with out Raw
2024-01-24 19:13:30,658 - node - WARNING - packet with out Raw
2024-01-24 19:13:30,658 - node - WARNING - packet with out Raw
2024-01-24 19:13:30,659 - node - WARNING - packet with out Raw
2024-01-24 19:13:30,660 - node - WARNING - packet with out Raw
2024-01-24 19:13:30,660 - node - WARNING - packet with out Raw
2024-01-24 19:13:30,661 - node - WARNING - packet with out Raw
2024-01-24 19:13:30,661 - node - WARNING - packet with out Raw
2024-01-24 19:13:30,923 - node - ERROR - broadcast failed : 101
2024-01-24 19:13:31,764 - node - WARNING - packet with out Raw
2024-01-24 19:13:31,768 - node - WARNING - packet with out Raw
2024-01-24 19:13:31,768 - node - WARNING - packet with out Raw
2024-01-24 19:13:31,769 - node - WARNING - packet with out Raw
2024-01-24 19:13:31,770 - node - WARNING - packet with out Raw
2024-01-24 19:13:31,771 - node - WARNING - packet with out Raw
2024-01-24 19:13:31,772 - node - WARNING - packet with out Raw
2024-01-24 19:13:31,772 - node - WARNING - packet with out Raw
2024-01-24 19:13:31,773 - node - WARNING - packet with out Raw
2024-01-24 19:13:31,774 - node - WARNING - packet with out Raw
2024-01-24 19:13:31,775 - node - WARNING - packet with out Raw
2024-01-24 19:13:31,776 - node - WARNING - packet with out Raw
2024-01-24 19:13:31,776 - node - WARNING - packet with out Raw
2024-01-24 19:13:31,777 - node - WARNING - packet with out Raw
2024-01-24 19:13:31,778 - node - WARNING - packet with out Raw
2024-01-24 19:13:31,779 - node - WARNING - packet with out Raw
2024-01-24 19:13:31,780 - node - WARNING - packet with out Raw
2024-01-24 19:13:31,781 - node - WARNING - packet with out Raw
2024-01-24 19:13:31,782 - node - WARNING - packet with out Raw
2024-01-24 19:13:31,783 - node - WARNING - packet with out Raw
2024-01-24 19:13:31,784 - node - WARNING - packet with out Raw
2024-01-24 19:13:31,785 - node - WARNING - packet with out Raw
2024-01-24 19:13:31,786 - node - WARNING - packet with out Raw
2024-01-24 19:13:31,787 - node - WARNING - packet with out Raw
2024-01-24 19:13:31,788 - node - WARNING - packet with out Raw
2024-01-24 19:13:31,789 - node - WARNING - packet with out Raw
2024-01-24 19:13:31,790 - node - WARNING - packet with out Raw
2024-01-24 19:13:31,791 - node - WARNING - packet with out Raw
2024-01-24 19:13:31,792 - node - WARNING - packet with out Raw
2024-01-24 19:13:31,793 - node - WARNING - packet with out Raw
2024-01-24 19:13:31,794 - node - WARNING - packet with out Raw
2024-01-24 19:13:31,795 - node - WARNING - packet with out Raw
2024-01-24 19:13:31,796 - node - WARNING - packet with out Raw
2024-01-24 19:13:31,797 - node - WARNING - packet with out Raw
2024-01-24 19:13:31,797 - node - WARNING - packet with out Raw
2024-01-24 19:13:31,798 - node - WARNING - packet with out Raw
2024-01-24 19:13:31,799 - node - WARNING - packet with out Raw
2024-01-24 19:13:31,800 - node - WARNING - packet with out Raw
2024-01-24 19:13:31,801 - node - WARNING - packet with out Raw
2024-01-24 19:13:31,802 - node - WARNING - packet with out Raw
2024-01-24 19:13:31,803 - node - WARNING - packet with out Raw
2024-01-24 19:13:31,803 - node - WARNING - packet with out Raw
2024-01-24 19:13:31,804 - node - WARNING - packet with out Raw
2024-01-24 19:13:31,805 - node - WARNING - packet with out Raw
2024-01-24 19:13:31,806 - node - WARNING - packet with out Raw
2024-01-24 19:13:31,806 - node - WARNING - packet with out Raw
2024-01-24 19:13:31,807 - node - WARNING - packet with out Raw
2024-01-24 19:13:31,808 - node - WARNING - packet with out Raw
2024-01-24 19:13:31,809 - node - WARNING - packet with out Raw
2024-01-24 19:13:31,810 - node - WARNING - packet with out Raw
2024-01-24 19:13:31,811 - node - WARNING - packet with out Raw
2024-01-24 19:13:31,812 - node - WARNING - packet with out Raw
2024-01-24 19:13:31,813 - node - WARNING - packet with out Raw
2024-01-24 19:13:31,814 - node - WARNING - packet with out Raw
2024-01-24 19:13:31,815 - node - WARNING - packet with out Raw
2024-01-24 19:13:31,816 - node - WARNING - packet with out Raw
2024-01-24 19:13:31,817 - node - WARNING - packet with out Raw
2024-01-24 19:13:31,818 - node - WARNING - packet with out Raw
2024-01-24 19:13:31,819 - node - WARNING - packet with out Raw
2024-01-24 19:13:31,820 - node - WARNING - packet with out Raw
2024-01-24 19:13:31,821 - node - WARNING - packet with out Raw
2024-01-24 19:13:31,822 - node - WARNING - packet with out Raw
2024-01-24 19:13:31,823 - node - WARNING - packet with out Raw
2024-01-24 19:13:31,824 - node - WARNING - packet with out Raw
2024-01-24 19:13:32,183 - node - INFO - keyboard interrupt
