2024-01-25 06:28:25,159 - node - INFO - Sender init complete. addr : 127.0.0.1
2024-01-25 06:28:30,259 - node - INFO - Sender init complete. addr : 127.0.0.1
2024-01-25 06:28:30,273 - node - INFO - init complete
2024-01-25 06:28:30,275 - node - INFO - broadcastb'\x00\x00\x00\x00\x01\x05\x00\x04\x7f\x00\x00\x01\x01\x00\x00\x00\x00\x00\x05\x03'
2024-01-25 06:28:32,278 - node - INFO - broadcastb'\x00\x00\x00\x01\x01\x05\x00\x04\x7f\x00\x00\x01\x01\x00\x00\x00\x00\x00\x05\x03'
2024-01-25 06:28:34,281 - node - INFO - broadcastb'\x00\x00\x00\x02\x01\x05\x00\x04\x7f\x00\x00\x01\x01\x00\x00\x00\x00\x00\x05\x03'
2024-01-25 06:28:36,284 - node - INFO - broadcastb'\x00\x00\x00\x03\x01\x05\x00\x04\x7f\x00\x00\x01\x01\x00\x00\x00\x00\x00\x05\x03'
2024-01-25 06:28:38,286 - node - INFO - broadcastb'\x00\x00\x00\x04\x01\x05\x00\x04\x7f\x00\x00\x01\x01\x00\x00\x00\x00\x00\x05\x03'
2024-01-25 06:28:38,407 - node - WARNING - packet with out Raw
2024-01-25 06:28:38,408 - node - WARNING - packet with out Raw
2024-01-25 06:28:38,408 - node - WARNING - packet with out Raw
2024-01-25 06:28:38,409 - node - WARNING - packet with out Raw
2024-01-25 06:28:38,413 - node - WARNING - packet with out Raw
2024-01-25 06:28:38,414 - node - WARNING - packet with out Raw
2024-01-25 06:28:38,433 - node - WARNING - packet with out Raw
2024-01-25 06:28:38,434 - node - WARNING - packet with out Raw
2024-01-25 06:28:38,436 - node - WARNING - packet with out Raw
2024-01-25 06:28:38,437 - node - WARNING - packet with out Raw
2024-01-25 06:28:38,438 - node - WARNING - packet with out Raw
2024-01-25 06:28:38,439 - node - WARNING - packet with out Raw
2024-01-25 06:28:38,439 - node - WARNING - packet with out Raw
2024-01-25 06:28:38,440 - node - WARNING - packet with out Raw
2024-01-25 06:28:38,440 - node - WARNING - packet with out Raw
2024-01-25 06:28:38,441 - node - WARNING - packet with out Raw
2024-01-25 06:28:38,742 - node - WARNING - packet with out Raw
2024-01-25 06:28:38,743 - node - WARNING - packet with out Raw
2024-01-25 06:28:38,744 - node - WARNING - packet with out Raw
2024-01-25 06:28:38,744 - node - WARNING - packet with out Raw
2024-01-25 06:28:38,745 - node - WARNING - packet with out Raw
2024-01-25 06:28:38,745 - node - WARNING - packet with out Raw
2024-01-25 06:28:38,754 - node - WARNING - packet with out Raw
2024-01-25 06:28:38,755 - node - WARNING - packet with out Raw
2024-01-25 06:28:38,762 - node - WARNING - packet with out Raw
2024-01-25 06:28:38,763 - node - WARNING - packet with out Raw
2024-01-25 06:28:38,801 - node - WARNING - packet with out Raw
2024-01-25 06:28:38,802 - node - WARNING - packet with out Raw
2024-01-25 06:28:38,803 - node - WARNING - packet with out Raw
2024-01-25 06:28:38,803 - node - WARNING - packet with out Raw
2024-01-25 06:28:38,804 - node - WARNING - packet with out Raw
2024-01-25 06:28:38,804 - node - WARNING - packet with out Raw
2024-01-25 06:28:40,290 - node - INFO - broadcastb'\x00\x00\x00\x05\x01\x05\x00\x04\x7f\x00\x00\x01\x01\x00\x00\x00\x00\x00\x05\x03'
2024-01-25 06:28:42,292 - node - INFO - broadcastb'\x00\x00\x00\x06\x01\x05\x00\x04\x7f\x00\x00\x01\x01\x00\x00\x00\x00\x00\x05\x03'
2024-01-25 06:28:44,297 - node - INFO - broadcastb'\x00\x00\x00\x07\x01\x05\x00\x04\x7f\x00\x00\x01\x01\x00\x00\x00\x00\x00\x05\x03'
2024-01-25 06:28:46,301 - node - INFO - broadcastb'\x00\x00\x00\x08\x01\x05\x00\x04\x7f\x00\x00\x01\x01\x00\x00\x00\x00\x00\x05\x03'
2024-01-25 06:28:48,304 - node - INFO - broadcastb'\x00\x00\x00\t\x01\x05\x00\x04\x7f\x00\x00\x01\x01\x00\x00\x00\x00\x00\x05\x03'
2024-01-25 06:28:50,306 - node - INFO - broadcastb'\x00\x00\x00\n\x01\x05\x00\x04\x7f\x00\x00\x01\x01\x00\x00\x00\x00\x00\x05\x03'
2024-01-25 06:28:52,309 - node - INFO - broadcastb'\x00\x00\x00\x0b\x01\x05\x00\x04\x7f\x00\x00\x01\x01\x00\x00\x00\x00\x00\x05\x03'
2024-01-25 06:28:54,312 - node - INFO - broadcastb'\x00\x00\x00\x0c\x01\x05\x00\x04\x7f\x00\x00\x01\x01\x00\x00\x00\x00\x00\x05\x03'
2024-01-25 06:28:56,018 - node - WARNING - packet with out Raw
2024-01-25 06:28:56,019 - node - WARNING - packet with out Raw
2024-01-25 06:28:56,020 - node - WARNING - packet with out Raw
2024-01-25 06:28:56,020 - node - WARNING - packet with out Raw
2024-01-25 06:28:56,025 - node - WARNING - packet with out Raw
2024-01-25 06:28:56,026 - node - WARNING - packet with out Raw
2024-01-25 06:28:56,027 - node - WARNING - packet with out Raw
2024-01-25 06:28:56,028 - node - WARNING - packet with out Raw
2024-01-25 06:28:56,314 - node - INFO - broadcastb'\x00\x00\x00\r\x01\x05\x00\x04\x7f\x00\x00\x01\x01\x00\x00\x00\x00\x00\x05\x03'
2024-01-25 06:28:57,020 - node - WARNING - packet with out Raw
2024-01-25 06:28:57,020 - node - WARNING - packet with out Raw
2024-01-25 06:28:57,021 - node - WARNING - packet with out Raw
2024-01-25 06:28:57,021 - node - WARNING - packet with out Raw
2024-01-25 06:28:57,027 - node - WARNING - packet with out Raw
2024-01-25 06:28:57,027 - node - WARNING - packet with out Raw
2024-01-25 06:28:57,028 - node - WARNING - packet with out Raw
2024-01-25 06:28:57,028 - node - WARNING - packet with out Raw
2024-01-25 06:28:58,317 - node - INFO - broadcastb'\x00\x00\x00\x0e\x01\x05\x00\x04\x7f\x00\x00\x01\x01\x00\x00\x00\x00\x00\x05\x03'
2024-01-25 06:28:58,331 - node - WARNING - packet with out Raw
2024-01-25 06:28:58,332 - node - WARNING - packet with out Raw
2024-01-25 06:28:58,332 - node - WARNING - packet with out Raw
2024-01-25 06:28:58,333 - node - WARNING - packet with out Raw
2024-01-25 06:28:58,516 - node - WARNING - packet with out Raw
2024-01-25 06:28:58,517 - node - WARNING - packet with out Raw
2024-01-25 06:28:58,517 - node - WARNING - packet with out Raw
2024-01-25 06:28:58,518 - node - WARNING - packet with out Raw
2024-01-25 06:29:00,320 - node - INFO - broadcastb'\x00\x00\x00\x0f\x01\x05\x00\x04\x7f\x00\x00\x01\x01\x00\x00\x00\x00\x00\x05\x03'
2024-01-25 06:29:00,860 - node - WARNING - packet with out Raw
2024-01-25 06:29:00,860 - node - WARNING - packet with out Raw
2024-01-25 06:29:00,861 - node - WARNING - packet with out Raw
2024-01-25 06:29:00,861 - node - WARNING - packet with out Raw
2024-01-25 06:29:00,878 - node - WARNING - packet with out Raw
2024-01-25 06:29:00,878 - node - WARNING - packet with out Raw
2024-01-25 06:29:00,879 - node - WARNING - packet with out Raw
2024-01-25 06:29:00,879 - node - WARNING - packet with out Raw
2024-01-25 06:29:02,325 - node - INFO - broadcastb'\x00\x00\x00\x10\x01\x05\x00\x04\x7f\x00\x00\x01\x01\x00\x00\x00\x00\x00\x05\x03'
2024-01-25 06:29:04,337 - node - INFO - broadcastb'\x00\x00\x00\x11\x01\x05\x00\x04\x7f\x00\x00\x01\x01\x00\x00\x00\x00\x00\x05\x03'
2024-01-25 06:29:06,343 - node - INFO - broadcastb'\x00\x00\x00\x12\x01\x05\x00\x04\x7f\x00\x00\x01\x01\x00\x00\x00\x00\x00\x05\x03'
2024-01-25 06:29:08,349 - node - INFO - broadcastb'\x00\x00\x00\x13\x01\x05\x00\x04\x7f\x00\x00\x01\x01\x00\x00\x00\x00\x00\x05\x03'
2024-01-25 06:29:10,357 - node - INFO - broadcastb'\x00\x00\x00\x14\x01\x05\x00\x04\x7f\x00\x00\x01\x01\x00\x00\x00\x00\x00\x05\x03'
2024-01-25 06:29:12,369 - node - INFO - broadcastb'\x00\x00\x00\x15\x01\x05\x00\x04\x7f\x00\x00\x01\x01\x00\x00\x00\x00\x00\x05\x03'
2024-01-25 06:29:14,375 - node - INFO - broadcastb'\x00\x00\x00\x16\x01\x05\x00\x04\x7f\x00\x00\x01\x01\x00\x00\x00\x00\x00\x05\x03'
2024-01-25 06:29:16,378 - node - INFO - broadcastb'\x00\x00\x00\x17\x01\x05\x00\x04\x7f\x00\x00\x01\x01\x00\x00\x00\x00\x00\x05\x03'
2024-01-25 06:29:18,395 - node - INFO - broadcastb'\x00\x00\x00\x18\x01\x05\x00\x04\x7f\x00\x00\x01\x01\x00\x00\x00\x00\x00\x05\x03'
2024-01-25 06:29:20,405 - node - INFO - broadcastb'\x00\x00\x00\x19\x01\x05\x00\x04\x7f\x00\x00\x01\x01\x00\x00\x00\x00\x00\x05\x03'
2024-01-25 06:29:22,413 - node - INFO - broadcastb'\x00\x00\x00\x1a\x01\x05\x00\x04\x7f\x00\x00\x01\x01\x00\x00\x00\x00\x00\x05\x03'
2024-01-25 06:29:24,421 - node - INFO - broadcastb'\x00\x00\x00\x1b\x01\x05\x00\x04\x7f\x00\x00\x01\x01\x00\x00\x00\x00\x00\x05\x03'
2024-01-25 06:29:26,429 - node - INFO - broadcastb'\x00\x00\x00\x1c\x01\x05\x00\x04\x7f\x00\x00\x01\x01\x00\x00\x00\x00\x00\x05\x03'
2024-01-25 06:29:28,437 - node - INFO - broadcastb'\x00\x00\x00\x1d\x01\x05\x00\x04\x7f\x00\x00\x01\x01\x00\x00\x00\x00\x00\x05\x03'
2024-01-25 06:29:30,445 - node - INFO - broadcastb'\x00\x00\x00\x1e\x01\x05\x00\x04\x7f\x00\x00\x01\x01\x00\x00\x00\x00\x00\x05\x03'
2024-01-25 06:29:32,452 - node - INFO - broadcastb'\x00\x00\x00\x1f\x01\x05\x00\x04\x7f\x00\x00\x01\x01\x00\x00\x00\x00\x00\x05\x03'
2024-01-25 06:29:34,456 - node - INFO - broadcastb'\x00\x00\x00 \x01\x05\x00\x04\x7f\x00\x00\x01\x01\x00\x00\x00\x00\x00\x05\x03'
2024-01-25 06:29:36,465 - node - INFO - broadcastb'\x00\x00\x00!\x01\x05\x00\x04\x7f\x00\x00\x01\x01\x00\x00\x00\x00\x00\x05\x03'
2024-01-25 06:29:38,470 - node - INFO - broadcastb'\x00\x00\x00"\x01\x05\x00\x04\x7f\x00\x00\x01\x01\x00\x00\x00\x00\x00\x05\x03'
2024-01-25 06:29:39,399 - node - WARNING - packet with out Raw
2024-01-25 06:29:39,400 - node - WARNING - packet with out Raw
2024-01-25 06:29:39,400 - node - WARNING - packet with out Raw
2024-01-25 06:29:39,403 - node - WARNING - packet with out Raw
2024-01-25 06:29:39,408 - node - WARNING - packet with out Raw
2024-01-25 06:29:39,409 - node - WARNING - packet with out Raw
2024-01-25 06:29:39,415 - node - WARNING - packet with out Raw
2024-01-25 06:29:39,416 - node - WARNING - packet with out Raw
2024-01-25 06:29:39,438 - node - WARNING - packet with out Raw
2024-01-25 06:29:39,439 - node - WARNING - packet with out Raw
2024-01-25 06:29:39,440 - node - WARNING - packet with out Raw
2024-01-25 06:29:39,440 - node - WARNING - packet with out Raw
2024-01-25 06:29:39,454 - node - WARNING - packet with out Raw
2024-01-25 06:29:39,463 - node - WARNING - packet with out Raw
2024-01-25 06:29:39,464 - node - WARNING - packet with out Raw
2024-01-25 06:29:39,465 - node - WARNING - packet with out Raw
2024-01-25 06:29:39,792 - node - WARNING - packet with out Raw
2024-01-25 06:29:39,793 - node - WARNING - packet with out Raw
2024-01-25 06:29:39,793 - node - WARNING - packet with out Raw
2024-01-25 06:29:39,794 - node - WARNING - packet with out Raw
2024-01-25 06:29:39,795 - node - WARNING - packet with out Raw
2024-01-25 06:29:39,795 - node - WARNING - packet with out Raw
2024-01-25 06:29:39,797 - node - WARNING - packet with out Raw
2024-01-25 06:29:39,798 - node - WARNING - packet with out Raw
2024-01-25 06:29:39,800 - node - WARNING - packet with out Raw
2024-01-25 06:29:39,801 - node - WARNING - packet with out Raw
2024-01-25 06:29:39,836 - node - WARNING - packet with out Raw
2024-01-25 06:29:39,837 - node - WARNING - packet with out Raw
2024-01-25 06:29:39,837 - node - WARNING - packet with out Raw
2024-01-25 06:29:39,838 - node - WARNING - packet with out Raw
2024-01-25 06:29:39,839 - node - WARNING - packet with out Raw
2024-01-25 06:29:39,840 - node - WARNING - packet with out Raw
2024-01-25 06:29:40,474 - node - INFO - broadcastb'\x00\x00\x00#\x01\x05\x00\x04\x7f\x00\x00\x01\x01\x00\x00\x00\x00\x00\x05\x03'
2024-01-25 06:29:42,476 - node - INFO - broadcastb'\x00\x00\x00$\x01\x05\x00\x04\x7f\x00\x00\x01\x01\x00\x00\x00\x00\x00\x05\x03'
2024-01-25 06:29:44,479 - node - INFO - broadcastb'\x00\x00\x00%\x01\x05\x00\x04\x7f\x00\x00\x01\x01\x00\x00\x00\x00\x00\x05\x03'
2024-01-25 06:29:46,482 - node - INFO - broadcastb'\x00\x00\x00&\x01\x05\x00\x04\x7f\x00\x00\x01\x01\x00\x00\x00\x00\x00\x05\x03'
2024-01-25 06:29:48,485 - node - INFO - broadcastb"\x00\x00\x00'\x01\x05\x00\x04\x7f\x00\x00\x01\x01\x00\x00\x00\x00\x00\x05\x03"
2024-01-25 06:29:49,618 - node - INFO - keyboard interrupt
