2024-01-25 06:28:55,995 - node - INFO - Sender init complete. addr : 127.0.0.1
2024-01-25 06:29:01,092 - node - INFO - Sender init complete. addr : 127.0.0.1
2024-01-25 06:29:01,140 - node - INFO - init complete
2024-01-25 06:29:01,171 - node - INFO - broadcastb'\x00\x00\x00\x00\x01\x05\x00\x04\x7f\x00\x00\x01\x01\x00\x00\x00\x00\x00\x05\x03'
2024-01-25 06:29:03,177 - node - INFO - broadcastb'\x00\x00\x00\x01\x01\x05\x00\x04\x7f\x00\x00\x01\x01\x00\x00\x00\x00\x00\x05\x03'
2024-01-25 06:29:05,183 - node - INFO - broadcastb'\x00\x00\x00\x02\x01\x05\x00\x04\x7f\x00\x00\x01\x01\x00\x00\x00\x00\x00\x05\x03'
2024-01-25 06:29:07,185 - node - INFO - broadcastb'\x00\x00\x00\x03\x01\x05\x00\x04\x7f\x00\x00\x01\x01\x00\x00\x00\x00\x00\x05\x03'
2024-01-25 06:29:09,192 - node - INFO - broadcastb'\x00\x00\x00\x04\x01\x05\x00\x04\x7f\x00\x00\x01\x01\x00\x00\x00\x00\x00\x05\x03'
2024-01-25 06:29:11,197 - node - INFO - broadcastb'\x00\x00\x00\x05\x01\x05\x00\x04\x7f\x00\x00\x01\x01\x00\x00\x00\x00\x00\x05\x03'
2024-01-25 06:29:13,201 - node - INFO - broadcastb'\x00\x00\x00\x06\x01\x05\x00\x04\x7f\x00\x00\x01\x01\x00\x00\x00\x00\x00\x05\x03'
2024-01-25 06:29:15,205 - node - INFO - broadcastb'\x00\x00\x00\x07\x01\x05\x00\x04\x7f\x00\x00\x01\x01\x00\x00\x00\x00\x00\x05\x03'
2024-01-25 06:29:17,217 - node - INFO - broadcastb'\x00\x00\x00\x08\x01\x05\x00\x04\x7f\x00\x00\x01\x01\x00\x00\x00\x00\x00\x05\x03'
2024-01-25 06:29:19,225 - node - INFO - broadcastb'\x00\x00\x00\t\x01\x05\x00\x04\x7f\x00\x00\x01\x01\x00\x00\x00\x00\x00\x05\x03'
2024-01-25 06:29:21,237 - node - INFO - broadcastb'\x00\x00\x00\n\x01\x05\x00\x04\x7f\x00\x00\x01\x01\x00\x00\x00\x00\x00\x05\x03'
2024-01-25 06:29:23,245 - node - INFO - broadcastb'\x00\x00\x00\x0b\x01\x05\x00\x04\x7f\x00\x00\x01\x01\x00\x00\x00\x00\x00\x05\x03'
2024-01-25 06:29:25,253 - node - INFO - broadcastb'\x00\x00\x00\x0c\x01\x05\x00\x04\x7f\x00\x00\x01\x01\x00\x00\x00\x00\x00\x05\x03'
2024-01-25 06:29:27,261 - node - INFO - broadcastb'\x00\x00\x00\r\x01\x05\x00\x04\x7f\x00\x00\x01\x01\x00\x00\x00\x00\x00\x05\x03'
2024-01-25 06:29:29,269 - node - INFO - broadcastb'\x00\x00\x00\x0e\x01\x05\x00\x04\x7f\x00\x00\x01\x01\x00\x00\x00\x00\x00\x05\x03'
2024-01-25 06:29:31,274 - node - INFO - broadcastb'\x00\x00\x00\x0f\x01\x05\x00\x04\x7f\x00\x00\x01\x01\x00\x00\x00\x00\x00\x05\x03'
2024-01-25 06:29:33,281 - node - INFO - broadcastb'\x00\x00\x00\x10\x01\x05\x00\x04\x7f\x00\x00\x01\x01\x00\x00\x00\x00\x00\x05\x03'
2024-01-25 06:29:35,289 - node - INFO - broadcastb'\x00\x00\x00\x11\x01\x05\x00\x04\x7f\x00\x00\x01\x01\x00\x00\x00\x00\x00\x05\x03'
2024-01-25 06:29:37,296 - node - INFO - broadcastb'\x00\x00\x00\x12\x01\x05\x00\x04\x7f\x00\x00\x01\x01\x00\x00\x00\x00\x00\x05\x03'
2024-01-25 06:29:38,107 - node - INFO - keyboard interrupt
