2024-01-25 22:14:01,611 - node - INFO - Sender init complete. addr : 127.0.0.1
2024-01-25 22:14:03,663 - node - INFO - Sender init complete. addr : 127.0.0.1
2024-01-25 22:14:03,681 - node - INFO - init complete
2024-01-25 22:14:03,685 - node - INFO - broadcastb'\x00\x00\x00\x01\x01\x05\x00\x04\x7f\x00\x00\x01\x01\x00\x00\x00\x00\x00\x05\x03'
2024-01-25 22:14:05,708 - node - INFO - broadcastb'\x00\x00\x00\x03\x01\x05\x00\x04\x7f\x00\x00\x01\x01\x00\x00\x00\x00\x00\x05\x03'
2024-01-25 22:14:07,710 - node - INFO - broadcastb'\x00\x00\x00\x05\x01\x05\x00\x04\x7f\x00\x00\x01\x01\x00\x00\x00\x00\x00\x05\x03'
2024-01-25 22:14:09,714 - node - INFO - broadcastb'\x00\x00\x00\x07\x01\x05\x00\x04\x7f\x00\x00\x01\x01\x00\x00\x00\x00\x00\x05\x03'
2024-01-25 22:14:11,717 - node - INFO - broadcastb'\x00\x00\x00\t\x01\x05\x00\x04\x7f\x00\x00\x01\x01\x00\x00\x00\x00\x00\x05\x03'
2024-01-25 22:14:13,719 - node - INFO - broadcastb'\x00\x00\x00\x0b\x01\x05\x00\x04\x7f\x00\x00\x01\x01\x00\x00\x00\x00\x00\x05\x03'
2024-01-25 22:14:15,721 - node - INFO - broadcastb'\x00\x00\x00\r\x01\x05\x00\x04\x7f\x00\x00\x01\x01\x00\x00\x00\x00\x00\x05\x03'
2024-01-25 22:14:17,726 - node - INFO - broadcastb'\x00\x00\x00\x0f\x01\x05\x00\x04\x7f\x00\x00\x01\x01\x00\x00\x00\x00\x00\x05\x03'
2024-01-25 22:14:19,733 - node - INFO - broadcastb'\x00\x00\x00\x11\x01\x05\x00\x04\x7f\x00\x00\x01\x01\x00\x00\x00\x00\x00\x05\x03'
2024-01-25 22:14:21,736 - node - INFO - broadcastb'\x00\x00\x00\x13\x01\x05\x00\x04\x7f\x00\x00\x01\x01\x00\x00\x00\x00\x00\x05\x03'
2024-01-25 22:14:23,739 - node - INFO - broadcastb'\x00\x00\x00\x15\x01\x05\x00\x04\x7f\x00\x00\x01\x01\x00\x00\x00\x00\x00\x05\x03'
2024-01-25 22:14:25,744 - node - INFO - broadcastb'\x00\x00\x00\x17\x01\x05\x00\x04\x7f\x00\x00\x01\x01\x00\x00\x00\x00\x00\x05\x03'
2024-01-25 22:14:27,746 - node - INFO - broadcastb'\x00\x00\x00\x19\x01\x05\x00\x04\x7f\x00\x00\x01\x01\x00\x00\x00\x00\x00\x05\x03'
2024-01-25 22:14:29,749 - node - INFO - broadcastb'\x00\x00\x00\x1b\x01\x05\x00\x04\x7f\x00\x00\x01\x01\x00\x00\x00\x00\x00\x05\x03'
2024-01-25 22:14:31,756 - node - INFO - broadcastb'\x00\x00\x00\x1d\x01\x05\x00\x04\x7f\x00\x00\x01\x01\x00\x00\x00\x00\x00\x05\x03'
2024-01-25 22:14:32,609 - node - WARNING - packet with out Raw
2024-01-25 22:14:32,611 - node - WARNING - packet with out Raw
2024-01-25 22:14:32,611 - node - WARNING - packet with out Raw
2024-01-25 22:14:32,613 - node - WARNING - packet with out Raw
2024-01-25 22:14:32,615 - node - WARNING - packet with out Raw
2024-01-25 22:14:32,616 - node - WARNING - packet with out Raw
2024-01-25 22:14:32,625 - node - WARNING - packet with out Raw
2024-01-25 22:14:32,627 - node - WARNING - packet with out Raw
2024-01-25 22:14:32,657 - node - WARNING - packet with out Raw
2024-01-25 22:14:32,658 - node - WARNING - packet with out Raw
2024-01-25 22:14:32,660 - node - WARNING - packet with out Raw
2024-01-25 22:14:32,674 - node - WARNING - packet with out Raw
2024-01-25 22:14:32,675 - node - WARNING - packet with out Raw
2024-01-25 22:14:32,676 - node - WARNING - packet with out Raw
2024-01-25 22:14:32,677 - node - WARNING - packet with out Raw
2024-01-25 22:14:32,679 - node - WARNING - packet with out Raw
2024-01-25 22:14:33,094 - node - WARNING - packet with out Raw
2024-01-25 22:14:33,095 - node - WARNING - packet with out Raw
2024-01-25 22:14:33,096 - node - WARNING - packet with out Raw
2024-01-25 22:14:33,097 - node - WARNING - packet with out Raw
2024-01-25 22:14:33,136 - node - WARNING - packet with out Raw
2024-01-25 22:14:33,137 - node - WARNING - packet with out Raw
2024-01-25 22:14:33,141 - node - WARNING - packet with out Raw
2024-01-25 22:14:33,142 - node - WARNING - packet with out Raw
2024-01-25 22:14:33,143 - node - WARNING - packet with out Raw
2024-01-25 22:14:33,144 - node - WARNING - packet with out Raw
2024-01-25 22:14:33,145 - node - WARNING - packet with out Raw
2024-01-25 22:14:33,145 - node - WARNING - packet with out Raw
2024-01-25 22:14:33,146 - node - WARNING - packet with out Raw
2024-01-25 22:14:33,147 - node - WARNING - packet with out Raw
2024-01-25 22:14:33,158 - node - WARNING - packet with out Raw
2024-01-25 22:14:33,158 - node - WARNING - packet with out Raw
2024-01-25 22:14:33,167 - node - WARNING - packet with out Raw
2024-01-25 22:14:33,167 - node - WARNING - packet with out Raw
2024-01-25 22:14:33,201 - node - WARNING - packet with out Raw
2024-01-25 22:14:33,207 - node - WARNING - packet with out Raw
2024-01-25 22:14:33,208 - node - WARNING - packet with out Raw
2024-01-25 22:14:33,208 - node - WARNING - packet with out Raw
2024-01-25 22:14:33,209 - node - WARNING - packet with out Raw
2024-01-25 22:14:33,210 - node - WARNING - packet with out Raw
2024-01-25 22:14:33,760 - node - INFO - broadcastb'\x00\x00\x00\x1f\x01\x05\x00\x04\x7f\x00\x00\x01\x01\x00\x00\x00\x00\x00\x05\x03'
2024-01-25 22:14:35,763 - node - INFO - broadcastb'\x00\x00\x00!\x01\x05\x00\x04\x7f\x00\x00\x01\x01\x00\x00\x00\x00\x00\x05\x03'
2024-01-25 22:14:37,767 - node - INFO - broadcastb'\x00\x00\x00#\x01\x05\x00\x04\x7f\x00\x00\x01\x01\x00\x00\x00\x00\x00\x05\x03'
2024-01-25 22:14:39,770 - node - INFO - broadcastb'\x00\x00\x00%\x01\x05\x00\x04\x7f\x00\x00\x01\x01\x00\x00\x00\x00\x00\x05\x03'
2024-01-25 22:14:40,373 - node - WARNING - packet with out Raw
2024-01-25 22:14:40,374 - node - WARNING - packet with out Raw
2024-01-25 22:14:41,773 - node - INFO - broadcastb"\x00\x00\x00'\x01\x05\x00\x04\x7f\x00\x00\x01\x01\x00\x00\x00\x00\x00\x05\x03"
2024-01-25 22:14:43,777 - node - INFO - broadcastb'\x00\x00\x00)\x01\x05\x00\x04\x7f\x00\x00\x01\x01\x00\x00\x00\x00\x00\x05\x03'
2024-01-25 22:14:45,779 - node - INFO - broadcastb'\x00\x00\x00+\x01\x05\x00\x04\x7f\x00\x00\x01\x01\x00\x00\x00\x00\x00\x05\x03'
2024-01-25 22:14:47,782 - node - INFO - broadcastb'\x00\x00\x00-\x01\x05\x00\x04\x7f\x00\x00\x01\x01\x00\x00\x00\x00\x00\x05\x03'
2024-01-25 22:14:49,785 - node - INFO - broadcastb'\x00\x00\x00/\x01\x05\x00\x04\x7f\x00\x00\x01\x01\x00\x00\x00\x00\x00\x05\x03'
2024-01-25 22:14:51,205 - node - WARNING - packet with out Raw
2024-01-25 22:14:51,207 - node - WARNING - packet with out Raw
2024-01-25 22:14:51,208 - node - WARNING - packet with out Raw
2024-01-25 22:14:51,209 - node - WARNING - packet with out Raw
2024-01-25 22:14:51,255 - node - WARNING - packet with out Raw
2024-01-25 22:14:51,258 - node - WARNING - packet with out Raw
2024-01-25 22:14:51,297 - node - WARNING - packet with out Raw
2024-01-25 22:14:51,300 - node - WARNING - packet with out Raw
2024-01-25 22:14:51,789 - node - INFO - broadcastb'\x00\x00\x001\x01\x05\x00\x04\x7f\x00\x00\x01\x01\x00\x00\x00\x00\x00\x05\x03'
2024-01-25 22:14:53,792 - node - INFO - broadcastb'\x00\x00\x003\x01\x05\x00\x04\x7f\x00\x00\x01\x01\x00\x00\x00\x00\x00\x05\x03'
2024-01-25 22:14:55,797 - node - INFO - broadcastb'\x00\x00\x005\x01\x05\x00\x04\x7f\x00\x00\x01\x01\x00\x00\x00\x00\x00\x05\x03'
2024-01-25 22:14:57,801 - node - INFO - broadcastb'\x00\x00\x007\x01\x05\x00\x04\x7f\x00\x00\x01\x01\x00\x00\x00\x00\x00\x05\x03'
2024-01-25 22:14:59,805 - node - INFO - broadcastb'\x00\x00\x009\x01\x05\x00\x04\x7f\x00\x00\x01\x01\x00\x00\x00\x00\x00\x05\x03'
2024-01-25 22:15:01,808 - node - INFO - broadcastb'\x00\x00\x00;\x01\x05\x00\x04\x7f\x00\x00\x01\x01\x00\x00\x00\x00\x00\x05\x03'
2024-01-25 22:15:03,810 - node - INFO - broadcastb'\x00\x00\x00=\x01\x05\x00\x04\x7f\x00\x00\x01\x01\x00\x00\x00\x00\x00\x05\x03'
2024-01-25 22:15:05,817 - node - INFO - broadcastb'\x00\x00\x00?\x01\x05\x00\x04\x7f\x00\x00\x01\x01\x00\x00\x00\x00\x00\x05\x03'
2024-01-25 22:15:07,820 - node - INFO - broadcastb'\x00\x00\x00A\x01\x05\x00\x04\x7f\x00\x00\x01\x01\x00\x00\x00\x00\x00\x05\x03'
2024-01-25 22:15:09,822 - node - INFO - broadcastb'\x00\x00\x00C\x01\x05\x00\x04\x7f\x00\x00\x01\x01\x00\x00\x00\x00\x00\x05\x03'
2024-01-25 22:15:11,825 - node - INFO - broadcastb'\x00\x00\x00E\x01\x05\x00\x04\x7f\x00\x00\x01\x01\x00\x00\x00\x00\x00\x05\x03'
2024-01-25 22:15:13,829 - node - INFO - broadcastb'\x00\x00\x00G\x01\x05\x00\x04\x7f\x00\x00\x01\x01\x00\x00\x00\x00\x00\x05\x03'
2024-01-25 22:15:15,832 - node - INFO - broadcastb'\x00\x00\x00I\x01\x05\x00\x04\x7f\x00\x00\x01\x01\x00\x00\x00\x00\x00\x05\x03'
2024-01-25 22:15:17,834 - node - INFO - broadcastb'\x00\x00\x00K\x01\x05\x00\x04\x7f\x00\x00\x01\x01\x00\x00\x00\x00\x00\x05\x03'
2024-01-25 22:15:19,836 - node - INFO - broadcastb'\x00\x00\x00M\x01\x05\x00\x04\x7f\x00\x00\x01\x01\x00\x00\x00\x00\x00\x05\x03'
2024-01-25 22:15:21,839 - node - INFO - broadcastb'\x00\x00\x00O\x01\x05\x00\x04\x7f\x00\x00\x01\x01\x00\x00\x00\x00\x00\x05\x03'
2024-01-25 22:15:23,842 - node - INFO - broadcastb'\x00\x00\x00Q\x01\x05\x00\x04\x7f\x00\x00\x01\x01\x00\x00\x00\x00\x00\x05\x03'
2024-01-25 22:15:25,845 - node - INFO - broadcastb'\x00\x00\x00S\x01\x05\x00\x04\x7f\x00\x00\x01\x01\x00\x00\x00\x00\x00\x05\x03'
2024-01-25 22:15:27,849 - node - INFO - broadcastb'\x00\x00\x00U\x01\x05\x00\x04\x7f\x00\x00\x01\x01\x00\x00\x00\x00\x00\x05\x03'
2024-01-25 22:15:28,744 - node - WARNING - packet with out Raw
2024-01-25 22:15:28,745 - node - WARNING - packet with out Raw
2024-01-25 22:15:28,746 - node - WARNING - packet with out Raw
2024-01-25 22:15:28,748 - node - WARNING - packet with out Raw
2024-01-25 22:15:28,795 - node - WARNING - packet with out Raw
2024-01-25 22:15:28,798 - node - WARNING - packet with out Raw
2024-01-25 22:15:28,834 - node - WARNING - packet with out Raw
2024-01-25 22:15:28,837 - node - WARNING - packet with out Raw
2024-01-25 22:15:29,852 - node - INFO - broadcastb'\x00\x00\x00W\x01\x05\x00\x04\x7f\x00\x00\x01\x01\x00\x00\x00\x00\x00\x05\x03'
2024-01-25 22:15:31,855 - node - INFO - broadcastb'\x00\x00\x00Y\x01\x05\x00\x04\x7f\x00\x00\x01\x01\x00\x00\x00\x00\x00\x05\x03'
2024-01-25 22:15:32,630 - node - WARNING - packet with out Raw
2024-01-25 22:15:32,633 - node - WARNING - packet with out Raw
2024-01-25 22:15:32,636 - node - WARNING - packet with out Raw
2024-01-25 22:15:32,637 - node - WARNING - packet with out Raw
2024-01-25 22:15:32,638 - node - WARNING - packet with out Raw
2024-01-25 22:15:32,654 - node - WARNING - packet with out Raw
2024-01-25 22:15:32,656 - node - WARNING - packet with out Raw
2024-01-25 22:15:32,660 - node - WARNING - packet with out Raw
2024-01-25 22:15:32,671 - node - WARNING - packet with out Raw
2024-01-25 22:15:32,673 - node - WARNING - packet with out Raw
2024-01-25 22:15:32,674 - node - WARNING - packet with out Raw
2024-01-25 22:15:32,681 - node - WARNING - packet with out Raw
2024-01-25 22:15:32,682 - node - WARNING - packet with out Raw
2024-01-25 22:15:32,683 - node - WARNING - packet with out Raw
2024-01-25 22:15:32,684 - node - WARNING - packet with out Raw
2024-01-25 22:15:32,684 - node - WARNING - packet with out Raw
2024-01-25 22:15:33,042 - node - WARNING - packet with out Raw
2024-01-25 22:15:33,043 - node - WARNING - packet with out Raw
2024-01-25 22:15:33,044 - node - WARNING - packet with out Raw
2024-01-25 22:15:33,044 - node - WARNING - packet with out Raw
2024-01-25 22:15:33,045 - node - WARNING - packet with out Raw
2024-01-25 22:15:33,046 - node - WARNING - packet with out Raw
2024-01-25 22:15:33,053 - node - WARNING - packet with out Raw
2024-01-25 22:15:33,054 - node - WARNING - packet with out Raw
2024-01-25 22:15:33,056 - node - WARNING - packet with out Raw
2024-01-25 22:15:33,057 - node - WARNING - packet with out Raw
2024-01-25 22:15:33,089 - node - WARNING - packet with out Raw
2024-01-25 22:15:33,090 - node - WARNING - packet with out Raw
2024-01-25 22:15:33,091 - node - WARNING - packet with out Raw
2024-01-25 22:15:33,092 - node - WARNING - packet with out Raw
2024-01-25 22:15:33,093 - node - WARNING - packet with out Raw
2024-01-25 22:15:33,094 - node - WARNING - packet with out Raw
2024-01-25 22:15:33,859 - node - INFO - broadcastb'\x00\x00\x00[\x01\x05\x00\x04\x7f\x00\x00\x01\x01\x00\x00\x00\x00\x00\x05\x03'
2024-01-25 22:15:35,863 - node - INFO - broadcastb'\x00\x00\x00]\x01\x05\x00\x04\x7f\x00\x00\x01\x01\x00\x00\x00\x00\x00\x05\x03'
2024-01-25 22:15:37,866 - node - INFO - broadcastb'\x00\x00\x00_\x01\x05\x00\x04\x7f\x00\x00\x01\x01\x00\x00\x00\x00\x00\x05\x03'
2024-01-25 22:15:39,870 - node - INFO - broadcastb'\x00\x00\x00a\x01\x05\x00\x04\x7f\x00\x00\x01\x01\x00\x00\x00\x00\x00\x05\x03'
2024-01-25 22:15:41,873 - node - INFO - broadcastb'\x00\x00\x00c\x01\x05\x00\x04\x7f\x00\x00\x01\x01\x00\x00\x00\x00\x00\x05\x03'
2024-01-25 22:15:43,877 - node - INFO - broadcastb'\x00\x00\x00e\x01\x05\x00\x04\x7f\x00\x00\x01\x01\x00\x00\x00\x00\x00\x05\x03'
2024-01-25 22:15:45,880 - node - INFO - broadcastb'\x00\x00\x00g\x01\x05\x00\x04\x7f\x00\x00\x01\x01\x00\x00\x00\x00\x00\x05\x03'
2024-01-25 22:15:47,884 - node - INFO - broadcastb'\x00\x00\x00i\x01\x05\x00\x04\x7f\x00\x00\x01\x01\x00\x00\x00\x00\x00\x05\x03'
2024-01-25 22:15:49,886 - node - INFO - broadcastb'\x00\x00\x00k\x01\x05\x00\x04\x7f\x00\x00\x01\x01\x00\x00\x00\x00\x00\x05\x03'
2024-01-25 22:15:51,898 - node - INFO - broadcastb'\x00\x00\x00m\x01\x05\x00\x04\x7f\x00\x00\x01\x01\x00\x00\x00\x00\x00\x05\x03'
2024-01-25 22:15:53,900 - node - INFO - broadcastb'\x00\x00\x00o\x01\x05\x00\x04\x7f\x00\x00\x01\x01\x00\x00\x00\x00\x00\x05\x03'
2024-01-25 22:15:55,904 - node - INFO - broadcastb'\x00\x00\x00q\x01\x05\x00\x04\x7f\x00\x00\x01\x01\x00\x00\x00\x00\x00\x05\x03'
2024-01-25 22:15:57,907 - node - INFO - broadcastb'\x00\x00\x00s\x01\x05\x00\x04\x7f\x00\x00\x01\x01\x00\x00\x00\x00\x00\x05\x03'
2024-01-25 22:15:59,911 - node - INFO - broadcastb'\x00\x00\x00u\x01\x05\x00\x04\x7f\x00\x00\x01\x01\x00\x00\x00\x00\x00\x05\x03'
2024-01-25 22:16:01,914 - node - INFO - broadcastb'\x00\x00\x00w\x01\x05\x00\x04\x7f\x00\x00\x01\x01\x00\x00\x00\x00\x00\x05\x03'
2024-01-25 22:16:03,918 - node - INFO - broadcastb'\x00\x00\x00y\x01\x05\x00\x04\x7f\x00\x00\x01\x01\x00\x00\x00\x00\x00\x05\x03'
2024-01-25 22:16:05,921 - node - INFO - broadcastb'\x00\x00\x00{\x01\x05\x00\x04\x7f\x00\x00\x01\x01\x00\x00\x00\x00\x00\x05\x03'
2024-01-25 22:16:07,924 - node - INFO - broadcastb'\x00\x00\x00}\x01\x05\x00\x04\x7f\x00\x00\x01\x01\x00\x00\x00\x00\x00\x05\x03'
2024-01-25 22:16:09,928 - node - INFO - broadcastb'\x00\x00\x00\x7f\x01\x05\x00\x04\x7f\x00\x00\x01\x01\x00\x00\x00\x00\x00\x05\x03'
2024-01-25 22:16:10,180 - node - WARNING - packet with out Raw
2024-01-25 22:16:10,182 - node - WARNING - packet with out Raw
2024-01-25 22:16:10,183 - node - WARNING - packet with out Raw
2024-01-25 22:16:10,184 - node - WARNING - packet with out Raw
2024-01-25 22:16:10,235 - node - WARNING - packet with out Raw
2024-01-25 22:16:10,238 - node - WARNING - packet with out Raw
2024-01-25 22:16:10,239 - node - WARNING - packet with out Raw
2024-01-25 22:16:10,240 - node - WARNING - packet with out Raw
2024-01-25 22:16:10,404 - node - WARNING - packet with out Raw
2024-01-25 22:16:10,408 - node - WARNING - packet with out Raw
2024-01-25 22:16:10,409 - node - WARNING - packet with out Raw
2024-01-25 22:16:10,410 - node - WARNING - packet with out Raw
2024-01-25 22:16:10,448 - node - WARNING - packet with out Raw
2024-01-25 22:16:10,450 - node - WARNING - packet with out Raw
2024-01-25 22:16:10,503 - node - WARNING - packet with out Raw
2024-01-25 22:16:10,508 - node - WARNING - packet with out Raw
2024-01-25 22:16:10,511 - node - WARNING - packet with out Raw
2024-01-25 22:16:10,514 - node - WARNING - packet with out Raw
2024-01-25 22:16:11,931 - node - INFO - broadcastb'\x00\x00\x00\x81\x01\x05\x00\x04\x7f\x00\x00\x01\x01\x00\x00\x00\x00\x00\x05\x03'
2024-01-25 22:16:13,935 - node - INFO - broadcastb'\x00\x00\x00\x83\x01\x05\x00\x04\x7f\x00\x00\x01\x01\x00\x00\x00\x00\x00\x05\x03'
2024-01-25 22:16:15,937 - node - INFO - broadcastb'\x00\x00\x00\x85\x01\x05\x00\x04\x7f\x00\x00\x01\x01\x00\x00\x00\x00\x00\x05\x03'
2024-01-25 22:16:17,940 - node - INFO - broadcastb'\x00\x00\x00\x87\x01\x05\x00\x04\x7f\x00\x00\x01\x01\x00\x00\x00\x00\x00\x05\x03'
2024-01-25 22:16:19,944 - node - INFO - broadcastb'\x00\x00\x00\x89\x01\x05\x00\x04\x7f\x00\x00\x01\x01\x00\x00\x00\x00\x00\x05\x03'
2024-01-25 22:16:21,947 - node - INFO - broadcastb'\x00\x00\x00\x8b\x01\x05\x00\x04\x7f\x00\x00\x01\x01\x00\x00\x00\x00\x00\x05\x03'
2024-01-25 22:16:23,950 - node - INFO - broadcastb'\x00\x00\x00\x8d\x01\x05\x00\x04\x7f\x00\x00\x01\x01\x00\x00\x00\x00\x00\x05\x03'
2024-01-25 22:16:25,954 - node - INFO - broadcastb'\x00\x00\x00\x8f\x01\x05\x00\x04\x7f\x00\x00\x01\x01\x00\x00\x00\x00\x00\x05\x03'
2024-01-25 22:16:27,957 - node - INFO - broadcastb'\x00\x00\x00\x91\x01\x05\x00\x04\x7f\x00\x00\x01\x01\x00\x00\x00\x00\x00\x05\x03'
2024-01-25 22:16:29,960 - node - INFO - broadcastb'\x00\x00\x00\x93\x01\x05\x00\x04\x7f\x00\x00\x01\x01\x00\x00\x00\x00\x00\x05\x03'
2024-01-25 22:16:31,965 - node - INFO - broadcastb'\x00\x00\x00\x95\x01\x05\x00\x04\x7f\x00\x00\x01\x01\x00\x00\x00\x00\x00\x05\x03'
2024-01-25 22:16:32,517 - node - WARNING - packet with out Raw
2024-01-25 22:16:32,518 - node - WARNING - packet with out Raw
2024-01-25 22:16:32,518 - node - WARNING - packet with out Raw
2024-01-25 22:16:32,519 - node - WARNING - packet with out Raw
2024-01-25 22:16:32,520 - node - WARNING - packet with out Raw
2024-01-25 22:16:32,521 - node - WARNING - packet with out Raw
2024-01-25 22:16:32,525 - node - WARNING - packet with out Raw
2024-01-25 22:16:32,526 - node - WARNING - packet with out Raw
2024-01-25 22:16:32,531 - node - WARNING - packet with out Raw
2024-01-25 22:16:32,532 - node - WARNING - packet with out Raw
2024-01-25 22:16:32,533 - node - WARNING - packet with out Raw
2024-01-25 22:16:32,542 - node - WARNING - packet with out Raw
2024-01-25 22:16:32,543 - node - WARNING - packet with out Raw
2024-01-25 22:16:32,543 - node - WARNING - packet with out Raw
2024-01-25 22:16:32,544 - node - WARNING - packet with out Raw
2024-01-25 22:16:32,545 - node - WARNING - packet with out Raw
2024-01-25 22:16:32,909 - node - WARNING - packet with out Raw
2024-01-25 22:16:32,909 - node - WARNING - packet with out Raw
2024-01-25 22:16:32,910 - node - WARNING - packet with out Raw
2024-01-25 22:16:32,911 - node - WARNING - packet with out Raw
2024-01-25 22:16:32,911 - node - WARNING - packet with out Raw
2024-01-25 22:16:32,912 - node - WARNING - packet with out Raw
2024-01-25 22:16:32,915 - node - WARNING - packet with out Raw
2024-01-25 22:16:32,915 - node - WARNING - packet with out Raw
2024-01-25 22:16:32,918 - node - WARNING - packet with out Raw
2024-01-25 22:16:32,918 - node - WARNING - packet with out Raw
2024-01-25 22:16:32,961 - node - WARNING - packet with out Raw
2024-01-25 22:16:32,962 - node - WARNING - packet with out Raw
2024-01-25 22:16:32,962 - node - WARNING - packet with out Raw
2024-01-25 22:16:32,963 - node - WARNING - packet with out Raw
2024-01-25 22:16:32,964 - node - WARNING - packet with out Raw
2024-01-25 22:16:32,965 - node - WARNING - packet with out Raw
2024-01-25 22:16:33,969 - node - INFO - broadcastb'\x00\x00\x00\x97\x01\x05\x00\x04\x7f\x00\x00\x01\x01\x00\x00\x00\x00\x00\x05\x03'
2024-01-25 22:16:35,972 - node - INFO - broadcastb'\x00\x00\x00\x99\x01\x05\x00\x04\x7f\x00\x00\x01\x01\x00\x00\x00\x00\x00\x05\x03'
2024-01-25 22:16:37,976 - node - INFO - broadcastb'\x00\x00\x00\x9b\x01\x05\x00\x04\x7f\x00\x00\x01\x01\x00\x00\x00\x00\x00\x05\x03'
2024-01-25 22:16:39,981 - node - INFO - broadcastb'\x00\x00\x00\x9d\x01\x05\x00\x04\x7f\x00\x00\x01\x01\x00\x00\x00\x00\x00\x05\x03'
2024-01-25 22:16:41,986 - node - INFO - broadcastb'\x00\x00\x00\x9f\x01\x05\x00\x04\x7f\x00\x00\x01\x01\x00\x00\x00\x00\x00\x05\x03'
2024-01-25 22:16:43,594 - node - WARNING - packet with out Raw
2024-01-25 22:16:43,595 - node - WARNING - packet with out Raw
2024-01-25 22:16:43,596 - node - WARNING - packet with out Raw
2024-01-25 22:16:43,598 - node - WARNING - packet with out Raw
2024-01-25 22:16:43,642 - node - WARNING - packet with out Raw
2024-01-25 22:16:43,645 - node - WARNING - packet with out Raw
2024-01-25 22:16:43,672 - node - WARNING - packet with out Raw
2024-01-25 22:16:43,674 - node - WARNING - packet with out Raw
2024-01-25 22:16:43,989 - node - INFO - broadcastb'\x00\x00\x00\xa1\x01\x05\x00\x04\x7f\x00\x00\x01\x01\x00\x00\x00\x00\x00\x05\x03'
2024-01-25 22:16:45,993 - node - INFO - broadcastb'\x00\x00\x00\xa3\x01\x05\x00\x04\x7f\x00\x00\x01\x01\x00\x00\x00\x00\x00\x05\x03'
2024-01-25 22:16:47,997 - node - INFO - broadcastb'\x00\x00\x00\xa5\x01\x05\x00\x04\x7f\x00\x00\x01\x01\x00\x00\x00\x00\x00\x05\x03'
2024-01-25 22:16:49,593 - node - WARNING - packet with out Raw
2024-01-25 22:16:49,598 - node - WARNING - packet with out Raw
2024-01-25 22:16:49,599 - node - WARNING - packet with out Raw
2024-01-25 22:16:49,600 - node - WARNING - packet with out Raw
2024-01-25 22:16:49,651 - node - WARNING - packet with out Raw
2024-01-25 22:16:49,653 - node - WARNING - packet with out Raw
2024-01-25 22:16:49,686 - node - WARNING - packet with out Raw
2024-01-25 22:16:49,699 - node - WARNING - packet with out Raw
2024-01-25 22:16:49,702 - node - WARNING - packet with out Raw
2024-01-25 22:16:49,727 - node - WARNING - packet with out Raw
2024-01-25 22:16:49,758 - node - WARNING - packet with out Raw
2024-01-25 22:16:49,759 - node - WARNING - packet with out Raw
2024-01-25 22:16:49,761 - node - WARNING - packet with out Raw
2024-01-25 22:16:49,762 - node - WARNING - packet with out Raw
2024-01-25 22:16:49,792 - node - WARNING - packet with out Raw
2024-01-25 22:16:49,794 - node - WARNING - packet with out Raw
2024-01-25 22:16:49,804 - node - WARNING - packet with out Raw
2024-01-25 22:16:49,807 - node - WARNING - packet with out Raw
2024-01-25 22:16:50,000 - node - INFO - broadcastb'\x00\x00\x00\xa7\x01\x05\x00\x04\x7f\x00\x00\x01\x01\x00\x00\x00\x00\x00\x05\x03'
2024-01-25 22:16:52,009 - node - INFO - broadcastb'\x00\x00\x00\xa9\x01\x05\x00\x04\x7f\x00\x00\x01\x01\x00\x00\x00\x00\x00\x05\x03'
2024-01-25 22:16:54,013 - node - INFO - broadcastb'\x00\x00\x00\xab\x01\x05\x00\x04\x7f\x00\x00\x01\x01\x00\x00\x00\x00\x00\x05\x03'
2024-01-25 22:16:56,017 - node - INFO - broadcastb'\x00\x00\x00\xad\x01\x05\x00\x04\x7f\x00\x00\x01\x01\x00\x00\x00\x00\x00\x05\x03'
2024-01-25 22:16:57,536 - node - WARNING - packet with out Raw
2024-01-25 22:16:57,538 - node - WARNING - packet with out Raw
2024-01-25 22:16:57,539 - node - WARNING - packet with out Raw
2024-01-25 22:16:57,541 - node - WARNING - packet with out Raw
2024-01-25 22:16:57,574 - node - WARNING - packet with out Raw
2024-01-25 22:16:57,577 - node - WARNING - packet with out Raw
2024-01-25 22:16:57,580 - node - WARNING - packet with out Raw
2024-01-25 22:16:57,582 - node - WARNING - packet with out Raw
2024-01-25 22:16:58,022 - node - INFO - broadcastb'\x00\x00\x00\xaf\x01\x05\x00\x04\x7f\x00\x00\x01\x01\x00\x00\x00\x00\x00\x05\x03'
2024-01-25 22:17:00,028 - node - INFO - broadcastb'\x00\x00\x00\xb1\x01\x05\x00\x04\x7f\x00\x00\x01\x01\x00\x00\x00\x00\x00\x05\x03'
2024-01-25 22:17:02,031 - node - INFO - broadcastb'\x00\x00\x00\xb3\x01\x05\x00\x04\x7f\x00\x00\x01\x01\x00\x00\x00\x00\x00\x05\x03'
2024-01-25 22:17:04,033 - node - INFO - broadcastb'\x00\x00\x00\xb5\x01\x05\x00\x04\x7f\x00\x00\x01\x01\x00\x00\x00\x00\x00\x05\x03'
2024-01-25 22:17:06,036 - node - INFO - broadcastb'\x00\x00\x00\xb7\x01\x05\x00\x04\x7f\x00\x00\x01\x01\x00\x00\x00\x00\x00\x05\x03'
2024-01-25 22:17:08,039 - node - INFO - broadcastb'\x00\x00\x00\xb9\x01\x05\x00\x04\x7f\x00\x00\x01\x01\x00\x00\x00\x00\x00\x05\x03'
2024-01-25 22:17:10,041 - node - INFO - broadcastb'\x00\x00\x00\xbb\x01\x05\x00\x04\x7f\x00\x00\x01\x01\x00\x00\x00\x00\x00\x05\x03'
2024-01-25 22:17:12,044 - node - INFO - broadcastb'\x00\x00\x00\xbd\x01\x05\x00\x04\x7f\x00\x00\x01\x01\x00\x00\x00\x00\x00\x05\x03'
2024-01-25 22:17:14,047 - node - INFO - broadcastb'\x00\x00\x00\xbf\x01\x05\x00\x04\x7f\x00\x00\x01\x01\x00\x00\x00\x00\x00\x05\x03'
2024-01-25 22:17:16,050 - node - INFO - broadcastb'\x00\x00\x00\xc1\x01\x05\x00\x04\x7f\x00\x00\x01\x01\x00\x00\x00\x00\x00\x05\x03'
2024-01-25 22:17:16,465 - node - WARNING - packet with out Raw
2024-01-25 22:17:16,466 - node - WARNING - packet with out Raw
2024-01-25 22:17:16,469 - node - WARNING - packet with out Raw
2024-01-25 22:17:16,470 - node - WARNING - packet with out Raw
2024-01-25 22:17:16,511 - node - WARNING - packet with out Raw
2024-01-25 22:17:16,515 - node - WARNING - packet with out Raw
2024-01-25 22:17:16,518 - node - WARNING - packet with out Raw
2024-01-25 22:17:16,521 - node - WARNING - packet with out Raw
2024-01-25 22:17:18,054 - node - INFO - broadcastb'\x00\x00\x00\xc3\x01\x05\x00\x04\x7f\x00\x00\x01\x01\x00\x00\x00\x00\x00\x05\x03'
2024-01-25 22:17:20,056 - node - INFO - broadcastb'\x00\x00\x00\xc5\x01\x05\x00\x04\x7f\x00\x00\x01\x01\x00\x00\x00\x00\x00\x05\x03'
2024-01-25 22:17:22,059 - node - INFO - broadcastb'\x00\x00\x00\xc7\x01\x05\x00\x04\x7f\x00\x00\x01\x01\x00\x00\x00\x00\x00\x05\x03'
2024-01-25 22:17:24,066 - node - INFO - broadcastb'\x00\x00\x00\xc9\x01\x05\x00\x04\x7f\x00\x00\x01\x01\x00\x00\x00\x00\x00\x05\x03'
2024-01-25 22:17:26,073 - node - INFO - broadcastb'\x00\x00\x00\xcb\x01\x05\x00\x04\x7f\x00\x00\x01\x01\x00\x00\x00\x00\x00\x05\x03'
2024-01-25 22:17:28,079 - node - INFO - broadcastb'\x00\x00\x00\xcd\x01\x05\x00\x04\x7f\x00\x00\x01\x01\x00\x00\x00\x00\x00\x05\x03'
2024-01-25 22:17:30,082 - node - INFO - broadcastb'\x00\x00\x00\xcf\x01\x05\x00\x04\x7f\x00\x00\x01\x01\x00\x00\x00\x00\x00\x05\x03'
2024-01-25 22:17:32,085 - node - INFO - broadcastb'\x00\x00\x00\xd1\x01\x05\x00\x04\x7f\x00\x00\x01\x01\x00\x00\x00\x00\x00\x05\x03'
2024-01-25 22:17:32,306 - node - WARNING - packet with out Raw
2024-01-25 22:17:32,308 - node - WARNING - packet with out Raw
2024-01-25 22:17:32,309 - node - WARNING - packet with out Raw
2024-01-25 22:17:32,311 - node - WARNING - packet with out Raw
2024-01-25 22:17:32,361 - node - WARNING - packet with out Raw
2024-01-25 22:17:32,377 - node - WARNING - packet with out Raw
2024-01-25 22:17:32,384 - node - WARNING - packet with out Raw
2024-01-25 22:17:32,388 - node - WARNING - packet with out Raw
2024-01-25 22:17:32,391 - node - WARNING - packet with out Raw
2024-01-25 22:17:32,397 - node - WARNING - packet with out Raw
2024-01-25 22:17:32,398 - node - WARNING - packet with out Raw
2024-01-25 22:17:32,398 - node - WARNING - packet with out Raw
2024-01-25 22:17:32,402 - node - WARNING - packet with out Raw
2024-01-25 22:17:32,403 - node - WARNING - packet with out Raw
2024-01-25 22:17:32,411 - node - WARNING - packet with out Raw
2024-01-25 22:17:32,412 - node - WARNING - packet with out Raw
2024-01-25 22:17:32,422 - node - WARNING - packet with out Raw
2024-01-25 22:17:32,423 - node - WARNING - packet with out Raw
2024-01-25 22:17:32,425 - node - WARNING - packet with out Raw
2024-01-25 22:17:32,427 - node - WARNING - packet with out Raw
2024-01-25 22:17:32,427 - node - WARNING - packet with out Raw
2024-01-25 22:17:32,428 - node - WARNING - packet with out Raw
2024-01-25 22:17:32,430 - node - WARNING - packet with out Raw
2024-01-25 22:17:32,431 - node - WARNING - packet with out Raw
2024-01-25 22:17:32,890 - node - WARNING - packet with out Raw
2024-01-25 22:17:32,891 - node - WARNING - packet with out Raw
2024-01-25 22:17:32,892 - node - WARNING - packet with out Raw
2024-01-25 22:17:32,893 - node - WARNING - packet with out Raw
2024-01-25 22:17:32,893 - node - WARNING - packet with out Raw
2024-01-25 22:17:32,894 - node - WARNING - packet with out Raw
2024-01-25 22:17:32,898 - node - WARNING - packet with out Raw
2024-01-25 22:17:32,898 - node - WARNING - packet with out Raw
2024-01-25 22:17:32,901 - node - WARNING - packet with out Raw
2024-01-25 22:17:32,905 - node - WARNING - packet with out Raw
2024-01-25 22:17:32,944 - node - WARNING - packet with out Raw
2024-01-25 22:17:32,945 - node - WARNING - packet with out Raw
2024-01-25 22:17:32,947 - node - WARNING - packet with out Raw
2024-01-25 22:17:32,947 - node - WARNING - packet with out Raw
2024-01-25 22:17:32,948 - node - WARNING - packet with out Raw
2024-01-25 22:17:32,950 - node - WARNING - packet with out Raw
2024-01-25 22:17:34,090 - node - INFO - broadcastb'\x00\x00\x00\xd3\x01\x05\x00\x04\x7f\x00\x00\x01\x01\x00\x00\x00\x00\x00\x05\x03'
2024-01-25 22:17:36,093 - node - INFO - broadcastb'\x00\x00\x00\xd5\x01\x05\x00\x04\x7f\x00\x00\x01\x01\x00\x00\x00\x00\x00\x05\x03'
2024-01-25 22:17:38,095 - node - INFO - broadcastb'\x00\x00\x00\xd7\x01\x05\x00\x04\x7f\x00\x00\x01\x01\x00\x00\x00\x00\x00\x05\x03'
2024-01-25 22:17:40,098 - node - INFO - broadcastb'\x00\x00\x00\xd9\x01\x05\x00\x04\x7f\x00\x00\x01\x01\x00\x00\x00\x00\x00\x05\x03'
2024-01-25 22:17:42,100 - node - INFO - broadcastb'\x00\x00\x00\xdb\x01\x05\x00\x04\x7f\x00\x00\x01\x01\x00\x00\x00\x00\x00\x05\x03'
2024-01-25 22:17:44,102 - node - INFO - broadcastb'\x00\x00\x00\xdd\x01\x05\x00\x04\x7f\x00\x00\x01\x01\x00\x00\x00\x00\x00\x05\x03'
2024-01-25 22:17:46,106 - node - INFO - broadcastb'\x00\x00\x00\xdf\x01\x05\x00\x04\x7f\x00\x00\x01\x01\x00\x00\x00\x00\x00\x05\x03'
2024-01-25 22:17:48,109 - node - INFO - broadcastb'\x00\x00\x00\xe1\x01\x05\x00\x04\x7f\x00\x00\x01\x01\x00\x00\x00\x00\x00\x05\x03'
2024-01-25 22:17:50,112 - node - INFO - broadcastb'\x00\x00\x00\xe3\x01\x05\x00\x04\x7f\x00\x00\x01\x01\x00\x00\x00\x00\x00\x05\x03'
2024-01-25 22:17:52,114 - node - INFO - broadcastb'\x00\x00\x00\xe5\x01\x05\x00\x04\x7f\x00\x00\x01\x01\x00\x00\x00\x00\x00\x05\x03'
2024-01-25 22:17:54,118 - node - INFO - broadcastb'\x00\x00\x00\xe7\x01\x05\x00\x04\x7f\x00\x00\x01\x01\x00\x00\x00\x00\x00\x05\x03'
2024-01-25 22:17:56,121 - node - INFO - broadcastb'\x00\x00\x00\xe9\x01\x05\x00\x04\x7f\x00\x00\x01\x01\x00\x00\x00\x00\x00\x05\x03'
2024-01-25 22:17:58,123 - node - INFO - broadcastb'\x00\x00\x00\xeb\x01\x05\x00\x04\x7f\x00\x00\x01\x01\x00\x00\x00\x00\x00\x05\x03'
2024-01-25 22:18:00,126 - node - INFO - broadcastb'\x00\x00\x00\xed\x01\x05\x00\x04\x7f\x00\x00\x01\x01\x00\x00\x00\x00\x00\x05\x03'
2024-01-25 22:18:02,128 - node - INFO - broadcastb'\x00\x00\x00\xef\x01\x05\x00\x04\x7f\x00\x00\x01\x01\x00\x00\x00\x00\x00\x05\x03'
2024-01-25 22:18:04,132 - node - INFO - broadcastb'\x00\x00\x00\xf1\x01\x05\x00\x04\x7f\x00\x00\x01\x01\x00\x00\x00\x00\x00\x05\x03'
2024-01-25 22:18:06,135 - node - INFO - broadcastb'\x00\x00\x00\xf3\x01\x05\x00\x04\x7f\x00\x00\x01\x01\x00\x00\x00\x00\x00\x05\x03'
2024-01-25 22:18:08,140 - node - INFO - broadcastb'\x00\x00\x00\xf5\x01\x05\x00\x04\x7f\x00\x00\x01\x01\x00\x00\x00\x00\x00\x05\x03'
2024-01-25 22:18:10,142 - node - INFO - broadcastb'\x00\x00\x00\xf7\x01\x05\x00\x04\x7f\x00\x00\x01\x01\x00\x00\x00\x00\x00\x05\x03'
2024-01-25 22:18:12,145 - node - INFO - broadcastb'\x00\x00\x00\xf9\x01\x05\x00\x04\x7f\x00\x00\x01\x01\x00\x00\x00\x00\x00\x05\x03'
2024-01-25 22:18:14,148 - node - INFO - broadcastb'\x00\x00\x00\xfb\x01\x05\x00\x04\x7f\x00\x00\x01\x01\x00\x00\x00\x00\x00\x05\x03'
2024-01-25 22:18:16,150 - node - INFO - broadcastb'\x00\x00\x00\xfd\x01\x05\x00\x04\x7f\x00\x00\x01\x01\x00\x00\x00\x00\x00\x05\x03'
2024-01-25 22:18:18,153 - node - INFO - broadcastb'\x00\x00\x00\xff\x01\x05\x00\x04\x7f\x00\x00\x01\x01\x00\x00\x00\x00\x00\x05\x03'
2024-01-25 22:18:20,156 - node - INFO - broadcastb'\x00\x00\x01\x01\x01\x05\x00\x04\x7f\x00\x00\x01\x01\x00\x00\x00\x00\x00\x05\x03'
2024-01-25 22:18:22,159 - node - INFO - broadcastb'\x00\x00\x01\x03\x01\x05\x00\x04\x7f\x00\x00\x01\x01\x00\x00\x00\x00\x00\x05\x03'
2024-01-25 22:18:22,988 - node - WARNING - packet with out Raw
2024-01-25 22:18:22,989 - node - WARNING - packet with out Raw
2024-01-25 22:18:22,991 - node - WARNING - packet with out Raw
2024-01-25 22:18:22,992 - node - WARNING - packet with out Raw
2024-01-25 22:18:23,034 - node - WARNING - packet with out Raw
2024-01-25 22:18:23,037 - node - WARNING - packet with out Raw
2024-01-25 22:18:23,077 - node - WARNING - packet with out Raw
2024-01-25 22:18:23,092 - node - WARNING - packet with out Raw
2024-01-25 22:18:24,161 - node - INFO - broadcastb'\x00\x00\x01\x05\x01\x05\x00\x04\x7f\x00\x00\x01\x01\x00\x00\x00\x00\x00\x05\x03'
2024-01-25 22:18:26,165 - node - INFO - broadcastb'\x00\x00\x01\x07\x01\x05\x00\x04\x7f\x00\x00\x01\x01\x00\x00\x00\x00\x00\x05\x03'
2024-01-25 22:18:28,168 - node - INFO - broadcastb'\x00\x00\x01\t\x01\x05\x00\x04\x7f\x00\x00\x01\x01\x00\x00\x00\x00\x00\x05\x03'
2024-01-25 22:18:30,171 - node - INFO - broadcastb'\x00\x00\x01\x0b\x01\x05\x00\x04\x7f\x00\x00\x01\x01\x00\x00\x00\x00\x00\x05\x03'
2024-01-25 22:18:32,173 - node - INFO - broadcastb'\x00\x00\x01\r\x01\x05\x00\x04\x7f\x00\x00\x01\x01\x00\x00\x00\x00\x00\x05\x03'
2024-01-25 22:18:32,374 - node - WARNING - packet with out Raw
2024-01-25 22:18:32,375 - node - WARNING - packet with out Raw
2024-01-25 22:18:32,375 - node - WARNING - packet with out Raw
2024-01-25 22:18:32,376 - node - WARNING - packet with out Raw
2024-01-25 22:18:32,376 - node - WARNING - packet with out Raw
2024-01-25 22:18:32,380 - node - WARNING - packet with out Raw
2024-01-25 22:18:32,384 - node - WARNING - packet with out Raw
2024-01-25 22:18:32,388 - node - WARNING - packet with out Raw
2024-01-25 22:18:32,391 - node - WARNING - packet with out Raw
2024-01-25 22:18:32,392 - node - WARNING - packet with out Raw
2024-01-25 22:18:32,393 - node - WARNING - packet with out Raw
2024-01-25 22:18:32,394 - node - WARNING - packet with out Raw
2024-01-25 22:18:32,396 - node - WARNING - packet with out Raw
2024-01-25 22:18:32,397 - node - WARNING - packet with out Raw
2024-01-25 22:18:32,398 - node - WARNING - packet with out Raw
2024-01-25 22:18:32,399 - node - WARNING - packet with out Raw
2024-01-25 22:18:32,812 - node - WARNING - packet with out Raw
2024-01-25 22:18:32,813 - node - WARNING - packet with out Raw
2024-01-25 22:18:32,814 - node - WARNING - packet with out Raw
2024-01-25 22:18:32,815 - node - WARNING - packet with out Raw
2024-01-25 22:18:32,816 - node - WARNING - packet with out Raw
2024-01-25 22:18:32,823 - node - WARNING - packet with out Raw
2024-01-25 22:18:32,834 - node - WARNING - packet with out Raw
2024-01-25 22:18:32,839 - node - WARNING - packet with out Raw
2024-01-25 22:18:32,854 - node - WARNING - packet with out Raw
2024-01-25 22:18:32,855 - node - WARNING - packet with out Raw
2024-01-25 22:18:32,867 - node - WARNING - packet with out Raw
2024-01-25 22:18:32,868 - node - WARNING - packet with out Raw
2024-01-25 22:18:32,869 - node - WARNING - packet with out Raw
2024-01-25 22:18:32,870 - node - WARNING - packet with out Raw
2024-01-25 22:18:32,870 - node - WARNING - packet with out Raw
2024-01-25 22:18:32,872 - node - WARNING - packet with out Raw
2024-01-25 22:18:34,175 - node - INFO - broadcastb'\x00\x00\x01\x0f\x01\x05\x00\x04\x7f\x00\x00\x01\x01\x00\x00\x00\x00\x00\x05\x03'
2024-01-25 22:18:36,177 - node - INFO - broadcastb'\x00\x00\x01\x11\x01\x05\x00\x04\x7f\x00\x00\x01\x01\x00\x00\x00\x00\x00\x05\x03'
2024-01-25 22:18:38,180 - node - INFO - broadcastb'\x00\x00\x01\x13\x01\x05\x00\x04\x7f\x00\x00\x01\x01\x00\x00\x00\x00\x00\x05\x03'
2024-01-25 22:18:40,184 - node - INFO - broadcastb'\x00\x00\x01\x15\x01\x05\x00\x04\x7f\x00\x00\x01\x01\x00\x00\x00\x00\x00\x05\x03'
2024-01-25 22:18:42,188 - node - INFO - broadcastb'\x00\x00\x01\x17\x01\x05\x00\x04\x7f\x00\x00\x01\x01\x00\x00\x00\x00\x00\x05\x03'
2024-01-25 22:18:44,192 - node - INFO - broadcastb'\x00\x00\x01\x19\x01\x05\x00\x04\x7f\x00\x00\x01\x01\x00\x00\x00\x00\x00\x05\x03'
2024-01-25 22:18:46,194 - node - INFO - broadcastb'\x00\x00\x01\x1b\x01\x05\x00\x04\x7f\x00\x00\x01\x01\x00\x00\x00\x00\x00\x05\x03'
2024-01-25 22:18:46,822 - node - WARNING - packet with out Raw
2024-01-25 22:18:46,823 - node - WARNING - packet with out Raw
2024-01-25 22:18:46,824 - node - WARNING - packet with out Raw
2024-01-25 22:18:46,827 - node - WARNING - packet with out Raw
2024-01-25 22:18:46,829 - node - WARNING - packet with out Raw
2024-01-25 22:18:46,830 - node - WARNING - packet with out Raw
2024-01-25 22:18:46,864 - node - WARNING - packet with out Raw
2024-01-25 22:18:46,865 - node - WARNING - packet with out Raw
2024-01-25 22:18:46,867 - node - WARNING - packet with out Raw
2024-01-25 22:18:46,869 - node - WARNING - packet with out Raw
2024-01-25 22:18:48,197 - node - INFO - broadcastb'\x00\x00\x01\x1d\x01\x05\x00\x04\x7f\x00\x00\x01\x01\x00\x00\x00\x00\x00\x05\x03'
2024-01-25 22:18:50,199 - node - INFO - broadcastb'\x00\x00\x01\x1f\x01\x05\x00\x04\x7f\x00\x00\x01\x01\x00\x00\x00\x00\x00\x05\x03'
2024-01-25 22:18:52,203 - node - INFO - broadcastb'\x00\x00\x01!\x01\x05\x00\x04\x7f\x00\x00\x01\x01\x00\x00\x00\x00\x00\x05\x03'
2024-01-25 22:18:54,206 - node - INFO - broadcastb'\x00\x00\x01#\x01\x05\x00\x04\x7f\x00\x00\x01\x01\x00\x00\x00\x00\x00\x05\x03'
2024-01-25 22:18:56,209 - node - INFO - broadcastb'\x00\x00\x01%\x01\x05\x00\x04\x7f\x00\x00\x01\x01\x00\x00\x00\x00\x00\x05\x03'
2024-01-25 22:18:58,212 - node - INFO - broadcastb"\x00\x00\x01'\x01\x05\x00\x04\x7f\x00\x00\x01\x01\x00\x00\x00\x00\x00\x05\x03"
2024-01-25 22:19:00,215 - node - INFO - broadcastb'\x00\x00\x01)\x01\x05\x00\x04\x7f\x00\x00\x01\x01\x00\x00\x00\x00\x00\x05\x03'
2024-01-25 22:19:02,219 - node - INFO - broadcastb'\x00\x00\x01+\x01\x05\x00\x04\x7f\x00\x00\x01\x01\x00\x00\x00\x00\x00\x05\x03'
2024-01-25 22:19:04,222 - node - INFO - broadcastb'\x00\x00\x01-\x01\x05\x00\x04\x7f\x00\x00\x01\x01\x00\x00\x00\x00\x00\x05\x03'
2024-01-25 22:19:04,773 - node - WARNING - packet with out Raw
2024-01-25 22:19:04,775 - node - WARNING - packet with out Raw
2024-01-25 22:19:04,777 - node - WARNING - packet with out Raw
2024-01-25 22:19:04,780 - node - WARNING - packet with out Raw
2024-01-25 22:19:04,815 - node - WARNING - packet with out Raw
2024-01-25 22:19:04,817 - node - WARNING - packet with out Raw
2024-01-25 22:19:04,857 - node - WARNING - packet with out Raw
2024-01-25 22:19:04,860 - node - WARNING - packet with out Raw
2024-01-25 22:19:06,226 - node - INFO - broadcastb'\x00\x00\x01/\x01\x05\x00\x04\x7f\x00\x00\x01\x01\x00\x00\x00\x00\x00\x05\x03'
2024-01-25 22:19:08,229 - node - INFO - broadcastb'\x00\x00\x011\x01\x05\x00\x04\x7f\x00\x00\x01\x01\x00\x00\x00\x00\x00\x05\x03'
2024-01-25 22:19:10,012 - node - WARNING - packet with out Raw
2024-01-25 22:19:10,013 - node - WARNING - packet with out Raw
2024-01-25 22:19:10,015 - node - WARNING - packet with out Raw
2024-01-25 22:19:10,016 - node - WARNING - packet with out Raw
2024-01-25 22:19:10,056 - node - WARNING - packet with out Raw
2024-01-25 22:19:10,058 - node - WARNING - packet with out Raw
2024-01-25 22:19:10,101 - node - WARNING - packet with out Raw
2024-01-25 22:19:10,103 - node - WARNING - packet with out Raw
2024-01-25 22:19:10,231 - node - INFO - broadcastb'\x00\x00\x013\x01\x05\x00\x04\x7f\x00\x00\x01\x01\x00\x00\x00\x00\x00\x05\x03'
2024-01-25 22:19:12,234 - node - INFO - broadcastb'\x00\x00\x015\x01\x05\x00\x04\x7f\x00\x00\x01\x01\x00\x00\x00\x00\x00\x05\x03'
2024-01-25 22:19:14,239 - node - INFO - broadcastb'\x00\x00\x017\x01\x05\x00\x04\x7f\x00\x00\x01\x01\x00\x00\x00\x00\x00\x05\x03'
2024-01-25 22:19:16,248 - node - INFO - broadcastb'\x00\x00\x019\x01\x05\x00\x04\x7f\x00\x00\x01\x01\x00\x00\x00\x00\x00\x05\x03'
2024-01-25 22:19:16,341 - node - WARNING - packet with out Raw
2024-01-25 22:19:16,342 - node - WARNING - packet with out Raw
2024-01-25 22:19:16,343 - node - WARNING - packet with out Raw
2024-01-25 22:19:16,344 - node - WARNING - packet with out Raw
2024-01-25 22:19:16,385 - node - WARNING - packet with out Raw
2024-01-25 22:19:16,388 - node - WARNING - packet with out Raw
2024-01-25 22:19:16,440 - node - WARNING - packet with out Raw
2024-01-25 22:19:16,448 - node - WARNING - packet with out Raw
2024-01-25 22:19:16,450 - node - WARNING - packet with out Raw
2024-01-25 22:19:16,461 - node - WARNING - packet with out Raw
2024-01-25 22:19:17,431 - node - WARNING - packet with out Raw
2024-01-25 22:19:17,432 - node - WARNING - packet with out Raw
2024-01-25 22:19:17,433 - node - WARNING - packet with out Raw
2024-01-25 22:19:17,434 - node - WARNING - packet with out Raw
2024-01-25 22:19:17,468 - node - WARNING - packet with out Raw
2024-01-25 22:19:17,470 - node - WARNING - packet with out Raw
2024-01-25 22:19:17,515 - node - WARNING - packet with out Raw
2024-01-25 22:19:17,517 - node - WARNING - packet with out Raw
2024-01-25 22:19:17,706 - node - WARNING - packet with out Raw
2024-01-25 22:19:17,707 - node - WARNING - packet with out Raw
2024-01-25 22:19:17,709 - node - WARNING - packet with out Raw
2024-01-25 22:19:17,710 - node - WARNING - packet with out Raw
2024-01-25 22:19:17,758 - node - WARNING - packet with out Raw
2024-01-25 22:19:17,766 - node - WARNING - packet with out Raw
2024-01-25 22:19:17,769 - node - WARNING - packet with out Raw
2024-01-25 22:19:17,771 - node - WARNING - packet with out Raw
2024-01-25 22:19:18,251 - node - INFO - broadcastb'\x00\x00\x01;\x01\x05\x00\x04\x7f\x00\x00\x01\x01\x00\x00\x00\x00\x00\x05\x03'
2024-01-25 22:19:20,257 - node - INFO - broadcastb'\x00\x00\x01=\x01\x05\x00\x04\x7f\x00\x00\x01\x01\x00\x00\x00\x00\x00\x05\x03'
2024-01-25 22:19:22,260 - node - INFO - broadcastb'\x00\x00\x01?\x01\x05\x00\x04\x7f\x00\x00\x01\x01\x00\x00\x00\x00\x00\x05\x03'
2024-01-25 22:19:24,263 - node - INFO - broadcastb'\x00\x00\x01A\x01\x05\x00\x04\x7f\x00\x00\x01\x01\x00\x00\x00\x00\x00\x05\x03'
2024-01-25 22:19:24,305 - node - INFO - keyboard interrupt
