2024-01-26 00:03:19,870 - node - INFO - Sender init complete. addr : 192.168.0.6
2024-01-26 00:03:21,920 - node - INFO - Sender init complete. addr : 192.168.0.6
2024-01-26 00:03:21,942 - node - INFO - init complete
2024-01-26 00:03:21,952 - node - INFO - packet enqueued {packet[Raw].load}
2024-01-26 00:03:21,953 - node - INFO - broadcastb'\x00\x10\x00\x01\x01\x05\x00\x04\xc0\xa8\x00\x06\x01\x00\x00\x00\x00\x00\x05\x03'
2024-01-26 00:03:22,158 - node - WARNING - packet with out Raw
2024-01-26 00:03:22,200 - node - WARNING - packet with out Raw
2024-01-26 00:03:22,919 - node - INFO - packet enqueued {packet[Raw].load}
2024-01-26 00:03:22,964 - node - INFO - packet enqueued {packet[Raw].load}
2024-01-26 00:03:23,024 - node - INFO - packet enqueued {packet[Raw].load}
2024-01-26 00:03:23,025 - node - INFO - packet enqueued {packet[Raw].load}
2024-01-26 00:03:23,026 - node - INFO - packet enqueued {packet[Raw].load}
2024-01-26 00:03:23,027 - node - INFO - packet enqueued {packet[Raw].load}
2024-01-26 00:03:23,028 - node - INFO - packet enqueued {packet[Raw].load}
2024-01-26 00:03:23,030 - node - INFO - packet enqueued {packet[Raw].load}
2024-01-26 00:03:23,031 - node - INFO - packet enqueued {packet[Raw].load}
2024-01-26 00:03:23,032 - node - INFO - packet enqueued {packet[Raw].load}
2024-01-26 00:03:23,504 - node - INFO - packet enqueued {packet[Raw].load}
2024-01-26 00:03:23,967 - node - INFO - broadcastb'\x00\x10\x00\x03\x01\x05\x00\x04\xc0\xa8\x00\x06\x01\x00\x00\x00\x00\x00\x05\x03'
2024-01-26 00:03:23,969 - node - INFO - packet enqueued {packet[Raw].load}
2024-01-26 00:03:25,349 - node - INFO - packet enqueued {packet[Raw].load}
2024-01-26 00:03:25,972 - node - INFO - broadcastb'\x00\x10\x00\x05\x01\x05\x00\x04\xc0\xa8\x00\x06\x01\x00\x00\x00\x00\x00\x05\x03'
2024-01-26 00:03:25,975 - node - INFO - packet enqueued {packet[Raw].load}
2024-01-26 00:03:27,498 - node - INFO - packet enqueued {packet[Raw].load}
2024-01-26 00:03:27,977 - node - INFO - broadcastb'\x00\x10\x00\x07\x01\x05\x00\x04\xc0\xa8\x00\x06\x01\x00\x00\x00\x00\x00\x05\x03'
2024-01-26 00:03:27,979 - node - INFO - packet enqueued {packet[Raw].load}
2024-01-26 00:03:29,241 - node - INFO - packet enqueued {packet[Raw].load}
2024-01-26 00:03:29,242 - node - INFO - packet enqueued {packet[Raw].load}
2024-01-26 00:03:29,267 - node - INFO - packet enqueued {packet[Raw].load}
2024-01-26 00:03:29,282 - node - WARNING - packet with out Raw
2024-01-26 00:03:29,290 - node - INFO - packet enqueued {packet[Raw].load}
2024-01-26 00:03:29,291 - node - INFO - packet enqueued {packet[Raw].load}
2024-01-26 00:03:29,293 - node - INFO - packet enqueued {packet[Raw].load}
2024-01-26 00:03:29,295 - node - INFO - packet enqueued {packet[Raw].load}
2024-01-26 00:03:29,296 - node - INFO - packet enqueued {packet[Raw].load}
2024-01-26 00:03:29,327 - node - WARNING - packet with out Raw
2024-01-26 00:03:29,344 - node - INFO - packet enqueued {packet[Raw].load}
2024-01-26 00:03:29,346 - node - INFO - packet enqueued {packet[Raw].load}
2024-01-26 00:03:29,354 - node - INFO - packet enqueued {packet[Raw].load}
2024-01-26 00:03:29,357 - node - INFO - packet enqueued {packet[Raw].load}
2024-01-26 00:03:29,359 - node - INFO - packet enqueued {packet[Raw].load}
2024-01-26 00:03:29,362 - node - INFO - packet enqueued {packet[Raw].load}
2024-01-26 00:03:29,364 - node - INFO - packet enqueued {packet[Raw].load}
2024-01-26 00:03:29,366 - node - INFO - packet enqueued {packet[Raw].load}
2024-01-26 00:03:29,377 - node - INFO - packet enqueued {packet[Raw].load}
2024-01-26 00:03:29,378 - node - INFO - packet enqueued {packet[Raw].load}
2024-01-26 00:03:29,380 - node - INFO - packet enqueued {packet[Raw].load}
2024-01-26 00:03:29,407 - node - INFO - packet enqueued {packet[Raw].load}
2024-01-26 00:03:29,548 - node - INFO - packet enqueued {packet[Raw].load}
2024-01-26 00:03:29,554 - node - INFO - packet enqueued {packet[Raw].load}
2024-01-26 00:03:29,555 - node - INFO - packet enqueued {packet[Raw].load}
2024-01-26 00:03:29,556 - node - INFO - packet enqueued {packet[Raw].load}
2024-01-26 00:03:29,570 - node - INFO - packet enqueued {packet[Raw].load}
2024-01-26 00:03:29,572 - node - INFO - packet enqueued {packet[Raw].load}
2024-01-26 00:03:29,578 - node - INFO - packet enqueued {packet[Raw].load}
2024-01-26 00:03:29,586 - node - INFO - packet enqueued {packet[Raw].load}
2024-01-26 00:03:29,595 - node - INFO - packet enqueued {packet[Raw].load}
2024-01-26 00:03:29,762 - node - INFO - packet enqueued {packet[Raw].load}
2024-01-26 00:03:29,763 - node - INFO - packet enqueued {packet[Raw].load}
2024-01-26 00:03:29,799 - node - INFO - packet enqueued {packet[Raw].load}
2024-01-26 00:03:29,985 - node - INFO - broadcastb'\x00\x10\x00\t\x01\x05\x00\x04\xc0\xa8\x00\x06\x01\x00\x00\x00\x00\x00\x05\x03'
2024-01-26 00:03:29,987 - node - INFO - packet enqueued {packet[Raw].load}
2024-01-26 00:03:30,000 - node - INFO - packet enqueued {packet[Raw].load}
2024-01-26 00:03:30,045 - node - INFO - packet enqueued {packet[Raw].load}
2024-01-26 00:03:30,246 - node - INFO - packet enqueued {packet[Raw].load}
2024-01-26 00:03:30,293 - node - INFO - packet enqueued {packet[Raw].load}
2024-01-26 00:03:30,494 - node - INFO - packet enqueued {packet[Raw].load}
2024-01-26 00:03:30,549 - node - INFO - packet enqueued {packet[Raw].load}
2024-01-26 00:03:30,588 - node - INFO - keyboard interrupt
