2024-01-26 01:02:16,576 - node - INFO - Sender init complete. addr : 192.168.0.6
2024-01-26 01:02:18,631 - node - INFO - Sender init complete. addr : 192.168.0.6
2024-01-26 01:02:18,651 - node - INFO - init complete
2024-01-26 01:02:18,670 - node - INFO - packet enqueued {packet[Raw].load}
2024-01-26 01:02:18,677 - node - INFO - broadcastb'\x00\x14\x00\x01\x01\x02\x00\x04\xc0\xa8\x00\x06\x01\x00\x00\x00\x00\x00\x05\x03'
2024-01-26 01:02:19,366 - node - INFO - packet enqueued {packet[Raw].load}
2024-01-26 01:02:19,840 - node - INFO - packet enqueued {packet[Raw].load}
2024-01-26 01:02:19,881 - node - INFO - packet enqueued {packet[Raw].load}
2024-01-26 01:02:20,680 - node - INFO - broadcastb'\x00\x14\x00\x03\x01\x02\x00\x04\xc0\xa8\x00\x06\x01\x00\x00\x01\x00\x00\x05\x03'
2024-01-26 01:02:20,681 - node - INFO - packet enqueued {packet[Raw].load}
2024-01-26 01:02:21,209 - node - INFO - packet enqueued {packet[Raw].load}
2024-01-26 01:02:22,684 - node - INFO - broadcastb'\x00\x14\x00\x05\x01\x02\x00\x04\xc0\xa8\x00\x06\x01\x00\x00\x02\x00\x00\x05\x03'
2024-01-26 01:02:22,686 - node - INFO - packet enqueued {packet[Raw].load}
2024-01-26 01:02:23,056 - node - INFO - packet enqueued {packet[Raw].load}
2024-01-26 01:02:23,057 - node - INFO - packet enqueued {packet[Raw].load}
2024-01-26 01:02:23,058 - node - INFO - packet enqueued {packet[Raw].load}
2024-01-26 01:02:23,059 - node - INFO - packet enqueued {packet[Raw].load}
2024-01-26 01:02:23,061 - node - INFO - packet enqueued {packet[Raw].load}
2024-01-26 01:02:23,062 - node - INFO - packet enqueued {packet[Raw].load}
2024-01-26 01:02:23,063 - node - INFO - packet enqueued {packet[Raw].load}
2024-01-26 01:02:23,064 - node - INFO - packet enqueued {packet[Raw].load}
2024-01-26 01:02:23,359 - node - INFO - packet enqueued {packet[Raw].load}
2024-01-26 01:02:23,607 - node - INFO - keyboard interrupt
