2024-01-25 03:30:22,865 - node - INFO - Sender init complete. addr : 192.168.0.169
2024-01-25 03:30:27,946 - node - INFO - Sender init complete. addr : 192.168.0.169
2024-01-25 03:30:27,973 - node - INFO - init complete
2024-01-25 03:30:27,979 - node - INFO - broadcastb'\x00\x00\x00\x00\x01\x05\x00\x04\xc0\xa8\x00\xa9\x01\x00\x00\x00\x00\x00\x05\x03'
2024-01-25 03:30:28,739 - node - WARNING - packet with out Raw
2024-01-25 03:30:28,747 - node - WARNING - packet with out Raw
2024-01-25 03:30:29,445 - node - WARNING - packet with out Raw
2024-01-25 03:30:29,982 - node - INFO - broadcastb'\x00\x00\x00\x01\x01\x05\x00\x04\xc0\xa8\x00\xa9\x01\x00\x00\x00\x00\x00\x05\x03'
2024-01-25 03:30:31,985 - node - INFO - broadcastb'\x00\x00\x00\x02\x01\x05\x00\x04\xc0\xa8\x00\xa9\x01\x00\x00\x00\x00\x00\x05\x03'
2024-01-25 03:30:33,988 - node - INFO - broadcastb'\x00\x00\x00\x03\x01\x05\x00\x04\xc0\xa8\x00\xa9\x01\x00\x00\x00\x00\x00\x05\x03'
2024-01-25 03:30:35,990 - node - INFO - broadcastb'\x00\x00\x00\x04\x01\x05\x00\x04\xc0\xa8\x00\xa9\x01\x00\x00\x00\x00\x00\x05\x03'
2024-01-25 03:30:37,993 - node - INFO - broadcastb'\x00\x00\x00\x05\x01\x05\x00\x04\xc0\xa8\x00\xa9\x01\x00\x00\x00\x00\x00\x05\x03'
2024-01-25 03:30:39,996 - node - INFO - broadcastb'\x00\x00\x00\x06\x01\x05\x00\x04\xc0\xa8\x00\xa9\x01\x00\x00\x00\x00\x00\x05\x03'
2024-01-25 03:30:41,998 - node - INFO - broadcastb'\x00\x00\x00\x07\x01\x05\x00\x04\xc0\xa8\x00\xa9\x01\x00\x00\x00\x00\x00\x05\x03'
2024-01-25 03:30:44,001 - node - INFO - broadcastb'\x00\x00\x00\x08\x01\x05\x00\x04\xc0\xa8\x00\xa9\x01\x00\x00\x00\x00\x00\x05\x03'
2024-01-25 03:30:46,004 - node - INFO - broadcastb'\x00\x00\x00\t\x01\x05\x00\x04\xc0\xa8\x00\xa9\x01\x00\x00\x00\x00\x00\x05\x03'
2024-01-25 03:30:48,006 - node - INFO - broadcastb'\x00\x00\x00\n\x01\x05\x00\x04\xc0\xa8\x00\xa9\x01\x00\x00\x00\x00\x00\x05\x03'
2024-01-25 03:30:50,009 - node - INFO - broadcastb'\x00\x00\x00\x0b\x01\x05\x00\x04\xc0\xa8\x00\xa9\x01\x00\x00\x00\x00\x00\x05\x03'
2024-01-25 03:30:52,012 - node - INFO - broadcastb'\x00\x00\x00\x0c\x01\x05\x00\x04\xc0\xa8\x00\xa9\x01\x00\x00\x00\x00\x00\x05\x03'
2024-01-25 03:30:54,015 - node - INFO - broadcastb'\x00\x00\x00\r\x01\x05\x00\x04\xc0\xa8\x00\xa9\x01\x00\x00\x00\x00\x00\x05\x03'
2024-01-25 03:30:56,017 - node - INFO - broadcastb'\x00\x00\x00\x0e\x01\x05\x00\x04\xc0\xa8\x00\xa9\x01\x00\x00\x00\x00\x00\x05\x03'
2024-01-25 03:30:58,021 - node - INFO - broadcastb'\x00\x00\x00\x0f\x01\x05\x00\x04\xc0\xa8\x00\xa9\x01\x00\x00\x00\x00\x00\x05\x03'
2024-01-25 03:31:00,023 - node - INFO - broadcastb'\x00\x00\x00\x10\x01\x05\x00\x04\xc0\xa8\x00\xa9\x01\x00\x00\x00\x00\x00\x05\x03'
2024-01-25 03:31:02,025 - node - INFO - broadcastb'\x00\x00\x00\x11\x01\x05\x00\x04\xc0\xa8\x00\xa9\x01\x00\x00\x00\x00\x00\x05\x03'
2024-01-25 03:31:04,028 - node - INFO - broadcastb'\x00\x00\x00\x12\x01\x05\x00\x04\xc0\xa8\x00\xa9\x01\x00\x00\x00\x00\x00\x05\x03'
2024-01-25 03:31:06,030 - node - INFO - broadcastb'\x00\x00\x00\x13\x01\x05\x00\x04\xc0\xa8\x00\xa9\x01\x00\x00\x00\x00\x00\x05\x03'
2024-01-25 03:31:08,033 - node - INFO - broadcastb'\x00\x00\x00\x14\x01\x05\x00\x04\xc0\xa8\x00\xa9\x01\x00\x00\x00\x00\x00\x05\x03'
2024-01-25 03:31:10,036 - node - INFO - broadcastb'\x00\x00\x00\x15\x01\x05\x00\x04\xc0\xa8\x00\xa9\x01\x00\x00\x00\x00\x00\x05\x03'
2024-01-25 03:31:12,038 - node - INFO - broadcastb'\x00\x00\x00\x16\x01\x05\x00\x04\xc0\xa8\x00\xa9\x01\x00\x00\x00\x00\x00\x05\x03'
2024-01-25 03:31:14,040 - node - INFO - broadcastb'\x00\x00\x00\x17\x01\x05\x00\x04\xc0\xa8\x00\xa9\x01\x00\x00\x00\x00\x00\x05\x03'
2024-01-25 03:31:16,041 - node - INFO - broadcastb'\x00\x00\x00\x18\x01\x05\x00\x04\xc0\xa8\x00\xa9\x01\x00\x00\x00\x00\x00\x05\x03'
2024-01-25 03:31:18,042 - node - INFO - broadcastb'\x00\x00\x00\x19\x01\x05\x00\x04\xc0\xa8\x00\xa9\x01\x00\x00\x00\x00\x00\x05\x03'
2024-01-25 03:31:20,045 - node - INFO - broadcastb'\x00\x00\x00\x1a\x01\x05\x00\x04\xc0\xa8\x00\xa9\x01\x00\x00\x00\x00\x00\x05\x03'
2024-01-25 03:31:22,047 - node - INFO - broadcastb'\x00\x00\x00\x1b\x01\x05\x00\x04\xc0\xa8\x00\xa9\x01\x00\x00\x00\x00\x00\x05\x03'
2024-01-25 03:31:24,049 - node - INFO - broadcastb'\x00\x00\x00\x1c\x01\x05\x00\x04\xc0\xa8\x00\xa9\x01\x00\x00\x00\x00\x00\x05\x03'
2024-01-25 03:31:26,052 - node - INFO - broadcastb'\x00\x00\x00\x1d\x01\x05\x00\x04\xc0\xa8\x00\xa9\x01\x00\x00\x00\x00\x00\x05\x03'
2024-01-25 03:31:28,054 - node - INFO - broadcastb'\x00\x00\x00\x1e\x01\x05\x00\x04\xc0\xa8\x00\xa9\x01\x00\x00\x00\x00\x00\x05\x03'
2024-01-25 03:31:30,057 - node - INFO - broadcastb'\x00\x00\x00\x1f\x01\x05\x00\x04\xc0\xa8\x00\xa9\x01\x00\x00\x00\x00\x00\x05\x03'
2024-01-25 03:31:32,060 - node - INFO - broadcastb'\x00\x00\x00 \x01\x05\x00\x04\xc0\xa8\x00\xa9\x01\x00\x00\x00\x00\x00\x05\x03'
2024-01-25 03:31:34,062 - node - INFO - broadcastb'\x00\x00\x00!\x01\x05\x00\x04\xc0\xa8\x00\xa9\x01\x00\x00\x00\x00\x00\x05\x03'
2024-01-25 03:31:36,065 - node - INFO - broadcastb'\x00\x00\x00"\x01\x05\x00\x04\xc0\xa8\x00\xa9\x01\x00\x00\x00\x00\x00\x05\x03'
2024-01-25 03:31:38,068 - node - INFO - broadcastb'\x00\x00\x00#\x01\x05\x00\x04\xc0\xa8\x00\xa9\x01\x00\x00\x00\x00\x00\x05\x03'
2024-01-25 03:31:40,069 - node - INFO - broadcastb'\x00\x00\x00$\x01\x05\x00\x04\xc0\xa8\x00\xa9\x01\x00\x00\x00\x00\x00\x05\x03'
2024-01-25 03:31:42,072 - node - INFO - broadcastb'\x00\x00\x00%\x01\x05\x00\x04\xc0\xa8\x00\xa9\x01\x00\x00\x00\x00\x00\x05\x03'
2024-01-25 03:31:44,075 - node - INFO - broadcastb'\x00\x00\x00&\x01\x05\x00\x04\xc0\xa8\x00\xa9\x01\x00\x00\x00\x00\x00\x05\x03'
2024-01-25 03:31:46,077 - node - INFO - broadcastb"\x00\x00\x00'\x01\x05\x00\x04\xc0\xa8\x00\xa9\x01\x00\x00\x00\x00\x00\x05\x03"
2024-01-25 03:31:48,080 - node - INFO - broadcastb'\x00\x00\x00(\x01\x05\x00\x04\xc0\xa8\x00\xa9\x01\x00\x00\x00\x00\x00\x05\x03'
2024-01-25 03:31:50,082 - node - INFO - broadcastb'\x00\x00\x00)\x01\x05\x00\x04\xc0\xa8\x00\xa9\x01\x00\x00\x00\x00\x00\x05\x03'
2024-01-25 03:31:52,085 - node - INFO - broadcastb'\x00\x00\x00*\x01\x05\x00\x04\xc0\xa8\x00\xa9\x01\x00\x00\x00\x00\x00\x05\x03'
2024-01-25 03:31:54,088 - node - INFO - broadcastb'\x00\x00\x00+\x01\x05\x00\x04\xc0\xa8\x00\xa9\x01\x00\x00\x00\x00\x00\x05\x03'
2024-01-25 03:31:56,089 - node - INFO - broadcastb'\x00\x00\x00,\x01\x05\x00\x04\xc0\xa8\x00\xa9\x01\x00\x00\x00\x00\x00\x05\x03'
2024-01-25 03:31:58,092 - node - INFO - broadcastb'\x00\x00\x00-\x01\x05\x00\x04\xc0\xa8\x00\xa9\x01\x00\x00\x00\x00\x00\x05\x03'
2024-01-25 03:32:00,095 - node - INFO - broadcastb'\x00\x00\x00.\x01\x05\x00\x04\xc0\xa8\x00\xa9\x01\x00\x00\x00\x00\x00\x05\x03'
2024-01-25 03:32:02,097 - node - INFO - broadcastb'\x00\x00\x00/\x01\x05\x00\x04\xc0\xa8\x00\xa9\x01\x00\x00\x00\x00\x00\x05\x03'
2024-01-25 03:32:04,099 - node - INFO - broadcastb'\x00\x00\x000\x01\x05\x00\x04\xc0\xa8\x00\xa9\x01\x00\x00\x00\x00\x00\x05\x03'
2024-01-25 03:32:06,101 - node - INFO - broadcastb'\x00\x00\x001\x01\x05\x00\x04\xc0\xa8\x00\xa9\x01\x00\x00\x00\x00\x00\x05\x03'
2024-01-25 03:32:08,105 - node - INFO - broadcastb'\x00\x00\x002\x01\x05\x00\x04\xc0\xa8\x00\xa9\x01\x00\x00\x00\x00\x00\x05\x03'
2024-01-25 03:32:10,108 - node - INFO - broadcastb'\x00\x00\x003\x01\x05\x00\x04\xc0\xa8\x00\xa9\x01\x00\x00\x00\x00\x00\x05\x03'
2024-01-25 03:32:12,110 - node - INFO - broadcastb'\x00\x00\x004\x01\x05\x00\x04\xc0\xa8\x00\xa9\x01\x00\x00\x00\x00\x00\x05\x03'
2024-01-25 03:32:14,113 - node - INFO - broadcastb'\x00\x00\x005\x01\x05\x00\x04\xc0\xa8\x00\xa9\x01\x00\x00\x00\x00\x00\x05\x03'
2024-01-25 03:32:16,117 - node - INFO - broadcastb'\x00\x00\x006\x01\x05\x00\x04\xc0\xa8\x00\xa9\x01\x00\x00\x00\x00\x00\x05\x03'
2024-01-25 03:32:18,119 - node - INFO - broadcastb'\x00\x00\x007\x01\x05\x00\x04\xc0\xa8\x00\xa9\x01\x00\x00\x00\x00\x00\x05\x03'
2024-01-25 03:32:20,121 - node - INFO - broadcastb'\x00\x00\x008\x01\x05\x00\x04\xc0\xa8\x00\xa9\x01\x00\x00\x00\x00\x00\x05\x03'
2024-01-25 03:32:22,124 - node - INFO - broadcastb'\x00\x00\x009\x01\x05\x00\x04\xc0\xa8\x00\xa9\x01\x00\x00\x00\x00\x00\x05\x03'
2024-01-25 03:32:24,126 - node - INFO - broadcastb'\x00\x00\x00:\x01\x05\x00\x04\xc0\xa8\x00\xa9\x01\x00\x00\x00\x00\x00\x05\x03'
2024-01-25 03:32:26,129 - node - INFO - broadcastb'\x00\x00\x00;\x01\x05\x00\x04\xc0\xa8\x00\xa9\x01\x00\x00\x00\x00\x00\x05\x03'
2024-01-25 03:32:28,132 - node - INFO - broadcastb'\x00\x00\x00<\x01\x05\x00\x04\xc0\xa8\x00\xa9\x01\x00\x00\x00\x00\x00\x05\x03'
2024-01-25 03:32:30,135 - node - INFO - broadcastb'\x00\x00\x00=\x01\x05\x00\x04\xc0\xa8\x00\xa9\x01\x00\x00\x00\x00\x00\x05\x03'
2024-01-25 03:32:32,137 - node - INFO - broadcastb'\x00\x00\x00>\x01\x05\x00\x04\xc0\xa8\x00\xa9\x01\x00\x00\x00\x00\x00\x05\x03'
2024-01-25 03:32:34,140 - node - INFO - broadcastb'\x00\x00\x00?\x01\x05\x00\x04\xc0\xa8\x00\xa9\x01\x00\x00\x00\x00\x00\x05\x03'
2024-01-25 03:32:36,142 - node - INFO - broadcastb'\x00\x00\x00@\x01\x05\x00\x04\xc0\xa8\x00\xa9\x01\x00\x00\x00\x00\x00\x05\x03'
2024-01-25 03:32:38,145 - node - INFO - broadcastb'\x00\x00\x00A\x01\x05\x00\x04\xc0\xa8\x00\xa9\x01\x00\x00\x00\x00\x00\x05\x03'
2024-01-25 03:32:40,147 - node - INFO - broadcastb'\x00\x00\x00B\x01\x05\x00\x04\xc0\xa8\x00\xa9\x01\x00\x00\x00\x00\x00\x05\x03'
2024-01-25 03:32:42,149 - node - INFO - broadcastb'\x00\x00\x00C\x01\x05\x00\x04\xc0\xa8\x00\xa9\x01\x00\x00\x00\x00\x00\x05\x03'
2024-01-25 03:32:44,152 - node - INFO - broadcastb'\x00\x00\x00D\x01\x05\x00\x04\xc0\xa8\x00\xa9\x01\x00\x00\x00\x00\x00\x05\x03'
2024-01-25 03:32:46,153 - node - INFO - broadcastb'\x00\x00\x00E\x01\x05\x00\x04\xc0\xa8\x00\xa9\x01\x00\x00\x00\x00\x00\x05\x03'
2024-01-25 03:32:48,156 - node - INFO - broadcastb'\x00\x00\x00F\x01\x05\x00\x04\xc0\xa8\x00\xa9\x01\x00\x00\x00\x00\x00\x05\x03'
