2024-01-26 16:55:55,597 - node - INFO - Sender init complete. addr : 127.0.0.1
2024-01-26 17:12:35,924 - node - INFO - Sender init complete. addr : 127.0.0.1
2024-01-26 17:12:35,972 - node - INFO - init complete
2024-01-26 17:12:35,999 - node - ERROR - broadcast failed : 101
2024-01-26 17:12:36,039 - node - WARNING - packet with out Raw
2024-01-26 17:12:36,044 - node - WARNING - packet with out Raw
2024-01-26 17:12:36,213 - node - WARNING - packet with out Raw
2024-01-26 17:12:36,214 - node - WARNING - packet with out Raw
2024-01-26 17:12:36,215 - node - WARNING - packet with out Raw
2024-01-26 17:12:36,217 - node - WARNING - packet with out Raw
2024-01-26 17:12:36,218 - node - WARNING - packet with out Raw
2024-01-26 17:12:36,223 - node - WARNING - packet with out Raw
2024-01-26 17:12:36,224 - node - WARNING - packet with out Raw
2024-01-26 17:12:36,224 - node - WARNING - packet with out Raw
2024-01-26 17:12:36,225 - node - WARNING - packet with out Raw
2024-01-26 17:12:36,226 - node - WARNING - packet with out Raw
2024-01-26 17:12:36,227 - node - WARNING - packet with out Raw
2024-01-26 17:12:36,232 - node - WARNING - packet with out Raw
2024-01-26 17:12:36,233 - node - WARNING - packet with out Raw
2024-01-26 17:12:36,236 - node - WARNING - packet with out Raw
2024-01-26 17:12:36,242 - node - WARNING - packet with out Raw
2024-01-26 17:12:36,243 - node - WARNING - packet with out Raw
2024-01-26 17:12:36,249 - node - WARNING - packet with out Raw
2024-01-26 17:12:36,250 - node - WARNING - packet with out Raw
2024-01-26 17:12:36,251 - node - WARNING - packet with out Raw
2024-01-26 17:12:36,253 - node - WARNING - packet with out Raw
2024-01-26 17:12:36,254 - node - WARNING - packet with out Raw
2024-01-26 17:12:36,259 - node - WARNING - packet with out Raw
2024-01-26 17:12:36,264 - node - WARNING - packet with out Raw
2024-01-26 17:12:36,265 - node - WARNING - packet with out Raw
2024-01-26 17:12:36,266 - node - WARNING - packet with out Raw
2024-01-26 17:12:36,267 - node - WARNING - packet with out Raw
2024-01-26 17:12:36,268 - node - WARNING - packet with out Raw
2024-01-26 17:12:36,269 - node - WARNING - packet with out Raw
2024-01-26 17:12:36,270 - node - WARNING - packet with out Raw
2024-01-26 17:12:36,278 - node - WARNING - packet with out Raw
2024-01-26 17:12:36,279 - node - WARNING - packet with out Raw
2024-01-26 17:12:36,280 - node - WARNING - packet with out Raw
2024-01-26 17:12:36,281 - node - WARNING - packet with out Raw
2024-01-26 17:12:36,281 - node - WARNING - packet with out Raw
2024-01-26 17:12:36,282 - node - WARNING - packet with out Raw
2024-01-26 17:12:36,283 - node - WARNING - packet with out Raw
2024-01-26 17:12:36,292 - node - WARNING - packet with out Raw
2024-01-26 17:12:36,293 - node - WARNING - packet with out Raw
2024-01-26 17:12:36,294 - node - WARNING - packet with out Raw
2024-01-26 17:12:36,295 - node - WARNING - packet with out Raw
2024-01-26 17:12:36,295 - node - WARNING - packet with out Raw
2024-01-26 17:12:36,296 - node - WARNING - packet with out Raw
2024-01-26 17:12:36,305 - node - WARNING - packet with out Raw
2024-01-26 17:12:36,309 - node - WARNING - packet with out Raw
2024-01-26 17:12:36,310 - node - WARNING - packet with out Raw
2024-01-26 17:12:36,312 - node - WARNING - packet with out Raw
2024-01-26 17:12:36,322 - node - WARNING - packet with out Raw
2024-01-26 17:12:36,323 - node - WARNING - packet with out Raw
2024-01-26 17:12:36,328 - node - WARNING - packet with out Raw
2024-01-26 17:12:36,329 - node - WARNING - packet with out Raw
2024-01-26 17:12:36,330 - node - WARNING - packet with out Raw
2024-01-26 17:12:36,335 - node - WARNING - packet with out Raw
2024-01-26 17:12:36,336 - node - WARNING - packet with out Raw
2024-01-26 17:12:36,337 - node - WARNING - packet with out Raw
2024-01-26 17:12:36,338 - node - WARNING - packet with out Raw
2024-01-26 17:12:36,345 - node - WARNING - packet with out Raw
2024-01-26 17:12:36,346 - node - WARNING - packet with out Raw
2024-01-26 17:12:36,347 - node - WARNING - packet with out Raw
2024-01-26 17:12:36,349 - node - WARNING - packet with out Raw
2024-01-26 17:12:36,350 - node - WARNING - packet with out Raw
2024-01-26 17:12:36,351 - node - WARNING - packet with out Raw
2024-01-26 17:12:36,360 - node - WARNING - packet with out Raw
2024-01-26 17:12:36,361 - node - WARNING - packet with out Raw
2024-01-26 17:12:36,363 - node - WARNING - packet with out Raw
2024-01-26 17:12:36,369 - node - WARNING - packet with out Raw
2024-01-26 17:12:36,383 - node - WARNING - packet with out Raw
2024-01-26 17:12:36,385 - node - WARNING - packet with out Raw
2024-01-26 17:12:36,385 - node - WARNING - packet with out Raw
2024-01-26 17:12:36,394 - node - WARNING - packet with out Raw
2024-01-26 17:12:36,395 - node - WARNING - packet with out Raw
2024-01-26 17:12:36,410 - node - WARNING - packet with out Raw
2024-01-26 17:12:36,411 - node - WARNING - packet with out Raw
2024-01-26 17:12:36,412 - node - WARNING - packet with out Raw
2024-01-26 17:12:36,413 - node - WARNING - packet with out Raw
2024-01-26 17:12:36,414 - node - WARNING - packet with out Raw
2024-01-26 17:12:36,420 - node - WARNING - packet with out Raw
2024-01-26 17:12:36,421 - node - WARNING - packet with out Raw
2024-01-26 17:12:36,422 - node - WARNING - packet with out Raw
2024-01-26 17:12:36,440 - node - WARNING - packet with out Raw
2024-01-26 17:12:36,441 - node - WARNING - packet with out Raw
2024-01-26 17:12:36,442 - node - WARNING - packet with out Raw
2024-01-26 17:12:36,443 - node - WARNING - packet with out Raw
2024-01-26 17:12:36,444 - node - WARNING - packet with out Raw
2024-01-26 17:12:36,445 - node - WARNING - packet with out Raw
2024-01-26 17:12:36,446 - node - WARNING - packet with out Raw
2024-01-26 17:12:36,464 - node - WARNING - packet with out Raw
2024-01-26 17:12:36,465 - node - WARNING - packet with out Raw
2024-01-26 17:12:36,466 - node - WARNING - packet with out Raw
2024-01-26 17:12:36,467 - node - WARNING - packet with out Raw
2024-01-26 17:12:36,468 - node - WARNING - packet with out Raw
2024-01-26 17:12:36,469 - node - WARNING - packet with out Raw
2024-01-26 17:12:36,470 - node - WARNING - packet with out Raw
2024-01-26 17:12:36,488 - node - WARNING - packet with out Raw
2024-01-26 17:12:36,489 - node - WARNING - packet with out Raw
2024-01-26 17:12:36,490 - node - WARNING - packet with out Raw
2024-01-26 17:12:36,491 - node - WARNING - packet with out Raw
2024-01-26 17:12:36,492 - node - WARNING - packet with out Raw
2024-01-26 17:12:36,493 - node - WARNING - packet with out Raw
2024-01-26 17:12:36,494 - node - WARNING - packet with out Raw
2024-01-26 17:12:36,513 - node - WARNING - packet with out Raw
2024-01-26 17:12:36,514 - node - WARNING - packet with out Raw
2024-01-26 17:12:36,515 - node - WARNING - packet with out Raw
2024-01-26 17:12:36,516 - node - WARNING - packet with out Raw
2024-01-26 17:12:36,522 - node - WARNING - packet with out Raw
2024-01-26 17:12:36,523 - node - WARNING - packet with out Raw
2024-01-26 17:12:36,524 - node - WARNING - packet with out Raw
2024-01-26 17:12:36,525 - node - WARNING - packet with out Raw
2024-01-26 17:12:36,526 - node - WARNING - packet with out Raw
2024-01-26 17:12:36,526 - node - WARNING - packet with out Raw
2024-01-26 17:12:36,540 - node - WARNING - packet with out Raw
2024-01-26 17:12:36,541 - node - WARNING - packet with out Raw
2024-01-26 17:12:36,542 - node - WARNING - packet with out Raw
2024-01-26 17:12:36,551 - node - WARNING - packet with out Raw
2024-01-26 17:12:36,552 - node - WARNING - packet with out Raw
2024-01-26 17:12:36,553 - node - WARNING - packet with out Raw
2024-01-26 17:12:36,554 - node - WARNING - packet with out Raw
2024-01-26 17:12:36,555 - node - WARNING - packet with out Raw
2024-01-26 17:12:36,556 - node - WARNING - packet with out Raw
2024-01-26 17:12:36,558 - node - WARNING - packet with out Raw
2024-01-26 17:12:36,567 - node - WARNING - packet with out Raw
2024-01-26 17:12:36,568 - node - WARNING - packet with out Raw
2024-01-26 17:12:36,569 - node - WARNING - packet with out Raw
2024-01-26 17:12:36,570 - node - WARNING - packet with out Raw
2024-01-26 17:12:36,572 - node - WARNING - packet with out Raw
2024-01-26 17:12:36,573 - node - WARNING - packet with out Raw
2024-01-26 17:12:36,582 - node - WARNING - packet with out Raw
2024-01-26 17:12:36,583 - node - WARNING - packet with out Raw
2024-01-26 17:12:36,584 - node - WARNING - packet with out Raw
2024-01-26 17:12:36,585 - node - WARNING - packet with out Raw
2024-01-26 17:12:36,586 - node - WARNING - packet with out Raw
2024-01-26 17:12:36,587 - node - WARNING - packet with out Raw
2024-01-26 17:12:36,594 - node - WARNING - packet with out Raw
2024-01-26 17:12:36,595 - node - WARNING - packet with out Raw
2024-01-26 17:12:36,597 - node - WARNING - packet with out Raw
2024-01-26 17:12:36,598 - node - WARNING - packet with out Raw
2024-01-26 17:12:36,599 - node - WARNING - packet with out Raw
2024-01-26 17:12:36,606 - node - WARNING - packet with out Raw
2024-01-26 17:12:36,607 - node - WARNING - packet with out Raw
2024-01-26 17:12:36,613 - node - WARNING - packet with out Raw
2024-01-26 17:12:36,614 - node - WARNING - packet with out Raw
2024-01-26 17:12:36,615 - node - WARNING - packet with out Raw
2024-01-26 17:12:36,616 - node - WARNING - packet with out Raw
2024-01-26 17:12:36,617 - node - WARNING - packet with out Raw
2024-01-26 17:12:36,619 - node - WARNING - packet with out Raw
2024-01-26 17:12:36,628 - node - WARNING - packet with out Raw
2024-01-26 17:12:36,629 - node - WARNING - packet with out Raw
2024-01-26 17:12:36,630 - node - WARNING - packet with out Raw
2024-01-26 17:12:36,631 - node - WARNING - packet with out Raw
2024-01-26 17:12:36,632 - node - WARNING - packet with out Raw
2024-01-26 17:12:36,634 - node - WARNING - packet with out Raw
2024-01-26 17:12:36,635 - node - WARNING - packet with out Raw
2024-01-26 17:12:36,649 - node - WARNING - packet with out Raw
2024-01-26 17:12:36,650 - node - WARNING - packet with out Raw
2024-01-26 17:12:36,651 - node - WARNING - packet with out Raw
2024-01-26 17:12:36,652 - node - WARNING - packet with out Raw
2024-01-26 17:12:36,653 - node - WARNING - packet with out Raw
2024-01-26 17:12:36,660 - node - WARNING - packet with out Raw
2024-01-26 17:12:36,661 - node - WARNING - packet with out Raw
2024-01-26 17:12:36,662 - node - WARNING - packet with out Raw
2024-01-26 17:12:36,663 - node - WARNING - packet with out Raw
2024-01-26 17:12:36,664 - node - WARNING - packet with out Raw
2024-01-26 17:12:36,665 - node - WARNING - packet with out Raw
2024-01-26 17:12:36,666 - node - WARNING - packet with out Raw
2024-01-26 17:12:36,675 - node - WARNING - packet with out Raw
2024-01-26 17:12:36,677 - node - WARNING - packet with out Raw
2024-01-26 17:12:36,688 - node - WARNING - packet with out Raw
2024-01-26 17:12:36,689 - node - WARNING - packet with out Raw
2024-01-26 17:12:36,690 - node - WARNING - packet with out Raw
2024-01-26 17:12:36,691 - node - WARNING - packet with out Raw
2024-01-26 17:12:36,691 - node - WARNING - packet with out Raw
2024-01-26 17:12:36,692 - node - WARNING - packet with out Raw
2024-01-26 17:12:36,693 - node - WARNING - packet with out Raw
2024-01-26 17:12:36,694 - node - WARNING - packet with out Raw
2024-01-26 17:12:36,695 - node - WARNING - packet with out Raw
2024-01-26 17:12:36,707 - node - WARNING - packet with out Raw
2024-01-26 17:12:36,708 - node - WARNING - packet with out Raw
2024-01-26 17:12:36,709 - node - WARNING - packet with out Raw
2024-01-26 17:12:36,709 - node - WARNING - packet with out Raw
2024-01-26 17:12:36,710 - node - WARNING - packet with out Raw
2024-01-26 17:12:36,711 - node - WARNING - packet with out Raw
2024-01-26 17:12:36,712 - node - WARNING - packet with out Raw
2024-01-26 17:12:36,713 - node - WARNING - packet with out Raw
2024-01-26 17:12:36,714 - node - WARNING - packet with out Raw
2024-01-26 17:12:36,727 - node - WARNING - packet with out Raw
2024-01-26 17:12:36,728 - node - WARNING - packet with out Raw
2024-01-26 17:12:36,729 - node - WARNING - packet with out Raw
2024-01-26 17:12:36,730 - node - WARNING - packet with out Raw
2024-01-26 17:12:36,731 - node - WARNING - packet with out Raw
2024-01-26 17:12:36,732 - node - WARNING - packet with out Raw
2024-01-26 17:12:36,742 - node - WARNING - packet with out Raw
2024-01-26 17:12:36,743 - node - WARNING - packet with out Raw
2024-01-26 17:12:36,744 - node - WARNING - packet with out Raw
2024-01-26 17:12:36,745 - node - WARNING - packet with out Raw
2024-01-26 17:12:36,746 - node - WARNING - packet with out Raw
2024-01-26 17:12:36,752 - node - WARNING - packet with out Raw
2024-01-26 17:12:36,753 - node - WARNING - packet with out Raw
2024-01-26 17:12:36,754 - node - WARNING - packet with out Raw
2024-01-26 17:12:36,765 - node - WARNING - packet with out Raw
2024-01-26 17:12:36,766 - node - WARNING - packet with out Raw
2024-01-26 17:12:36,767 - node - WARNING - packet with out Raw
2024-01-26 17:12:36,768 - node - WARNING - packet with out Raw
2024-01-26 17:12:36,768 - node - WARNING - packet with out Raw
2024-01-26 17:12:36,769 - node - WARNING - packet with out Raw
2024-01-26 17:12:36,770 - node - WARNING - packet with out Raw
2024-01-26 17:12:36,774 - node - WARNING - packet with out Raw
2024-01-26 17:12:36,775 - node - WARNING - packet with out Raw
2024-01-26 17:12:36,776 - node - WARNING - packet with out Raw
2024-01-26 17:12:36,777 - node - WARNING - packet with out Raw
2024-01-26 17:12:36,781 - node - WARNING - packet with out Raw
2024-01-26 17:12:36,784 - node - WARNING - packet with out Raw
2024-01-26 17:12:36,785 - node - WARNING - packet with out Raw
2024-01-26 17:12:36,786 - node - WARNING - packet with out Raw
2024-01-26 17:12:36,792 - node - WARNING - packet with out Raw
2024-01-26 17:12:36,794 - node - WARNING - packet with out Raw
2024-01-26 17:12:36,795 - node - WARNING - packet with out Raw
2024-01-26 17:12:36,796 - node - WARNING - packet with out Raw
2024-01-26 17:12:36,797 - node - WARNING - packet with out Raw
2024-01-26 17:12:36,798 - node - WARNING - packet with out Raw
2024-01-26 17:12:36,799 - node - WARNING - packet with out Raw
2024-01-26 17:12:36,800 - node - WARNING - packet with out Raw
2024-01-26 17:12:36,801 - node - WARNING - packet with out Raw
2024-01-26 17:12:36,803 - node - WARNING - packet with out Raw
2024-01-26 17:12:36,805 - node - WARNING - packet with out Raw
2024-01-26 17:12:36,806 - node - WARNING - packet with out Raw
2024-01-26 17:12:36,807 - node - WARNING - packet with out Raw
2024-01-26 17:12:36,826 - node - WARNING - packet with out Raw
2024-01-26 17:12:36,831 - node - WARNING - packet with out Raw
2024-01-26 17:12:36,832 - node - WARNING - packet with out Raw
2024-01-26 17:12:36,839 - node - WARNING - packet with out Raw
2024-01-26 17:12:36,841 - node - WARNING - packet with out Raw
2024-01-26 17:12:36,844 - node - WARNING - packet with out Raw
2024-01-26 17:12:36,845 - node - WARNING - packet with out Raw
2024-01-26 17:12:36,846 - node - WARNING - packet with out Raw
2024-01-26 17:12:36,848 - node - WARNING - packet with out Raw
2024-01-26 17:12:36,849 - node - WARNING - packet with out Raw
2024-01-26 17:12:36,850 - node - WARNING - packet with out Raw
2024-01-26 17:12:36,851 - node - WARNING - packet with out Raw
2024-01-26 17:12:36,852 - node - WARNING - packet with out Raw
2024-01-26 17:12:36,853 - node - WARNING - packet with out Raw
2024-01-26 17:12:36,854 - node - WARNING - packet with out Raw
2024-01-26 17:12:36,856 - node - WARNING - packet with out Raw
2024-01-26 17:12:36,857 - node - WARNING - packet with out Raw
2024-01-26 17:12:36,858 - node - WARNING - packet with out Raw
2024-01-26 17:12:36,859 - node - WARNING - packet with out Raw
2024-01-26 17:12:36,861 - node - WARNING - packet with out Raw
2024-01-26 17:12:36,862 - node - WARNING - packet with out Raw
2024-01-26 17:12:36,863 - node - WARNING - packet with out Raw
2024-01-26 17:12:36,865 - node - WARNING - packet with out Raw
2024-01-26 17:12:36,866 - node - WARNING - packet with out Raw
2024-01-26 17:12:36,868 - node - WARNING - packet with out Raw
2024-01-26 17:12:36,869 - node - WARNING - packet with out Raw
2024-01-26 17:12:36,870 - node - WARNING - packet with out Raw
2024-01-26 17:12:36,871 - node - WARNING - packet with out Raw
2024-01-26 17:12:36,872 - node - WARNING - packet with out Raw
2024-01-26 17:12:36,874 - node - WARNING - packet with out Raw
2024-01-26 17:12:36,875 - node - WARNING - packet with out Raw
2024-01-26 17:12:36,876 - node - WARNING - packet with out Raw
2024-01-26 17:12:36,877 - node - WARNING - packet with out Raw
2024-01-26 17:12:36,878 - node - WARNING - packet with out Raw
2024-01-26 17:12:36,880 - node - WARNING - packet with out Raw
2024-01-26 17:12:36,882 - node - WARNING - packet with out Raw
2024-01-26 17:12:36,883 - node - WARNING - packet with out Raw
2024-01-26 17:12:36,884 - node - WARNING - packet with out Raw
2024-01-26 17:12:36,885 - node - WARNING - packet with out Raw
2024-01-26 17:12:36,886 - node - WARNING - packet with out Raw
2024-01-26 17:12:36,888 - node - WARNING - packet with out Raw
2024-01-26 17:12:36,889 - node - WARNING - packet with out Raw
2024-01-26 17:12:36,890 - node - WARNING - packet with out Raw
2024-01-26 17:12:36,892 - node - WARNING - packet with out Raw
2024-01-26 17:12:36,893 - node - WARNING - packet with out Raw
2024-01-26 17:12:36,894 - node - WARNING - packet with out Raw
2024-01-26 17:12:36,897 - node - WARNING - packet with out Raw
2024-01-26 17:12:36,898 - node - WARNING - packet with out Raw
2024-01-26 17:12:36,899 - node - WARNING - packet with out Raw
2024-01-26 17:12:36,901 - node - WARNING - packet with out Raw
2024-01-26 17:12:36,902 - node - WARNING - packet with out Raw
2024-01-26 17:12:36,903 - node - WARNING - packet with out Raw
2024-01-26 17:12:36,905 - node - WARNING - packet with out Raw
2024-01-26 17:12:36,906 - node - WARNING - packet with out Raw
2024-01-26 17:12:36,907 - node - WARNING - packet with out Raw
2024-01-26 17:12:36,908 - node - WARNING - packet with out Raw
2024-01-26 17:12:36,909 - node - WARNING - packet with out Raw
2024-01-26 17:12:36,910 - node - WARNING - packet with out Raw
2024-01-26 17:12:36,911 - node - WARNING - packet with out Raw
2024-01-26 17:12:36,912 - node - WARNING - packet with out Raw
2024-01-26 17:12:36,913 - node - WARNING - packet with out Raw
2024-01-26 17:12:36,914 - node - WARNING - packet with out Raw
2024-01-26 17:12:36,914 - node - WARNING - packet with out Raw
2024-01-26 17:12:36,916 - node - WARNING - packet with out Raw
2024-01-26 17:12:36,917 - node - WARNING - packet with out Raw
2024-01-26 17:12:36,918 - node - WARNING - packet with out Raw
2024-01-26 17:12:36,926 - node - WARNING - packet with out Raw
2024-01-26 17:12:36,927 - node - WARNING - packet with out Raw
2024-01-26 17:12:36,928 - node - WARNING - packet with out Raw
2024-01-26 17:12:36,929 - node - WARNING - packet with out Raw
2024-01-26 17:12:36,930 - node - WARNING - packet with out Raw
2024-01-26 17:12:36,931 - node - WARNING - packet with out Raw
2024-01-26 17:12:36,932 - node - WARNING - packet with out Raw
2024-01-26 17:12:36,933 - node - WARNING - packet with out Raw
2024-01-26 17:12:36,934 - node - WARNING - packet with out Raw
2024-01-26 17:12:36,935 - node - WARNING - packet with out Raw
2024-01-26 17:12:36,940 - node - WARNING - packet with out Raw
2024-01-26 17:12:36,941 - node - WARNING - packet with out Raw
2024-01-26 17:12:36,942 - node - WARNING - packet with out Raw
2024-01-26 17:12:36,948 - node - WARNING - packet with out Raw
2024-01-26 17:12:36,949 - node - WARNING - packet with out Raw
2024-01-26 17:12:36,950 - node - WARNING - packet with out Raw
2024-01-26 17:12:36,951 - node - WARNING - packet with out Raw
2024-01-26 17:12:36,957 - node - WARNING - packet with out Raw
2024-01-26 17:12:36,958 - node - WARNING - packet with out Raw
2024-01-26 17:12:36,959 - node - WARNING - packet with out Raw
2024-01-26 17:12:36,960 - node - WARNING - packet with out Raw
2024-01-26 17:12:36,961 - node - WARNING - packet with out Raw
2024-01-26 17:12:36,962 - node - WARNING - packet with out Raw
2024-01-26 17:12:38,005 - node - ERROR - broadcast failed : 101
2024-01-26 17:12:38,988 - node - WARNING - packet with out Raw
2024-01-26 17:12:38,990 - node - WARNING - packet with out Raw
2024-01-26 17:12:38,993 - node - WARNING - packet with out Raw
2024-01-26 17:12:38,994 - node - WARNING - packet with out Raw
2024-01-26 17:12:38,995 - node - WARNING - packet with out Raw
2024-01-26 17:12:38,997 - node - WARNING - packet with out Raw
2024-01-26 17:12:38,998 - node - WARNING - packet with out Raw
2024-01-26 17:12:38,999 - node - WARNING - packet with out Raw
2024-01-26 17:12:39,002 - node - WARNING - packet with out Raw
2024-01-26 17:12:39,003 - node - WARNING - packet with out Raw
2024-01-26 17:12:39,004 - node - WARNING - packet with out Raw
2024-01-26 17:12:39,005 - node - WARNING - packet with out Raw
2024-01-26 17:12:39,006 - node - WARNING - packet with out Raw
2024-01-26 17:12:39,020 - node - WARNING - packet with out Raw
2024-01-26 17:12:39,021 - node - WARNING - packet with out Raw
2024-01-26 17:12:39,022 - node - WARNING - packet with out Raw
2024-01-26 17:12:39,023 - node - WARNING - packet with out Raw
2024-01-26 17:12:39,028 - node - WARNING - packet with out Raw
2024-01-26 17:12:39,029 - node - WARNING - packet with out Raw
2024-01-26 17:12:39,030 - node - WARNING - packet with out Raw
2024-01-26 17:12:39,042 - node - WARNING - packet with out Raw
2024-01-26 17:12:39,044 - node - WARNING - packet with out Raw
2024-01-26 17:12:39,045 - node - WARNING - packet with out Raw
2024-01-26 17:12:39,046 - node - WARNING - packet with out Raw
2024-01-26 17:12:39,047 - node - WARNING - packet with out Raw
2024-01-26 17:12:39,053 - node - WARNING - packet with out Raw
2024-01-26 17:12:39,054 - node - WARNING - packet with out Raw
2024-01-26 17:12:39,055 - node - WARNING - packet with out Raw
2024-01-26 17:12:39,056 - node - WARNING - packet with out Raw
2024-01-26 17:12:39,057 - node - WARNING - packet with out Raw
2024-01-26 17:12:39,058 - node - WARNING - packet with out Raw
2024-01-26 17:12:39,059 - node - WARNING - packet with out Raw
2024-01-26 17:12:39,577 - node - WARNING - packet with out Raw
2024-01-26 17:12:39,578 - node - WARNING - packet with out Raw
2024-01-26 17:12:39,579 - node - WARNING - packet with out Raw
2024-01-26 17:12:39,580 - node - WARNING - packet with out Raw
2024-01-26 17:12:39,581 - node - WARNING - packet with out Raw
2024-01-26 17:12:39,582 - node - WARNING - packet with out Raw
2024-01-26 17:12:39,583 - node - WARNING - packet with out Raw
2024-01-26 17:12:39,584 - node - WARNING - packet with out Raw
2024-01-26 17:12:39,586 - node - WARNING - packet with out Raw
2024-01-26 17:12:39,587 - node - WARNING - packet with out Raw
2024-01-26 17:12:39,592 - node - WARNING - packet with out Raw
2024-01-26 17:12:39,593 - node - WARNING - packet with out Raw
2024-01-26 17:12:39,594 - node - WARNING - packet with out Raw
2024-01-26 17:12:39,600 - node - WARNING - packet with out Raw
2024-01-26 17:12:39,601 - node - WARNING - packet with out Raw
2024-01-26 17:12:39,602 - node - WARNING - packet with out Raw
2024-01-26 17:12:39,603 - node - WARNING - packet with out Raw
2024-01-26 17:12:39,608 - node - WARNING - packet with out Raw
2024-01-26 17:12:39,609 - node - WARNING - packet with out Raw
2024-01-26 17:12:39,610 - node - WARNING - packet with out Raw
2024-01-26 17:12:39,619 - node - WARNING - packet with out Raw
2024-01-26 17:12:39,620 - node - WARNING - packet with out Raw
2024-01-26 17:12:39,621 - node - WARNING - packet with out Raw
2024-01-26 17:12:39,622 - node - WARNING - packet with out Raw
2024-01-26 17:12:39,623 - node - WARNING - packet with out Raw
2024-01-26 17:12:39,624 - node - WARNING - packet with out Raw
2024-01-26 17:12:39,625 - node - WARNING - packet with out Raw
2024-01-26 17:12:39,626 - node - WARNING - packet with out Raw
2024-01-26 17:12:39,633 - node - WARNING - packet with out Raw
2024-01-26 17:12:39,634 - node - WARNING - packet with out Raw
2024-01-26 17:12:39,635 - node - WARNING - packet with out Raw
2024-01-26 17:12:39,636 - node - WARNING - packet with out Raw
2024-01-26 17:12:40,007 - node - ERROR - broadcast failed : 101
2024-01-26 17:12:40,148 - node - WARNING - packet with out Raw
2024-01-26 17:12:40,149 - node - WARNING - packet with out Raw
2024-01-26 17:12:40,150 - node - WARNING - packet with out Raw
2024-01-26 17:12:40,151 - node - WARNING - packet with out Raw
2024-01-26 17:12:40,152 - node - WARNING - packet with out Raw
2024-01-26 17:12:40,153 - node - WARNING - packet with out Raw
2024-01-26 17:12:40,154 - node - WARNING - packet with out Raw
2024-01-26 17:12:40,155 - node - WARNING - packet with out Raw
2024-01-26 17:12:40,156 - node - WARNING - packet with out Raw
2024-01-26 17:12:40,157 - node - WARNING - packet with out Raw
2024-01-26 17:12:40,158 - node - WARNING - packet with out Raw
2024-01-26 17:12:40,159 - node - WARNING - packet with out Raw
2024-01-26 17:12:40,164 - node - WARNING - packet with out Raw
2024-01-26 17:12:40,165 - node - WARNING - packet with out Raw
2024-01-26 17:12:40,168 - node - WARNING - packet with out Raw
2024-01-26 17:12:40,169 - node - WARNING - packet with out Raw
2024-01-26 17:12:40,170 - node - WARNING - packet with out Raw
2024-01-26 17:12:40,171 - node - WARNING - packet with out Raw
2024-01-26 17:12:40,176 - node - WARNING - packet with out Raw
2024-01-26 17:12:40,177 - node - WARNING - packet with out Raw
2024-01-26 17:12:40,179 - node - WARNING - packet with out Raw
2024-01-26 17:12:40,184 - node - WARNING - packet with out Raw
2024-01-26 17:12:40,195 - node - WARNING - packet with out Raw
2024-01-26 17:12:40,196 - node - WARNING - packet with out Raw
2024-01-26 17:12:40,198 - node - WARNING - packet with out Raw
2024-01-26 17:12:40,199 - node - WARNING - packet with out Raw
2024-01-26 17:12:40,200 - node - WARNING - packet with out Raw
2024-01-26 17:12:40,201 - node - WARNING - packet with out Raw
2024-01-26 17:12:40,202 - node - WARNING - packet with out Raw
2024-01-26 17:12:40,203 - node - WARNING - packet with out Raw
2024-01-26 17:12:40,205 - node - WARNING - packet with out Raw
2024-01-26 17:12:40,206 - node - WARNING - packet with out Raw
2024-01-26 17:12:42,019 - node - ERROR - broadcast failed : 101
2024-01-26 17:12:42,384 - node - WARNING - packet with out Raw
2024-01-26 17:12:42,385 - node - WARNING - packet with out Raw
2024-01-26 17:12:42,386 - node - WARNING - packet with out Raw
2024-01-26 17:12:42,387 - node - WARNING - packet with out Raw
2024-01-26 17:12:42,389 - node - WARNING - packet with out Raw
2024-01-26 17:12:42,391 - node - WARNING - packet with out Raw
2024-01-26 17:12:42,392 - node - WARNING - packet with out Raw
2024-01-26 17:12:42,393 - node - WARNING - packet with out Raw
2024-01-26 17:12:42,394 - node - WARNING - packet with out Raw
2024-01-26 17:12:42,412 - node - WARNING - packet with out Raw
2024-01-26 17:12:42,413 - node - WARNING - packet with out Raw
2024-01-26 17:12:42,414 - node - WARNING - packet with out Raw
2024-01-26 17:12:42,415 - node - WARNING - packet with out Raw
2024-01-26 17:12:42,416 - node - WARNING - packet with out Raw
2024-01-26 17:12:42,417 - node - WARNING - packet with out Raw
2024-01-26 17:12:42,418 - node - WARNING - packet with out Raw
2024-01-26 17:12:42,440 - node - WARNING - packet with out Raw
2024-01-26 17:12:42,441 - node - WARNING - packet with out Raw
2024-01-26 17:12:42,442 - node - WARNING - packet with out Raw
2024-01-26 17:12:42,443 - node - WARNING - packet with out Raw
2024-01-26 17:12:42,443 - node - WARNING - packet with out Raw
2024-01-26 17:12:42,444 - node - WARNING - packet with out Raw
2024-01-26 17:12:42,445 - node - WARNING - packet with out Raw
2024-01-26 17:12:42,446 - node - WARNING - packet with out Raw
2024-01-26 17:12:42,447 - node - WARNING - packet with out Raw
2024-01-26 17:12:42,464 - node - WARNING - packet with out Raw
2024-01-26 17:12:42,465 - node - WARNING - packet with out Raw
2024-01-26 17:12:42,466 - node - WARNING - packet with out Raw
2024-01-26 17:12:42,467 - node - WARNING - packet with out Raw
2024-01-26 17:12:42,468 - node - WARNING - packet with out Raw
2024-01-26 17:12:42,468 - node - WARNING - packet with out Raw
2024-01-26 17:12:42,469 - node - WARNING - packet with out Raw
2024-01-26 17:12:42,471 - node - WARNING - packet with out Raw
2024-01-26 17:12:42,486 - node - WARNING - packet with out Raw
2024-01-26 17:12:42,488 - node - WARNING - packet with out Raw
2024-01-26 17:12:42,489 - node - WARNING - packet with out Raw
2024-01-26 17:12:42,490 - node - WARNING - packet with out Raw
2024-01-26 17:12:42,491 - node - WARNING - packet with out Raw
2024-01-26 17:12:42,504 - node - WARNING - packet with out Raw
2024-01-26 17:12:42,505 - node - WARNING - packet with out Raw
2024-01-26 17:12:42,506 - node - WARNING - packet with out Raw
2024-01-26 17:12:42,523 - node - WARNING - packet with out Raw
2024-01-26 17:12:42,524 - node - WARNING - packet with out Raw
2024-01-26 17:12:42,525 - node - WARNING - packet with out Raw
2024-01-26 17:12:42,526 - node - WARNING - packet with out Raw
2024-01-26 17:12:42,552 - node - WARNING - packet with out Raw
2024-01-26 17:12:42,553 - node - WARNING - packet with out Raw
2024-01-26 17:12:42,554 - node - WARNING - packet with out Raw
2024-01-26 17:12:44,026 - node - INFO - broadcastb'\x00\x14\x00\t\x01\x02\x00\x04\x7f\x00\x00\x01\x02\x00\x00\x04\x00\x00\x05\x03'
2024-01-26 17:12:46,029 - node - INFO - broadcastb'\x00\x14\x00\x0b\x01\x02\x00\x04\x7f\x00\x00\x01\x02\x00\x00\x05\x00\x00\x05\x03'
2024-01-26 17:12:47,808 - node - WARNING - packet with out Raw
2024-01-26 17:12:47,809 - node - WARNING - packet with out Raw
2024-01-26 17:12:47,810 - node - WARNING - packet with out Raw
2024-01-26 17:12:47,811 - node - WARNING - packet with out Raw
2024-01-26 17:12:47,825 - node - WARNING - packet with out Raw
2024-01-26 17:12:47,827 - node - WARNING - packet with out Raw
2024-01-26 17:12:47,828 - node - WARNING - packet with out Raw
2024-01-26 17:12:47,829 - node - WARNING - packet with out Raw
2024-01-26 17:12:48,031 - node - INFO - broadcastb'\x00\x14\x00\r\x01\x02\x00\x04\x7f\x00\x00\x01\x02\x00\x00\x06\x00\x00\x05\x03'
2024-01-26 17:12:50,034 - node - INFO - broadcastb'\x00\x14\x00\x0f\x01\x02\x00\x04\x7f\x00\x00\x01\x02\x00\x00\x07\x00\x00\x05\x03'
2024-01-26 17:12:50,050 - node - WARNING - packet with out Raw
2024-01-26 17:12:50,051 - node - WARNING - packet with out Raw
2024-01-26 17:12:50,134 - node - WARNING - packet with out Raw
2024-01-26 17:12:50,136 - node - WARNING - packet with out Raw
2024-01-26 17:12:50,137 - node - WARNING - packet with out Raw
2024-01-26 17:12:50,138 - node - WARNING - packet with out Raw
2024-01-26 17:12:50,140 - node - WARNING - packet with out Raw
2024-01-26 17:12:50,142 - node - WARNING - packet with out Raw
2024-01-26 17:12:52,036 - node - INFO - broadcastb'\x00\x14\x00\x11\x01\x02\x00\x04\x7f\x00\x00\x01\x02\x00\x00\x08\x00\x00\x05\x03'
2024-01-26 17:12:52,812 - node - WARNING - packet with out Raw
2024-01-26 17:12:52,814 - node - WARNING - packet with out Raw
2024-01-26 17:12:52,814 - node - WARNING - packet with out Raw
2024-01-26 17:12:52,816 - node - WARNING - packet with out Raw
2024-01-26 17:12:52,832 - node - WARNING - packet with out Raw
2024-01-26 17:12:52,833 - node - WARNING - packet with out Raw
2024-01-26 17:12:52,834 - node - WARNING - packet with out Raw
2024-01-26 17:12:52,836 - node - WARNING - packet with out Raw
2024-01-26 17:12:52,847 - node - WARNING - packet with out Raw
2024-01-26 17:12:52,849 - node - WARNING - packet with out Raw
2024-01-26 17:12:52,851 - node - WARNING - packet with out Raw
2024-01-26 17:12:52,853 - node - WARNING - packet with out Raw
2024-01-26 17:12:52,896 - node - WARNING - packet with out Raw
2024-01-26 17:12:52,899 - node - WARNING - packet with out Raw
2024-01-26 17:12:52,902 - node - WARNING - packet with out Raw
2024-01-26 17:12:52,903 - node - WARNING - packet with out Raw
2024-01-26 17:12:54,039 - node - INFO - broadcastb'\x00\x14\x00\x13\x01\x02\x00\x04\x7f\x00\x00\x01\x02\x00\x00\t\x00\x00\x05\x03'
2024-01-26 17:12:55,401 - node - INFO - keyboard interrupt
