2024-01-25 02:33:30,276 - node - INFO - Sender init complete. addr : 127.0.0.1
2024-01-25 02:33:35,361 - node - INFO - Sender init complete. addr : 127.0.0.1
2024-01-25 02:33:35,386 - node - INFO - init complete
2024-01-25 02:33:35,389 - node - INFO - broadcastb'\x00\x00\x00\x00\x01\x05\x00\x04\x7f\x00\x00\x01\x01\x00\x00\x00\x00\x00\x05\x03'
2024-01-25 02:33:37,392 - node - INFO - broadcastb'\x00\x00\x00\x01\x01\x05\x00\x04\x7f\x00\x00\x01\x01\x00\x00\x00\x00\x00\x05\x03'
2024-01-25 02:33:39,394 - node - INFO - broadcastb'\x00\x00\x00\x02\x01\x05\x00\x04\x7f\x00\x00\x01\x01\x00\x00\x00\x00\x00\x05\x03'
2024-01-25 02:33:39,641 - node - WARNING - packet with out Raw
2024-01-25 02:33:39,642 - node - WARNING - packet with out Raw
2024-01-25 02:33:39,643 - node - WARNING - packet with out Raw
2024-01-25 02:33:39,644 - node - WARNING - packet with out Raw
2024-01-25 02:33:39,648 - node - WARNING - packet with out Raw
2024-01-25 02:33:39,649 - node - WARNING - packet with out Raw
2024-01-25 02:33:39,681 - node - WARNING - packet with out Raw
2024-01-25 02:33:39,688 - node - WARNING - packet with out Raw
2024-01-25 02:33:39,691 - node - WARNING - packet with out Raw
2024-01-25 02:33:39,693 - node - WARNING - packet with out Raw
2024-01-25 02:33:41,396 - node - INFO - broadcastb'\x00\x00\x00\x03\x01\x05\x00\x04\x7f\x00\x00\x01\x01\x00\x00\x00\x00\x00\x05\x03'
2024-01-25 02:33:43,400 - node - INFO - broadcastb'\x00\x00\x00\x04\x01\x05\x00\x04\x7f\x00\x00\x01\x01\x00\x00\x00\x00\x00\x05\x03'
2024-01-25 02:33:45,402 - node - INFO - broadcastb'\x00\x00\x00\x05\x01\x05\x00\x04\x7f\x00\x00\x01\x01\x00\x00\x00\x00\x00\x05\x03'
2024-01-25 02:33:47,405 - node - INFO - broadcastb'\x00\x00\x00\x06\x01\x05\x00\x04\x7f\x00\x00\x01\x01\x00\x00\x00\x00\x00\x05\x03'
2024-01-25 02:33:49,410 - node - INFO - broadcastb'\x00\x00\x00\x07\x01\x05\x00\x04\x7f\x00\x00\x01\x01\x00\x00\x00\x00\x00\x05\x03'
2024-01-25 02:33:51,413 - node - INFO - broadcastb'\x00\x00\x00\x08\x01\x05\x00\x04\x7f\x00\x00\x01\x01\x00\x00\x00\x00\x00\x05\x03'
2024-01-25 02:33:53,416 - node - INFO - broadcastb'\x00\x00\x00\t\x01\x05\x00\x04\x7f\x00\x00\x01\x01\x00\x00\x00\x00\x00\x05\x03'
2024-01-25 02:33:55,419 - node - INFO - broadcastb'\x00\x00\x00\n\x01\x05\x00\x04\x7f\x00\x00\x01\x01\x00\x00\x00\x00\x00\x05\x03'
2024-01-25 02:33:57,422 - node - INFO - broadcastb'\x00\x00\x00\x0b\x01\x05\x00\x04\x7f\x00\x00\x01\x01\x00\x00\x00\x00\x00\x05\x03'
2024-01-25 02:33:59,436 - node - INFO - broadcastb'\x00\x00\x00\x0c\x01\x05\x00\x04\x7f\x00\x00\x01\x01\x00\x00\x00\x00\x00\x05\x03'
2024-01-25 02:34:01,440 - node - INFO - broadcastb'\x00\x00\x00\r\x01\x05\x00\x04\x7f\x00\x00\x01\x01\x00\x00\x00\x00\x00\x05\x03'
2024-01-25 02:34:03,445 - node - INFO - broadcastb'\x00\x00\x00\x0e\x01\x05\x00\x04\x7f\x00\x00\x01\x01\x00\x00\x00\x00\x00\x05\x03'
2024-01-25 02:34:04,212 - node - INFO - keyboard interrupt
