2024-01-24 19:14:50,982 - node - INFO - Sender init complete. addr : 127.0.0.1
2024-01-24 19:14:50,985 - node - INFO - Sender init complete. addr : 127.0.0.1
2024-01-24 19:14:50,997 - node - INFO - init complete
2024-01-24 19:14:51,000 - node - ERROR - broadcast failed : 101
2024-01-24 19:14:52,253 - node - WARNING - packet with out Raw
2024-01-24 19:14:52,255 - node - WARNING - packet with out Raw
2024-01-24 19:14:52,256 - node - WARNING - packet with out Raw
2024-01-24 19:14:52,256 - node - WARNING - packet with out Raw
2024-01-24 19:14:52,257 - node - WARNING - packet with out Raw
2024-01-24 19:14:52,258 - node - WARNING - packet with out Raw
2024-01-24 19:14:52,259 - node - WARNING - packet with out Raw
2024-01-24 19:14:52,260 - node - WARNING - packet with out Raw
2024-01-24 19:14:52,261 - node - WARNING - packet with out Raw
2024-01-24 19:14:52,261 - node - WARNING - packet with out Raw
2024-01-24 19:14:52,262 - node - WARNING - packet with out Raw
2024-01-24 19:14:52,263 - node - WARNING - packet with out Raw
2024-01-24 19:14:52,264 - node - WARNING - packet with out Raw
2024-01-24 19:14:52,265 - node - WARNING - packet with out Raw
2024-01-24 19:14:52,265 - node - WARNING - packet with out Raw
2024-01-24 19:14:52,266 - node - WARNING - packet with out Raw
2024-01-24 19:14:52,267 - node - WARNING - packet with out Raw
2024-01-24 19:14:52,268 - node - WARNING - packet with out Raw
2024-01-24 19:14:52,269 - node - WARNING - packet with out Raw
2024-01-24 19:14:52,270 - node - WARNING - packet with out Raw
2024-01-24 19:14:52,271 - node - WARNING - packet with out Raw
2024-01-24 19:14:52,272 - node - WARNING - packet with out Raw
2024-01-24 19:14:52,273 - node - WARNING - packet with out Raw
2024-01-24 19:14:52,274 - node - WARNING - packet with out Raw
2024-01-24 19:14:52,275 - node - WARNING - packet with out Raw
2024-01-24 19:14:52,276 - node - WARNING - packet with out Raw
2024-01-24 19:14:52,277 - node - WARNING - packet with out Raw
2024-01-24 19:14:52,278 - node - WARNING - packet with out Raw
2024-01-24 19:14:52,280 - node - WARNING - packet with out Raw
2024-01-24 19:14:52,281 - node - WARNING - packet with out Raw
2024-01-24 19:14:52,282 - node - WARNING - packet with out Raw
2024-01-24 19:14:52,283 - node - WARNING - packet with out Raw
2024-01-24 19:14:52,283 - node - WARNING - packet with out Raw
2024-01-24 19:14:52,284 - node - WARNING - packet with out Raw
2024-01-24 19:14:52,285 - node - WARNING - packet with out Raw
2024-01-24 19:14:52,286 - node - WARNING - packet with out Raw
2024-01-24 19:14:52,287 - node - WARNING - packet with out Raw
2024-01-24 19:14:52,287 - node - WARNING - packet with out Raw
2024-01-24 19:14:52,288 - node - WARNING - packet with out Raw
2024-01-24 19:14:52,289 - node - WARNING - packet with out Raw
2024-01-24 19:14:52,290 - node - WARNING - packet with out Raw
2024-01-24 19:14:52,291 - node - WARNING - packet with out Raw
2024-01-24 19:14:52,291 - node - WARNING - packet with out Raw
2024-01-24 19:14:52,292 - node - WARNING - packet with out Raw
2024-01-24 19:14:52,293 - node - WARNING - packet with out Raw
2024-01-24 19:14:52,294 - node - WARNING - packet with out Raw
2024-01-24 19:14:52,295 - node - WARNING - packet with out Raw
2024-01-24 19:14:52,295 - node - WARNING - packet with out Raw
2024-01-24 19:14:52,296 - node - WARNING - packet with out Raw
2024-01-24 19:14:52,297 - node - WARNING - packet with out Raw
2024-01-24 19:14:52,298 - node - WARNING - packet with out Raw
2024-01-24 19:14:52,299 - node - WARNING - packet with out Raw
2024-01-24 19:14:52,300 - node - WARNING - packet with out Raw
2024-01-24 19:14:52,301 - node - WARNING - packet with out Raw
2024-01-24 19:14:52,302 - node - WARNING - packet with out Raw
2024-01-24 19:14:52,303 - node - WARNING - packet with out Raw
2024-01-24 19:14:52,304 - node - WARNING - packet with out Raw
2024-01-24 19:14:52,305 - node - WARNING - packet with out Raw
2024-01-24 19:14:52,306 - node - WARNING - packet with out Raw
2024-01-24 19:14:52,307 - node - WARNING - packet with out Raw
2024-01-24 19:14:52,308 - node - WARNING - packet with out Raw
2024-01-24 19:14:52,309 - node - WARNING - packet with out Raw
2024-01-24 19:14:52,310 - node - WARNING - packet with out Raw
2024-01-24 19:14:52,311 - node - WARNING - packet with out Raw
2024-01-24 19:14:53,003 - node - ERROR - broadcast failed : 101
2024-01-24 19:14:55,006 - node - ERROR - broadcast failed : 101
2024-01-24 19:14:55,763 - node - WARNING - packet with out Raw
2024-01-24 19:14:55,764 - node - WARNING - packet with out Raw
2024-01-24 19:14:55,765 - node - WARNING - packet with out Raw
2024-01-24 19:14:55,766 - node - WARNING - packet with out Raw
2024-01-24 19:14:55,767 - node - WARNING - packet with out Raw
2024-01-24 19:14:55,768 - node - WARNING - packet with out Raw
2024-01-24 19:14:55,769 - node - WARNING - packet with out Raw
2024-01-24 19:14:55,770 - node - WARNING - packet with out Raw
2024-01-24 19:14:55,771 - node - WARNING - packet with out Raw
2024-01-24 19:14:55,771 - node - WARNING - packet with out Raw
2024-01-24 19:14:55,772 - node - WARNING - packet with out Raw
2024-01-24 19:14:55,773 - node - WARNING - packet with out Raw
2024-01-24 19:14:55,774 - node - WARNING - packet with out Raw
2024-01-24 19:14:55,775 - node - WARNING - packet with out Raw
2024-01-24 19:14:55,776 - node - WARNING - packet with out Raw
2024-01-24 19:14:55,777 - node - WARNING - packet with out Raw
2024-01-24 19:14:55,778 - node - WARNING - packet with out Raw
2024-01-24 19:14:55,778 - node - WARNING - packet with out Raw
2024-01-24 19:14:55,779 - node - WARNING - packet with out Raw
2024-01-24 19:14:55,780 - node - WARNING - packet with out Raw
2024-01-24 19:14:55,781 - node - WARNING - packet with out Raw
2024-01-24 19:14:55,782 - node - WARNING - packet with out Raw
2024-01-24 19:14:55,784 - node - WARNING - packet with out Raw
2024-01-24 19:14:55,785 - node - WARNING - packet with out Raw
2024-01-24 19:14:55,786 - node - WARNING - packet with out Raw
2024-01-24 19:14:55,787 - node - WARNING - packet with out Raw
2024-01-24 19:14:55,788 - node - WARNING - packet with out Raw
2024-01-24 19:14:55,789 - node - WARNING - packet with out Raw
2024-01-24 19:14:55,790 - node - WARNING - packet with out Raw
2024-01-24 19:14:55,791 - node - WARNING - packet with out Raw
2024-01-24 19:14:55,792 - node - WARNING - packet with out Raw
2024-01-24 19:14:55,793 - node - WARNING - packet with out Raw
2024-01-24 19:14:55,795 - node - WARNING - packet with out Raw
2024-01-24 19:14:55,796 - node - WARNING - packet with out Raw
2024-01-24 19:14:55,797 - node - WARNING - packet with out Raw
2024-01-24 19:14:55,798 - node - WARNING - packet with out Raw
2024-01-24 19:14:55,799 - node - WARNING - packet with out Raw
2024-01-24 19:14:55,800 - node - WARNING - packet with out Raw
2024-01-24 19:14:55,800 - node - WARNING - packet with out Raw
2024-01-24 19:14:55,801 - node - WARNING - packet with out Raw
2024-01-24 19:14:55,802 - node - WARNING - packet with out Raw
2024-01-24 19:14:55,803 - node - WARNING - packet with out Raw
2024-01-24 19:14:55,804 - node - WARNING - packet with out Raw
2024-01-24 19:14:55,804 - node - WARNING - packet with out Raw
2024-01-24 19:14:55,805 - node - WARNING - packet with out Raw
2024-01-24 19:14:55,806 - node - WARNING - packet with out Raw
2024-01-24 19:14:55,807 - node - WARNING - packet with out Raw
2024-01-24 19:14:55,807 - node - WARNING - packet with out Raw
2024-01-24 19:14:55,808 - node - WARNING - packet with out Raw
2024-01-24 19:14:55,809 - node - WARNING - packet with out Raw
2024-01-24 19:14:55,810 - node - WARNING - packet with out Raw
2024-01-24 19:14:55,811 - node - WARNING - packet with out Raw
2024-01-24 19:14:55,812 - node - WARNING - packet with out Raw
2024-01-24 19:14:55,813 - node - WARNING - packet with out Raw
2024-01-24 19:14:55,814 - node - WARNING - packet with out Raw
2024-01-24 19:14:55,815 - node - WARNING - packet with out Raw
2024-01-24 19:14:55,816 - node - WARNING - packet with out Raw
2024-01-24 19:14:55,817 - node - WARNING - packet with out Raw
2024-01-24 19:14:55,818 - node - WARNING - packet with out Raw
2024-01-24 19:14:55,819 - node - WARNING - packet with out Raw
2024-01-24 19:14:55,820 - node - WARNING - packet with out Raw
2024-01-24 19:14:55,821 - node - WARNING - packet with out Raw
2024-01-24 19:14:55,822 - node - WARNING - packet with out Raw
2024-01-24 19:14:55,823 - node - WARNING - packet with out Raw
2024-01-24 19:14:56,234 - node - WARNING - packet with out Raw
2024-01-24 19:14:56,235 - node - WARNING - packet with out Raw
2024-01-24 19:14:56,236 - node - WARNING - packet with out Raw
2024-01-24 19:14:56,238 - node - WARNING - packet with out Raw
2024-01-24 19:14:56,239 - node - WARNING - packet with out Raw
2024-01-24 19:14:56,240 - node - WARNING - packet with out Raw
2024-01-24 19:14:56,241 - node - WARNING - packet with out Raw
2024-01-24 19:14:56,242 - node - WARNING - packet with out Raw
2024-01-24 19:14:56,244 - node - WARNING - packet with out Raw
2024-01-24 19:14:56,245 - node - WARNING - packet with out Raw
2024-01-24 19:14:56,246 - node - WARNING - packet with out Raw
2024-01-24 19:14:56,247 - node - WARNING - packet with out Raw
2024-01-24 19:14:56,248 - node - WARNING - packet with out Raw
2024-01-24 19:14:56,249 - node - WARNING - packet with out Raw
2024-01-24 19:14:56,250 - node - WARNING - packet with out Raw
2024-01-24 19:14:56,251 - node - WARNING - packet with out Raw
2024-01-24 19:14:56,252 - node - WARNING - packet with out Raw
2024-01-24 19:14:56,253 - node - WARNING - packet with out Raw
2024-01-24 19:14:56,254 - node - WARNING - packet with out Raw
2024-01-24 19:14:56,255 - node - WARNING - packet with out Raw
2024-01-24 19:14:56,256 - node - WARNING - packet with out Raw
2024-01-24 19:14:56,257 - node - WARNING - packet with out Raw
2024-01-24 19:14:56,258 - node - WARNING - packet with out Raw
2024-01-24 19:14:56,259 - node - WARNING - packet with out Raw
2024-01-24 19:14:56,260 - node - WARNING - packet with out Raw
2024-01-24 19:14:56,261 - node - WARNING - packet with out Raw
2024-01-24 19:14:56,262 - node - WARNING - packet with out Raw
2024-01-24 19:14:56,263 - node - WARNING - packet with out Raw
2024-01-24 19:14:56,264 - node - WARNING - packet with out Raw
2024-01-24 19:14:56,265 - node - WARNING - packet with out Raw
2024-01-24 19:14:56,266 - node - WARNING - packet with out Raw
2024-01-24 19:14:56,267 - node - WARNING - packet with out Raw
2024-01-24 19:14:57,008 - node - ERROR - broadcast failed : 101
2024-01-24 19:14:58,810 - node - INFO - keyboard interrupt
